<?xml version="1.0" encoding="UTF-8"?>
<testsuite xmlns:xsi="http://www.w3.org/2001/XMLSchema-instance" xsi:noNamespaceSchemaLocation="https://maven.apache.org/surefire/maven-surefire-plugin/xsd/surefire-test-report.xsd" name="TestSuite" time="52.667" tests="26" errors="0" skipped="0" failures="11">
  <properties>
    <property name="sun.desktop" value="windows"/>
    <property name="awt.toolkit" value="sun.awt.windows.WToolkit"/>
    <property name="file.encoding.pkg" value="sun.io"/>
    <property name="java.specification.version" value="1.8"/>
    <property name="sun.cpu.isalist" value="amd64"/>
    <property name="sun.jnu.encoding" value="GBK"/>
    <property name="java.class.path" value="D:\appach\maven\apache-maven-3.6.3\bin\..\boot\plexus-classworlds-2.6.0.jar"/>
    <property name="java.vm.vendor" value="Oracle Corporation"/>
    <property name="sun.arch.data.model" value="64"/>
    <property name="user.variant" value=""/>
    <property name="java.vendor.url" value="http://java.oracle.com/"/>
    <property name="user.timezone" value="Asia/Shanghai"/>
    <property name="maven.conf" value="D:\appach\maven\apache-maven-3.6.3\bin\../conf"/>
    <property name="os.name" value="Windows 10"/>
    <property name="java.vm.specification.version" value="1.8"/>
    <property name="user.country" value="CN"/>
    <property name="sun.java.launcher" value="SUN_STANDARD"/>
    <property name="sun.boot.library.path" value="D:\appach\java\java1.8\jre\bin"/>
    <property name="sun.java.command" value="org.codehaus.plexus.classworlds.launcher.Launcher test"/>
    <property name="maven.home" value="D:\appach\maven\apache-maven-3.6.3\bin\.."/>
    <property name="surefire.test.class.path" value="D:\IdeaProject\interfaceRestAssured\target\test-classes;D:\IdeaProject\interfaceRestAssured\target\classes;D:\appach\m2\repository\junit\junit\4.12\junit-4.12.jar;D:\appach\m2\repository\org\junit\jupiter\junit-jupiter\5.6.2\junit-jupiter-5.6.2.jar;D:\appach\m2\repository\org\junit\jupiter\junit-jupiter-engine\5.6.2\junit-jupiter-engine-5.6.2.jar;D:\appach\m2\repository\org\junit\platform\junit-platform-engine\1.6.2\junit-platform-engine-1.6.2.jar;D:\appach\m2\repository\org\junit\jupiter\junit-jupiter-api\5.6.2\junit-jupiter-api-5.6.2.jar;D:\appach\m2\repository\org\apiguardian\apiguardian-api\1.1.0\apiguardian-api-1.1.0.jar;D:\appach\m2\repository\org\opentest4j\opentest4j\1.2.0\opentest4j-1.2.0.jar;D:\appach\m2\repository\org\junit\platform\junit-platform-commons\1.6.2\junit-platform-commons-1.6.2.jar;D:\appach\m2\repository\org\junit\jupiter\junit-jupiter-params\5.6.2\junit-jupiter-params-5.6.2.jar;D:\appach\m2\repository\org\testng\testng\6.10\testng-6.10.jar;D:\appach\m2\repository\com\beust\jcommander\1.48\jcommander-1.48.jar;D:\appach\m2\repository\org\hamcrest\hamcrest-core\2.1\hamcrest-core-2.1.jar;D:\appach\m2\repository\org\hamcrest\hamcrest\2.1\hamcrest-2.1.jar;D:\appach\m2\repository\org\hamcrest\hamcrest-library\1.3\hamcrest-library-1.3.jar;D:\appach\m2\repository\com\fasterxml\jackson\dataformat\jackson-dataformat-yaml\2.9.2\jackson-dataformat-yaml-2.9.2.jar;D:\appach\m2\repository\org\yaml\snakeyaml\1.18\snakeyaml-1.18.jar;D:\appach\m2\repository\com\fasterxml\jackson\dataformat\jackson-dataformat-xml\2.9.8\jackson-dataformat-xml-2.9.8.jar;D:\appach\m2\repository\com\fasterxml\jackson\core\jackson-annotations\2.9.0\jackson-annotations-2.9.0.jar;D:\appach\m2\repository\com\fasterxml\jackson\module\jackson-module-jaxb-annotations\2.9.8\jackson-module-jaxb-annotations-2.9.8.jar;D:\appach\m2\repository\org\codehaus\woodstox\stax2-api\3.1.4\stax2-api-3.1.4.jar;D:\appach\m2\repository\com\fasterxml\woodstox\woodstox-core\5.0.3\woodstox-core-5.0.3.jar;D:\appach\m2\repository\com\fasterxml\jackson\core\jackson-core\2.11.2\jackson-core-2.11.2.jar;D:\appach\m2\repository\com\fasterxml\jackson\core\jackson-databind\2.11.2\jackson-databind-2.11.2.jar;D:\appach\m2\repository\com\alibaba\fastjson\1.2.32\fastjson-1.2.32.jar;D:\appach\m2\repository\com\google\code\gson\gson\2.8.0\gson-2.8.0.jar;D:\appach\m2\repository\io\rest-assured\rest-assured\3.3.0\rest-assured-3.3.0.jar;D:\appach\m2\repository\org\codehaus\groovy\groovy\2.4.15\groovy-2.4.15.jar;D:\appach\m2\repository\org\codehaus\groovy\groovy-xml\2.4.15\groovy-xml-2.4.15.jar;D:\appach\m2\repository\org\ccil\cowan\tagsoup\tagsoup\1.2.1\tagsoup-1.2.1.jar;D:\appach\m2\repository\io\rest-assured\xml-path\3.3.0\xml-path-3.3.0.jar;D:\appach\m2\repository\org\apache\commons\commons-lang3\3.4\commons-lang3-3.4.jar;D:\appach\m2\repository\javax\xml\bind\jaxb-api\2.2.12\jaxb-api-2.2.12.jar;D:\appach\m2\repository\com\sun\xml\bind\jaxb-osgi\2.2.10\jaxb-osgi-2.2.10.jar;D:\appach\m2\repository\org\apache\sling\org.apache.sling.javax.activation\0.1.0\org.apache.sling.javax.activation-0.1.0.jar;D:\appach\m2\repository\javax\activation\activation\1.1.1\activation-1.1.1.jar;D:\appach\m2\repository\io\rest-assured\json-path\3.2.0\json-path-3.2.0.jar;D:\appach\m2\repository\org\codehaus\groovy\groovy-json\2.4.15\groovy-json-2.4.15.jar;D:\appach\m2\repository\io\rest-assured\rest-assured-common\3.2.0\rest-assured-common-3.2.0.jar;D:\appach\m2\repository\com\jayway\jsonpath\json-path\2.4.0\json-path-2.4.0.jar;D:\appach\m2\repository\net\minidev\json-smart\2.3\json-smart-2.3.jar;D:\appach\m2\repository\net\minidev\accessors-smart\1.2\accessors-smart-1.2.jar;D:\appach\m2\repository\org\ow2\asm\asm\5.0.4\asm-5.0.4.jar;D:\appach\m2\repository\org\slf4j\slf4j-api\1.7.25\slf4j-api-1.7.25.jar;D:\appach\m2\repository\io\rest-assured\json-schema-validator\4.3.0\json-schema-validator-4.3.0.jar;D:\appach\m2\repository\com\github\java-json-tools\json-schema-validator\2.2.10\json-schema-validator-2.2.10.jar;D:\appach\m2\repository\com\github\java-json-tools\json-schema-core\1.2.10\json-schema-core-1.2.10.jar;D:\appach\m2\repository\com\github\java-json-tools\jackson-coreutils\1.9\jackson-coreutils-1.9.jar;D:\appach\m2\repository\com\github\fge\msg-simple\1.1\msg-simple-1.1.jar;D:\appach\m2\repository\com\github\fge\btf\1.2\btf-1.2.jar;D:\appach\m2\repository\com\github\fge\uri-template\0.9\uri-template-0.9.jar;D:\appach\m2\repository\org\mozilla\rhino\1.7.7.1\rhino-1.7.7.1.jar;D:\appach\m2\repository\javax\mail\mailapi\1.4.3\mailapi-1.4.3.jar;D:\appach\m2\repository\joda-time\joda-time\2.9.7\joda-time-2.9.7.jar;D:\appach\m2\repository\com\googlecode\libphonenumber\libphonenumber\8.0.0\libphonenumber-8.0.0.jar;D:\appach\m2\repository\com\google\code\findbugs\jsr305\3.0.1\jsr305-3.0.1.jar;D:\appach\m2\repository\net\sf\jopt-simple\jopt-simple\5.0.3\jopt-simple-5.0.3.jar;D:\appach\m2\repository\org\json\json\20170516\json-20170516.jar;D:\appach\m2\repository\org\mybatis\mybatis\3.4.4\mybatis-3.4.4.jar;D:\appach\m2\repository\mysql\mysql-connector-java\6.0.5\mysql-connector-java-6.0.5.jar;D:\appach\m2\repository\log4j\log4j\1.2.17\log4j-1.2.17.jar;D:\appach\m2\repository\org\slf4j\slf4j-log4j12\1.7.2\slf4j-log4j12-1.7.2.jar;D:\appach\m2\repository\commons-httpclient\commons-httpclient\3.1\commons-httpclient-3.1.jar;D:\appach\m2\repository\commons-logging\commons-logging\1.0.4\commons-logging-1.0.4.jar;D:\appach\m2\repository\commons-codec\commons-codec\1.2\commons-codec-1.2.jar;D:\appach\m2\repository\org\apache\httpcomponents\httpclient\4.3.6\httpclient-4.3.6.jar;D:\appach\m2\repository\org\apache\httpcomponents\httpmime\4.3.6\httpmime-4.3.6.jar;D:\appach\m2\repository\org\apache\httpcomponents\httpcore\4.3.3\httpcore-4.3.3.jar;D:\appach\m2\repository\com\github\dreamhead\moco-runner\0.11.0\moco-runner-0.11.0.jar;D:\appach\m2\repository\io\netty\netty-codec-http\4.0.36.Final\netty-codec-http-4.0.36.Final.jar;D:\appach\m2\repository\io\netty\netty-codec\4.0.36.Final\netty-codec-4.0.36.Final.jar;D:\appach\m2\repository\io\netty\netty-transport\4.0.36.Final\netty-transport-4.0.36.Final.jar;D:\appach\m2\repository\io\netty\netty-handler\4.0.36.Final\netty-handler-4.0.36.Final.jar;D:\appach\m2\repository\io\netty\netty-buffer\4.0.36.Final\netty-buffer-4.0.36.Final.jar;D:\appach\m2\repository\io\netty\netty-common\4.0.36.Final\netty-common-4.0.36.Final.jar;D:\appach\m2\repository\commons-io\commons-io\2.4\commons-io-2.4.jar;D:\appach\m2\repository\org\freemarker\freemarker\2.3.23\freemarker-2.3.23.jar;D:\appach\m2\repository\com\google\guava\guava\19.0\guava-19.0.jar;D:\appach\m2\repository\com\github\dreamhead\moco-core\0.11.0\moco-core-0.11.0.jar;D:\appach\m2\repository\ch\qos\logback\logback-classic\1.1.7\logback-classic-1.1.7.jar;D:\appach\m2\repository\ch\qos\logback\logback-core\1.1.7\logback-core-1.1.7.jar;D:\appach\m2\repository\commons-cli\commons-cli\1.3.1\commons-cli-1.3.1.jar;D:\appach\m2\repository\org\apache\poi\poi\4.1.1\poi-4.1.1.jar;D:\appach\m2\repository\org\apache\commons\commons-collections4\4.4\commons-collections4-4.4.jar;D:\appach\m2\repository\org\apache\commons\commons-math3\3.6.1\commons-math3-3.6.1.jar;D:\appach\m2\repository\org\apache\poi\poi-ooxml\4.1.1\poi-ooxml-4.1.1.jar;D:\appach\m2\repository\org\apache\poi\poi-ooxml-schemas\4.1.1\poi-ooxml-schemas-4.1.1.jar;D:\appach\m2\repository\org\apache\xmlbeans\xmlbeans\3.1.0\xmlbeans-3.1.0.jar;D:\appach\m2\repository\org\apache\commons\commons-compress\1.19\commons-compress-1.19.jar;D:\appach\m2\repository\com\github\virtuald\curvesapi\1.06\curvesapi-1.06.jar;D:\appach\m2\repository\com\relevantcodes\extentreports\2.41.1\extentreports-2.41.1.jar;D:\appach\m2\repository\org\jsoup\jsoup\1.8.3\jsoup-1.8.3.jar;D:\appach\m2\repository\org\xerial\sqlite-jdbc\3.8.11.1\sqlite-jdbc-3.8.11.1.jar;D:\appach\m2\repository\org\mongodb\mongodb-driver\3.0.4\mongodb-driver-3.0.4.jar;D:\appach\m2\repository\org\mongodb\bson\3.0.4\bson-3.0.4.jar;D:\appach\m2\repository\org\mongodb\mongodb-driver-core\3.0.4\mongodb-driver-core-3.0.4.jar;D:\appach\m2\repository\com\vimalselvam\testng-extentsreport\1.3.1\testng-extentsreport-1.3.1.jar;D:\appach\m2\repository\com\aventstack\extentreports\3.1.5\extentreports-3.1.5.jar;D:\appach\m2\repository\io\qameta\allure\allure-testng\2.13.5\allure-testng-2.13.5.jar;D:\appach\m2\repository\io\qameta\allure\allure-java-commons\2.13.5\allure-java-commons-2.13.5.jar;D:\appach\m2\repository\io\qameta\allure\allure-model\2.13.5\allure-model-2.13.5.jar;D:\appach\m2\repository\org\apache\tika\tika-core\1.20\tika-core-1.20.jar;D:\appach\m2\repository\org\jooq\joor-java-8\0.9.10\joor-java-8-0.9.10.jar;D:\appach\m2\repository\com\github\spullara\mustache\java\compiler\0.9.6\compiler-0.9.6.jar;D:\appach\m2\repository\de\sstoehr\har-reader\2.1.10\har-reader-2.1.10.jar;"/>
    <property name="sun.cpu.endian" value="little"/>
    <property name="user.home" value="C:\Users\Administrator"/>
    <property name="user.language" value="zh"/>
    <property name="sun.stderr.encoding" value="ms936"/>
    <property name="java.specification.vendor" value="Oracle Corporation"/>
    <property name="java.home" value="D:\appach\java\java1.8\jre"/>
    <property name="basedir" value="D:\IdeaProject\interfaceRestAssured"/>
    <property name="file.separator" value="\"/>
    <property name="line.separator" value="&#10;"/>
    <property name="sun.stdout.encoding" value="ms936"/>
    <property name="java.vm.specification.vendor" value="Oracle Corporation"/>
    <property name="java.specification.name" value="Java Platform API Specification"/>
    <property name="java.awt.graphicsenv" value="sun.awt.Win32GraphicsEnvironment"/>
    <property name="sun.boot.class.path" value="D:\appach\java\java1.8\jre\lib\resources.jar;D:\appach\java\java1.8\jre\lib\rt.jar;D:\appach\java\java1.8\jre\lib\sunrsasign.jar;D:\appach\java\java1.8\jre\lib\jsse.jar;D:\appach\java\java1.8\jre\lib\jce.jar;D:\appach\java\java1.8\jre\lib\charsets.jar;D:\appach\java\java1.8\jre\lib\jfr.jar;D:\appach\java\java1.8\jre\classes"/>
    <property name="user.script" value=""/>
    <property name="sun.management.compiler" value="HotSpot 64-Bit Tiered Compilers"/>
    <property name="java.runtime.version" value="1.8.0_131-b11"/>
    <property name="user.name" value="Administrator"/>
    <property name="path.separator" value=";"/>
    <property name="os.version" value="10.0"/>
    <property name="java.endorsed.dirs" value="D:\appach\java\java1.8\jre\lib\endorsed"/>
    <property name="java.runtime.name" value="Java(TM) SE Runtime Environment"/>
    <property name="file.encoding" value="GBK"/>
    <property name="guice.disable.misplaced.annotation.check" value="true"/>
    <property name="java.vm.name" value="Java HotSpot(TM) 64-Bit Server VM"/>
    <property name="localRepository" value="D:\appach\m2\repository"/>
    <property name="java.vendor.url.bug" value="http://bugreport.sun.com/bugreport/"/>
    <property name="java.io.tmpdir" value="C:\Windows\TEMP\"/>
    <property name="java.version" value="1.8.0_131"/>
    <property name="user.dir" value="D:\IdeaProject\interfaceRestAssured\target"/>
    <property name="os.arch" value="amd64"/>
    <property name="maven.multiModuleProjectDirectory" value="D:\IdeaProject\interfaceRestAssured"/>
    <property name="java.vm.specification.name" value="Java Virtual Machine Specification"/>
    <property name="java.awt.printerjob" value="sun.awt.windows.WPrinterJob"/>
    <property name="sun.os.patch.level" value=""/>
    <property name="java.library.path" value="D:\appach\java\java1.8\bin;C:\Windows\Sun\Java\bin;C:\Windows\system32;C:\Windows;C:\Program Files\VanDyke Software\Clients\;C:\Windows\system32;C:\Windows;C:\Windows\System32\Wbem;C:\Windows\System32\WindowsPowerShell\v1.0\;D:\appach\java\java1.8\bin;D:\appach\java\java1.8\jre;D:\appach\java\java1.8\lib;D:\appach\Git;D:\appach\Git\cmd;D:\appach\maven\apache-maven-3.6.3\bin;D:\appach\Tomcat\apache-tomcat-7.0.79\bin;D:\appach\mysql\mysql-5.7.25-winx64\bin;D:\appach\apache-jmeter-5.3\bin;D:\appach\apache-ant-1.9.6\bin;C:\Users\Administrator\AppData\Local\Programs\Python\Python36;C:\Users\Administrator\AppData\Local\Programs\Python\Python36\Scripts;C:\Program Files\node-v6.9.4-win-x64;C:\Users\Administrator\Android\android-sdk\platform-tools;C:\Users\Administrator\Android\android-sdk\tools;C:\Users\Administrator\Android\android-sdk\build-tools;C:\Program Files (x86)\Appium\node_modules\.bin;C:\Program Files (x86)\Appium;D:\appach\allure-commandline-2.13.5\allure-2.13.5\bin;D:\appach\Tomcat\apache-tomcat-7.0.79\bin;D:\driver\chromedriver.exe;D:\driver\geckodriver.exe;C:\Users\Administrator\AppData\Local\Microsoft\WindowsApps;C:\Program Files\JetBrains\PyCharm Community Edition 2020.2\bin;C:\Users\Administrator\AppData\Roaming\npm;C:\Users\Administrator\AppData\Local\Programs\Fiddler;C:\Windows\TEMP;;C:\Users\Administrator\AppData\Local\Programs\Microsoft VS Code\bin;D:\appach\IntelliJ IDEA 2020.1.4\bin;;."/>
    <property name="java.vm.info" value="mixed mode"/>
    <property name="java.vendor" value="Oracle Corporation"/>
    <property name="java.vm.version" value="25.131-b11"/>
    <property name="classworlds.conf" value="D:\appach\maven\apache-maven-3.6.3\bin\..\bin\m2.conf"/>
    <property name="java.ext.dirs" value="D:\appach\java\java1.8\jre\lib\ext;C:\Windows\Sun\Java\lib\ext"/>
    <property name="sun.io.unicode.encoding" value="UnicodeLittle"/>
    <property name="library.jansi.path" value="D:\appach\maven\apache-maven-3.6.3\bin\..\lib\jansi-native"/>
    <property name="java.class.version" value="52.0"/>
  </properties>
  <testcase name="listApp" classname="devtols.AppTest" time="4.129">
    <failure type="java.lang.NullPointerException">java.lang.NullPointerException
	at devtols.AppTest.listApp(AppTest.java:10)
</failure>
    <system-out><![CDATA[[Warning] The regular expression "getInstance" didn't match any method in class work.WeworkConfigTest
[Warning] The regular expression "list" didn't match any method in class workweixin.DepartmentTest
[Warning] The regular expression "createByMap" didn't match any method in class workweixin.DepartmentTest
[Warning] The regular expression "createWithChinese" didn't match any method in class workweixin.DepartmentTest
[Warning] The regular expression "createWithCSV" didn't match any method in class workweixin.DepartmentTest
[Warning] The regular expression "delete" didn't match any method in class workweixin.DepartmentTest
[Warning] The regular expression "update" didn't match any method in class workweixin.DepartmentTest
[Warning] The regular expression "updateAll" didn't match any method in class workweixin.DepartmentTest
[Warning] The regular expression "deleteAll" didn't match any method in class workweixin.DepartmentTest
2020-11-27 09:15:17 [ main:0 ] - [ INFO ] workweixin.Api.getApiFromHar(Api.java:77) request:de.sstoehr.harreader.model.HarRequest@e29f25bc
2020-11-27 09:15:17 [ main:51 ] - [ INFO ] workweixin.Api.getApiFromHar(Api.java:92) method:post
2020-11-27 09:15:18 [ main:1307 ] - [ DEBUG ] org.apache.http.impl.conn.BasicClientConnectionManager.getConnection(BasicClientConnectionManager.java:158) Get connection for route {s}->https://qyapi.weixin.qq.com
2020-11-27 09:15:18 [ main:1364 ] - [ DEBUG ] org.apache.http.impl.conn.DefaultClientConnectionOperator.openConnection(DefaultClientConnectionOperator.java:174) Connecting to qyapi.weixin.qq.com:443
2020-11-27 09:15:18 [ main:1805 ] - [ DEBUG ] org.apache.http.client.protocol.RequestAddCookies.process(RequestAddCookies.java:122) CookieSpec selected: ignoreCookies
2020-11-27 09:15:19 [ main:1815 ] - [ DEBUG ] org.apache.http.client.protocol.RequestAuthCache.process(RequestAuthCache.java:75) Auth cache not set in the context
2020-11-27 09:15:19 [ main:1819 ] - [ DEBUG ] org.apache.http.client.protocol.RequestTargetAuthentication.process(RequestTargetAuthentication.java:78) Target auth state: UNCHALLENGED
2020-11-27 09:15:19 [ main:1826 ] - [ DEBUG ] org.apache.http.client.protocol.RequestProxyAuthentication.process(RequestProxyAuthentication.java:87) Proxy auth state: UNCHALLENGED
2020-11-27 09:15:19 [ main:1830 ] - [ DEBUG ] org.apache.http.impl.client.DefaultRequestDirector.tryExecute(DefaultRequestDirector.java:683) Attempt 1 to execute request
2020-11-27 09:15:19 [ main:1889 ] - [ DEBUG ] org.apache.http.impl.conn.DefaultClientConnection.sendRequestHeader(DefaultClientConnection.java:268) Sending request: GET /cgi-bin/gettoken?corpid=wwd6da61649bd66fea&corpsecret=1JPyY9GvPLZfpvxEDjok-Xt_9v7HIBYJhZUoO6EgNGY HTTP/1.1
2020-11-27 09:15:19 [ main:1898 ] - [ DEBUG ] org.apache.http.impl.conn.Wire.wire(Wire.java:72)  >> "GET /cgi-bin/gettoken?corpid=wwd6da61649bd66fea&corpsecret=1JPyY9GvPLZfpvxEDjok-Xt_9v7HIBYJhZUoO6EgNGY HTTP/1.1[\r][\n]"
2020-11-27 09:15:19 [ main:1907 ] - [ DEBUG ] org.apache.http.impl.conn.Wire.wire(Wire.java:72)  >> "Accept: */*[\r][\n]"
2020-11-27 09:15:19 [ main:1942 ] - [ DEBUG ] org.apache.http.impl.conn.Wire.wire(Wire.java:72)  >> "Host: qyapi.weixin.qq.com[\r][\n]"
2020-11-27 09:15:19 [ main:1946 ] - [ DEBUG ] org.apache.http.impl.conn.Wire.wire(Wire.java:72)  >> "Connection: Keep-Alive[\r][\n]"
2020-11-27 09:15:19 [ main:1950 ] - [ DEBUG ] org.apache.http.impl.conn.Wire.wire(Wire.java:72)  >> "User-Agent: Apache-HttpClient/4.3.6 (java 1.5)[\r][\n]"
2020-11-27 09:15:19 [ main:1957 ] - [ DEBUG ] org.apache.http.impl.conn.Wire.wire(Wire.java:72)  >> "Accept-Encoding: gzip,deflate[\r][\n]"
2020-11-27 09:15:19 [ main:1963 ] - [ DEBUG ] org.apache.http.impl.conn.Wire.wire(Wire.java:72)  >> "[\r][\n]"
2020-11-27 09:15:19 [ main:1965 ] - [ DEBUG ] org.apache.http.impl.conn.DefaultClientConnection.sendRequestHeader(DefaultClientConnection.java:272) >> GET /cgi-bin/gettoken?corpid=wwd6da61649bd66fea&corpsecret=1JPyY9GvPLZfpvxEDjok-Xt_9v7HIBYJhZUoO6EgNGY HTTP/1.1
2020-11-27 09:15:19 [ main:1997 ] - [ DEBUG ] org.apache.http.impl.conn.DefaultClientConnection.sendRequestHeader(DefaultClientConnection.java:275) >> Accept: */*
2020-11-27 09:15:19 [ main:2001 ] - [ DEBUG ] org.apache.http.impl.conn.DefaultClientConnection.sendRequestHeader(DefaultClientConnection.java:275) >> Host: qyapi.weixin.qq.com
2020-11-27 09:15:19 [ main:2005 ] - [ DEBUG ] org.apache.http.impl.conn.DefaultClientConnection.sendRequestHeader(DefaultClientConnection.java:275) >> Connection: Keep-Alive
2020-11-27 09:15:19 [ main:2009 ] - [ DEBUG ] org.apache.http.impl.conn.DefaultClientConnection.sendRequestHeader(DefaultClientConnection.java:275) >> User-Agent: Apache-HttpClient/4.3.6 (java 1.5)
2020-11-27 09:15:19 [ main:2034 ] - [ DEBUG ] org.apache.http.impl.conn.DefaultClientConnection.sendRequestHeader(DefaultClientConnection.java:275) >> Accept-Encoding: gzip,deflate
2020-11-27 09:15:19 [ main:2126 ] - [ DEBUG ] org.apache.http.impl.conn.Wire.wire(Wire.java:72)  << "HTTP/1.1 200 OK[\r][\n]"
2020-11-27 09:15:19 [ main:2149 ] - [ DEBUG ] org.apache.http.impl.conn.Wire.wire(Wire.java:72)  << "Server: nginx[\r][\n]"
2020-11-27 09:15:19 [ main:2154 ] - [ DEBUG ] org.apache.http.impl.conn.Wire.wire(Wire.java:72)  << "Date: Fri, 27 Nov 2020 01:15:19 GMT[\r][\n]"
2020-11-27 09:15:19 [ main:2157 ] - [ DEBUG ] org.apache.http.impl.conn.Wire.wire(Wire.java:72)  << "Content-Type: application/json; charset=UTF-8[\r][\n]"
2020-11-27 09:15:19 [ main:2161 ] - [ DEBUG ] org.apache.http.impl.conn.Wire.wire(Wire.java:72)  << "Content-Length: 277[\r][\n]"
2020-11-27 09:15:19 [ main:2164 ] - [ DEBUG ] org.apache.http.impl.conn.Wire.wire(Wire.java:72)  << "Connection: keep-alive[\r][\n]"
2020-11-27 09:15:19 [ main:2167 ] - [ DEBUG ] org.apache.http.impl.conn.Wire.wire(Wire.java:72)  << "Error-Code: 0[\r][\n]"
2020-11-27 09:15:19 [ main:2170 ] - [ DEBUG ] org.apache.http.impl.conn.Wire.wire(Wire.java:72)  << "Error-Msg: ok[\r][\n]"
2020-11-27 09:15:19 [ main:2212 ] - [ DEBUG ] org.apache.http.impl.conn.Wire.wire(Wire.java:72)  << "[\r][\n]"
2020-11-27 09:15:19 [ main:2217 ] - [ DEBUG ] org.apache.http.impl.conn.DefaultClientConnection.receiveResponseHeader(DefaultClientConnection.java:253) Receiving response: HTTP/1.1 200 OK
2020-11-27 09:15:19 [ main:2222 ] - [ DEBUG ] org.apache.http.impl.conn.DefaultClientConnection.receiveResponseHeader(DefaultClientConnection.java:256) << HTTP/1.1 200 OK
2020-11-27 09:15:19 [ main:2227 ] - [ DEBUG ] org.apache.http.impl.conn.DefaultClientConnection.receiveResponseHeader(DefaultClientConnection.java:259) << Server: nginx
2020-11-27 09:15:19 [ main:2230 ] - [ DEBUG ] org.apache.http.impl.conn.DefaultClientConnection.receiveResponseHeader(DefaultClientConnection.java:259) << Date: Fri, 27 Nov 2020 01:15:19 GMT
2020-11-27 09:15:19 [ main:2235 ] - [ DEBUG ] org.apache.http.impl.conn.DefaultClientConnection.receiveResponseHeader(DefaultClientConnection.java:259) << Content-Type: application/json; charset=UTF-8
2020-11-27 09:15:19 [ main:2285 ] - [ DEBUG ] org.apache.http.impl.conn.DefaultClientConnection.receiveResponseHeader(DefaultClientConnection.java:259) << Content-Length: 277
2020-11-27 09:15:19 [ main:2290 ] - [ DEBUG ] org.apache.http.impl.conn.DefaultClientConnection.receiveResponseHeader(DefaultClientConnection.java:259) << Connection: keep-alive
2020-11-27 09:15:19 [ main:2295 ] - [ DEBUG ] org.apache.http.impl.conn.DefaultClientConnection.receiveResponseHeader(DefaultClientConnection.java:259) << Error-Code: 0
2020-11-27 09:15:19 [ main:2299 ] - [ DEBUG ] org.apache.http.impl.conn.DefaultClientConnection.receiveResponseHeader(DefaultClientConnection.java:259) << Error-Msg: ok
2020-11-27 09:15:19 [ main:2307 ] - [ DEBUG ] org.apache.http.impl.client.DefaultRequestDirector.execute(DefaultRequestDirector.java:510) Connection can be kept alive indefinitely
2020-11-27 09:15:19 [ main:2335 ] - [ DEBUG ] io.restassured.internal.http.HTTPBuilder.parseResponse(HTTPBuilder.java:544) Parsing response as: application/json; charset=UTF-8
2020-11-27 09:15:19 [ main:2340 ] - [ DEBUG ] io.restassured.internal.http.HTTPBuilder.parseResponse(HTTPBuilder.java:547) Parsed data to instance of: class org.apache.http.conn.EofSensorInputStream
2020-11-27 09:15:19 [ main:2449 ] - [ DEBUG ] org.apache.http.impl.conn.Wire.wire(Wire.java:86)  << "{"errcode":0,"errmsg":"ok","access_token":"TqasCuXIkbeHiJ47yLRoDXWmAeq_4pT_Tkv_KqxDih2pZUgiUEDEiYZB-Ixw-lBqL4emkDB5P8gmUmCGBO26yiD3yt4aYxTXbLnV-ZoDREkcNOjoG6sliCUciy5dRw2u7cbExzm22m8UHOt1edOesWKacRt7B0DvK0PzG35pdTUveYnxzL3EvUuMq4QO4bd4zBm-uiKpjWWukrnr6ULQ2A","expires_in":7200}"
2020-11-27 09:15:19 [ main:2470 ] - [ DEBUG ] org.apache.http.impl.conn.BasicClientConnectionManager.releaseConnection(BasicClientConnectionManager.java:196) Releasing connection org.apache.http.impl.conn.ManagedClientConnectionImpl@4536a09a
2020-11-27 09:15:19 [ main:2552 ] - [ DEBUG ] org.apache.http.impl.conn.BasicClientConnectionManager.releaseConnection(BasicClientConnectionManager.java:221) Connection can be kept alive indefinitely
]]></system-out>
    <system-err><![CDATA[SLF4J: Class path contains multiple SLF4J bindings.
SLF4J: Found binding in [jar:file:/D:/appach/m2/repository/org/slf4j/slf4j-log4j12/1.7.2/slf4j-log4j12-1.7.2.jar!/org/slf4j/impl/StaticLoggerBinder.class]
SLF4J: Found binding in [jar:file:/D:/appach/m2/repository/ch/qos/logback/logback-classic/1.1.7/logback-classic-1.1.7.jar!/org/slf4j/impl/StaticLoggerBinder.class]
SLF4J: See http://www.slf4j.org/codes.html#multiple_bindings for an explanation.
SLF4J: Actual binding is of type [org.slf4j.impl.Log4jLoggerFactory]
java.lang.NullPointerException
	at workweixin.Api.lambda$getApiFromHar$1(Api.java:96)
	at java.util.ArrayList.forEach(ArrayList.java:1249)
	at workweixin.Api.getApiFromHar(Api.java:95)
	at workweixin.Api.getResponseFromHar(Api.java:47)
	at devtols.App.listApp(App.java:24)
	at devtols.AppTest.listApp(AppTest.java:10)
	at sun.reflect.NativeMethodAccessorImpl.invoke0(Native Method)
	at sun.reflect.NativeMethodAccessorImpl.invoke(NativeMethodAccessorImpl.java:62)
	at sun.reflect.DelegatingMethodAccessorImpl.invoke(DelegatingMethodAccessorImpl.java:43)
	at java.lang.reflect.Method.invoke(Method.java:498)
	at org.testng.internal.MethodInvocationHelper.invokeMethod(MethodInvocationHelper.java:104)
	at org.testng.internal.Invoker.invokeMethod(Invoker.java:645)
	at org.testng.internal.Invoker.invokeTestMethod(Invoker.java:851)
	at org.testng.internal.Invoker.invokeTestMethods(Invoker.java:1177)
	at org.testng.internal.TestMethodWorker.invokeTestMethods(TestMethodWorker.java:129)
	at org.testng.internal.TestMethodWorker.run(TestMethodWorker.java:112)
	at org.testng.TestRunner.privateRun(TestRunner.java:756)
	at org.testng.TestRunner.run(TestRunner.java:610)
	at org.testng.SuiteRunner.runTest(SuiteRunner.java:387)
	at org.testng.SuiteRunner.runSequentially(SuiteRunner.java:382)
	at org.testng.SuiteRunner.privateRun(SuiteRunner.java:340)
	at org.testng.SuiteRunner.run(SuiteRunner.java:289)
	at org.testng.SuiteRunnerWorker.runSuite(SuiteRunnerWorker.java:52)
	at org.testng.SuiteRunnerWorker.run(SuiteRunnerWorker.java:86)
	at org.testng.TestNG.runSuitesSequentially(TestNG.java:1293)
	at org.testng.TestNG.runSuitesLocally(TestNG.java:1218)
	at org.testng.TestNG.runSuites(TestNG.java:1133)
	at org.testng.TestNG.run(TestNG.java:1104)
	at org.apache.maven.surefire.testng.TestNGExecutor.run(TestNGExecutor.java:283)
	at org.apache.maven.surefire.testng.TestNGXmlTestSuite.execute(TestNGXmlTestSuite.java:75)
	at org.apache.maven.surefire.testng.TestNGProvider.invoke(TestNGProvider.java:120)
	at sun.reflect.NativeMethodAccessorImpl.invoke0(Native Method)
	at sun.reflect.NativeMethodAccessorImpl.invoke(NativeMethodAccessorImpl.java:62)
	at sun.reflect.DelegatingMethodAccessorImpl.invoke(DelegatingMethodAccessorImpl.java:43)
	at java.lang.reflect.Method.invoke(Method.java:498)
	at org.apache.maven.surefire.util.ReflectionUtils.invokeMethodWithArray2(ReflectionUtils.java:206)
	at org.apache.maven.surefire.booter.ProviderFactory$ProviderProxy.invoke(ProviderFactory.java:161)
	at org.apache.maven.surefire.booter.ProviderFactory.invokeProvider(ProviderFactory.java:84)
	at org.apache.maven.plugin.surefire.InPluginVMSurefireStarter.runSuitesInProcess(InPluginVMSurefireStarter.java:87)
	at org.apache.maven.plugin.surefire.AbstractSurefireMojo.executeProvider(AbstractSurefireMojo.java:1166)
	at org.apache.maven.plugin.surefire.AbstractSurefireMojo.executeAfterPreconditionsChecked(AbstractSurefireMojo.java:1011)
	at org.apache.maven.plugin.surefire.AbstractSurefireMojo.execute(AbstractSurefireMojo.java:857)
	at org.apache.maven.plugin.DefaultBuildPluginManager.executeMojo(DefaultBuildPluginManager.java:137)
	at org.apache.maven.lifecycle.internal.MojoExecutor.execute(MojoExecutor.java:210)
	at org.apache.maven.lifecycle.internal.MojoExecutor.execute(MojoExecutor.java:156)
	at org.apache.maven.lifecycle.internal.MojoExecutor.execute(MojoExecutor.java:148)
	at org.apache.maven.lifecycle.internal.LifecycleModuleBuilder.buildProject(LifecycleModuleBuilder.java:117)
	at org.apache.maven.lifecycle.internal.LifecycleModuleBuilder.buildProject(LifecycleModuleBuilder.java:81)
	at org.apache.maven.lifecycle.internal.builder.singlethreaded.SingleThreadedBuilder.build(SingleThreadedBuilder.java:56)
	at org.apache.maven.lifecycle.internal.LifecycleStarter.execute(LifecycleStarter.java:128)
	at org.apache.maven.DefaultMaven.doExecute(DefaultMaven.java:305)
	at org.apache.maven.DefaultMaven.doExecute(DefaultMaven.java:192)
	at org.apache.maven.DefaultMaven.execute(DefaultMaven.java:105)
	at org.apache.maven.cli.MavenCli.execute(MavenCli.java:957)
	at org.apache.maven.cli.MavenCli.doMain(MavenCli.java:289)
	at org.apache.maven.cli.MavenCli.main(MavenCli.java:193)
	at sun.reflect.NativeMethodAccessorImpl.invoke0(Native Method)
	at sun.reflect.NativeMethodAccessorImpl.invoke(NativeMethodAccessorImpl.java:62)
	at sun.reflect.DelegatingMethodAccessorImpl.invoke(DelegatingMethodAccessorImpl.java:43)
	at java.lang.reflect.Method.invoke(Method.java:498)
	at org.codehaus.plexus.classworlds.launcher.Launcher.launchEnhanced(Launcher.java:282)
	at org.codehaus.plexus.classworlds.launcher.Launcher.launch(Launcher.java:225)
	at org.codehaus.plexus.classworlds.launcher.Launcher.mainWithExitCode(Launcher.java:406)
	at org.codehaus.plexus.classworlds.launcher.Launcher.main(Launcher.java:347)
]]></system-err>
  </testcase>
  <testcase name="TestFilePAth" classname="workweixin.DepartmentTest" time="0.029"/>
  <testcase name="TestAll" classname="workweixin.DepartmentTest" time="1.675"/>
  <testcase name="TestList" classname="workweixin.DepartmentTest" time="1.317">
    <failure message="1 expectation failed.&#10;JSON path department doesn&apos;t match.&#10;Expected: a collection containing &quot;testhome1234&quot;&#10;  Actual: []&#10;" type="java.lang.AssertionError">java.lang.AssertionError: 
1 expectation failed.
JSON path department doesn't match.
Expected: a collection containing "testhome1234"
  Actual: []

	at workweixin.DepartmentTest.TestList(DepartmentTest.java:56)
</failure>
    <system-out><![CDATA[2020-11-27 09:15:21 [ main:4767 ] - [ INFO ] workweixin.Department.list(Department.java:22) 测试list
2020-11-27 09:15:21 [ main:4772 ] - [ INFO ] workweixin.Restful.getApiFromYaml(Restful.java:32) restful:Restful{url='https://qyapi.weixin.qq.com/cgi-bin/department/list', method='get', headers=null, query={id=}, body='null'}
2020-11-27 09:15:21 [ main:4778 ] - [ INFO ] workweixin.Api.updateUrl(Api.java:175) 当前环境hosts:{qyapi.weixin.qq.com=qyapi.weixin.qq.com}
Request method:	GET
Request URI:	https://qyapi.weixin.qq.com/cgi-bin/department/list?access_token=TqasCuXIkbeHiJ47yLRoDXWmAeq_4pT_Tkv_KqxDih2pZUgiUEDEiYZB-Ixw-lBqL4emkDB5P8gmUmCGBO26yiD3yt4aYxTXbLnV-ZoDREkcNOjoG6sliCUciy5dRw2u7cbExzm22m8UHOt1edOesWKacRt7B0DvK0PzG35pdTUveYnxzL3EvUuMq4QO4bd4zBm-uiKpjWWukrnr6ULQ2A&access_token=TqasCuXIkbeHiJ47yLRoDXWmAeq_4pT_Tkv_KqxDih2pZUgiUEDEiYZB-Ixw-lBqL4emkDB5P8gmUmCGBO26yiD3yt4aYxTXbLnV-ZoDREkcNOjoG6sliCUciy5dRw2u7cbExzm22m8UHOt1edOesWKacRt7B0DvK0PzG35pdTUveYnxzL3EvUuMq4QO4bd4zBm-uiKpjWWukrnr6ULQ2A&id=1
Proxy:			<none>
Request params:	<none>
Query params:	access_token=[TqasCuXIkbeHiJ47yLRoDXWmAeq_4pT_Tkv_KqxDih2pZUgiUEDEiYZB-Ixw-lBqL4emkDB5P8gmUmCGBO26yiD3yt4aYxTXbLnV-ZoDREkcNOjoG6sliCUciy5dRw2u7cbExzm22m8UHOt1edOesWKacRt7B0DvK0PzG35pdTUveYnxzL3EvUuMq4QO4bd4zBm-uiKpjWWukrnr6ULQ2A, TqasCuXIkbeHiJ47yLRoDXWmAeq_4pT_Tkv_KqxDih2pZUgiUEDEiYZB-Ixw-lBqL4emkDB5P8gmUmCGBO26yiD3yt4aYxTXbLnV-ZoDREkcNOjoG6sliCUciy5dRw2u7cbExzm22m8UHOt1edOesWKacRt7B0DvK0PzG35pdTUveYnxzL3EvUuMq4QO4bd4zBm-uiKpjWWukrnr6ULQ2A]
				id=1
Form params:	<none>
Path params:	<none>
Headers:		Host=qyapi.weixin.qq.com
				Accept=*/*
				Content-Type=application/json; charset=UTF-8
Cookies:		<none>
Multiparts:		<none>
Body:			<none>
Request method:	GET
Request URI:	https://qyapi.weixin.qq.com/cgi-bin/department/list?access_token=TqasCuXIkbeHiJ47yLRoDXWmAeq_4pT_Tkv_KqxDih2pZUgiUEDEiYZB-Ixw-lBqL4emkDB5P8gmUmCGBO26yiD3yt4aYxTXbLnV-ZoDREkcNOjoG6sliCUciy5dRw2u7cbExzm22m8UHOt1edOesWKacRt7B0DvK0PzG35pdTUveYnxzL3EvUuMq4QO4bd4zBm-uiKpjWWukrnr6ULQ2A&access_token=TqasCuXIkbeHiJ47yLRoDXWmAeq_4pT_Tkv_KqxDih2pZUgiUEDEiYZB-Ixw-lBqL4emkDB5P8gmUmCGBO26yiD3yt4aYxTXbLnV-ZoDREkcNOjoG6sliCUciy5dRw2u7cbExzm22m8UHOt1edOesWKacRt7B0DvK0PzG35pdTUveYnxzL3EvUuMq4QO4bd4zBm-uiKpjWWukrnr6ULQ2A&id=1
Proxy:			<none>
Request params:	<none>
Query params:	access_token=[TqasCuXIkbeHiJ47yLRoDXWmAeq_4pT_Tkv_KqxDih2pZUgiUEDEiYZB-Ixw-lBqL4emkDB5P8gmUmCGBO26yiD3yt4aYxTXbLnV-ZoDREkcNOjoG6sliCUciy5dRw2u7cbExzm22m8UHOt1edOesWKacRt7B0DvK0PzG35pdTUveYnxzL3EvUuMq4QO4bd4zBm-uiKpjWWukrnr6ULQ2A, TqasCuXIkbeHiJ47yLRoDXWmAeq_4pT_Tkv_KqxDih2pZUgiUEDEiYZB-Ixw-lBqL4emkDB5P8gmUmCGBO26yiD3yt4aYxTXbLnV-ZoDREkcNOjoG6sliCUciy5dRw2u7cbExzm22m8UHOt1edOesWKacRt7B0DvK0PzG35pdTUveYnxzL3EvUuMq4QO4bd4zBm-uiKpjWWukrnr6ULQ2A]
				id=1
Form params:	<none>
Path params:	<none>
Headers:		Host=qyapi.weixin.qq.com
				Accept=*/*
				Content-Type=application/json; charset=UTF-8
Cookies:		<none>
Multiparts:		<none>
Body:			<none>
2020-11-27 09:15:22 [ main:4950 ] - [ DEBUG ] org.apache.http.impl.conn.BasicClientConnectionManager.getConnection(BasicClientConnectionManager.java:158) Get connection for route {s}->https://qyapi.weixin.qq.com
2020-11-27 09:15:22 [ main:4959 ] - [ DEBUG ] org.apache.http.impl.conn.DefaultClientConnectionOperator.openConnection(DefaultClientConnectionOperator.java:174) Connecting to qyapi.weixin.qq.com:443
2020-11-27 09:15:22 [ main:5187 ] - [ DEBUG ] org.apache.http.client.protocol.RequestAddCookies.process(RequestAddCookies.java:122) CookieSpec selected: ignoreCookies
2020-11-27 09:15:22 [ main:5238 ] - [ DEBUG ] org.apache.http.client.protocol.RequestAuthCache.process(RequestAuthCache.java:75) Auth cache not set in the context
2020-11-27 09:15:22 [ main:5246 ] - [ DEBUG ] org.apache.http.client.protocol.RequestTargetAuthentication.process(RequestTargetAuthentication.java:78) Target auth state: UNCHALLENGED
2020-11-27 09:15:22 [ main:5251 ] - [ DEBUG ] org.apache.http.client.protocol.RequestProxyAuthentication.process(RequestProxyAuthentication.java:87) Proxy auth state: UNCHALLENGED
2020-11-27 09:15:22 [ main:5255 ] - [ DEBUG ] org.apache.http.impl.client.DefaultRequestDirector.tryExecute(DefaultRequestDirector.java:683) Attempt 1 to execute request
2020-11-27 09:15:22 [ main:5259 ] - [ DEBUG ] org.apache.http.impl.conn.DefaultClientConnection.sendRequestHeader(DefaultClientConnection.java:268) Sending request: GET /cgi-bin/department/list?access_token=TqasCuXIkbeHiJ47yLRoDXWmAeq_4pT_Tkv_KqxDih2pZUgiUEDEiYZB-Ixw-lBqL4emkDB5P8gmUmCGBO26yiD3yt4aYxTXbLnV-ZoDREkcNOjoG6sliCUciy5dRw2u7cbExzm22m8UHOt1edOesWKacRt7B0DvK0PzG35pdTUveYnxzL3EvUuMq4QO4bd4zBm-uiKpjWWukrnr6ULQ2A&access_token=TqasCuXIkbeHiJ47yLRoDXWmAeq_4pT_Tkv_KqxDih2pZUgiUEDEiYZB-Ixw-lBqL4emkDB5P8gmUmCGBO26yiD3yt4aYxTXbLnV-ZoDREkcNOjoG6sliCUciy5dRw2u7cbExzm22m8UHOt1edOesWKacRt7B0DvK0PzG35pdTUveYnxzL3EvUuMq4QO4bd4zBm-uiKpjWWukrnr6ULQ2A&id=1 HTTP/1.1
2020-11-27 09:15:22 [ main:5321 ] - [ DEBUG ] org.apache.http.impl.conn.Wire.wire(Wire.java:72)  >> "GET /cgi-bin/department/list?access_token=TqasCuXIkbeHiJ47yLRoDXWmAeq_4pT_Tkv_KqxDih2pZUgiUEDEiYZB-Ixw-lBqL4emkDB5P8gmUmCGBO26yiD3yt4aYxTXbLnV-ZoDREkcNOjoG6sliCUciy5dRw2u7cbExzm22m8UHOt1edOesWKacRt7B0DvK0PzG35pdTUveYnxzL3EvUuMq4QO4bd4zBm-uiKpjWWukrnr6ULQ2A&access_token=TqasCuXIkbeHiJ47yLRoDXWmAeq_4pT_Tkv_KqxDih2pZUgiUEDEiYZB-Ixw-lBqL4emkDB5P8gmUmCGBO26yiD3yt4aYxTXbLnV-ZoDREkcNOjoG6sliCUciy5dRw2u7cbExzm22m8UHOt1edOesWKacRt7B0DvK0PzG35pdTUveYnxzL3EvUuMq4QO4bd4zBm-uiKpjWWukrnr6ULQ2A&id=1 HTTP/1.1[\r][\n]"
2020-11-27 09:15:22 [ main:5362 ] - [ DEBUG ] org.apache.http.impl.conn.Wire.wire(Wire.java:72)  >> "Content-Type: application/json; charset=UTF-8[\r][\n]"
2020-11-27 09:15:22 [ main:5366 ] - [ DEBUG ] org.apache.http.impl.conn.Wire.wire(Wire.java:72)  >> "Accept: */*[\r][\n]"
2020-11-27 09:15:22 [ main:5369 ] - [ DEBUG ] org.apache.http.impl.conn.Wire.wire(Wire.java:72)  >> "Host: qyapi.weixin.qq.com[\r][\n]"
2020-11-27 09:15:22 [ main:5374 ] - [ DEBUG ] org.apache.http.impl.conn.Wire.wire(Wire.java:72)  >> "Connection: Keep-Alive[\r][\n]"
2020-11-27 09:15:22 [ main:5401 ] - [ DEBUG ] org.apache.http.impl.conn.Wire.wire(Wire.java:72)  >> "User-Agent: Apache-HttpClient/4.3.6 (java 1.5)[\r][\n]"
2020-11-27 09:15:22 [ main:5407 ] - [ DEBUG ] org.apache.http.impl.conn.Wire.wire(Wire.java:72)  >> "Accept-Encoding: gzip,deflate[\r][\n]"
2020-11-27 09:15:22 [ main:5411 ] - [ DEBUG ] org.apache.http.impl.conn.Wire.wire(Wire.java:72)  >> "[\r][\n]"
2020-11-27 09:15:22 [ main:5415 ] - [ DEBUG ] org.apache.http.impl.conn.DefaultClientConnection.sendRequestHeader(DefaultClientConnection.java:272) >> GET /cgi-bin/department/list?access_token=TqasCuXIkbeHiJ47yLRoDXWmAeq_4pT_Tkv_KqxDih2pZUgiUEDEiYZB-Ixw-lBqL4emkDB5P8gmUmCGBO26yiD3yt4aYxTXbLnV-ZoDREkcNOjoG6sliCUciy5dRw2u7cbExzm22m8UHOt1edOesWKacRt7B0DvK0PzG35pdTUveYnxzL3EvUuMq4QO4bd4zBm-uiKpjWWukrnr6ULQ2A&access_token=TqasCuXIkbeHiJ47yLRoDXWmAeq_4pT_Tkv_KqxDih2pZUgiUEDEiYZB-Ixw-lBqL4emkDB5P8gmUmCGBO26yiD3yt4aYxTXbLnV-ZoDREkcNOjoG6sliCUciy5dRw2u7cbExzm22m8UHOt1edOesWKacRt7B0DvK0PzG35pdTUveYnxzL3EvUuMq4QO4bd4zBm-uiKpjWWukrnr6ULQ2A&id=1 HTTP/1.1
2020-11-27 09:15:22 [ main:5468 ] - [ DEBUG ] org.apache.http.impl.conn.DefaultClientConnection.sendRequestHeader(DefaultClientConnection.java:275) >> Content-Type: application/json; charset=UTF-8
2020-11-27 09:15:22 [ main:5473 ] - [ DEBUG ] org.apache.http.impl.conn.DefaultClientConnection.sendRequestHeader(DefaultClientConnection.java:275) >> Accept: */*
2020-11-27 09:15:22 [ main:5481 ] - [ DEBUG ] org.apache.http.impl.conn.DefaultClientConnection.sendRequestHeader(DefaultClientConnection.java:275) >> Host: qyapi.weixin.qq.com
2020-11-27 09:15:22 [ main:5486 ] - [ DEBUG ] org.apache.http.impl.conn.DefaultClientConnection.sendRequestHeader(DefaultClientConnection.java:275) >> Connection: Keep-Alive
2020-11-27 09:15:22 [ main:5547 ] - [ DEBUG ] org.apache.http.impl.conn.DefaultClientConnection.sendRequestHeader(DefaultClientConnection.java:275) >> User-Agent: Apache-HttpClient/4.3.6 (java 1.5)
2020-11-27 09:15:22 [ main:5556 ] - [ DEBUG ] org.apache.http.impl.conn.DefaultClientConnection.sendRequestHeader(DefaultClientConnection.java:275) >> Accept-Encoding: gzip,deflate
2020-11-27 09:15:22 [ main:5642 ] - [ DEBUG ] org.apache.http.impl.conn.Wire.wire(Wire.java:72)  << "HTTP/1.1 200 OK[\r][\n]"
2020-11-27 09:15:22 [ main:5668 ] - [ DEBUG ] org.apache.http.impl.conn.Wire.wire(Wire.java:72)  << "Server: nginx[\r][\n]"
2020-11-27 09:15:22 [ main:5672 ] - [ DEBUG ] org.apache.http.impl.conn.Wire.wire(Wire.java:72)  << "Date: Fri, 27 Nov 2020 01:15:22 GMT[\r][\n]"
2020-11-27 09:15:22 [ main:5677 ] - [ DEBUG ] org.apache.http.impl.conn.Wire.wire(Wire.java:72)  << "Content-Type: application/json; charset=UTF-8[\r][\n]"
2020-11-27 09:15:22 [ main:5680 ] - [ DEBUG ] org.apache.http.impl.conn.Wire.wire(Wire.java:72)  << "Content-Length: 244[\r][\n]"
2020-11-27 09:15:22 [ main:5684 ] - [ DEBUG ] org.apache.http.impl.conn.Wire.wire(Wire.java:72)  << "Connection: keep-alive[\r][\n]"
2020-11-27 09:15:22 [ main:5687 ] - [ DEBUG ] org.apache.http.impl.conn.Wire.wire(Wire.java:72)  << "Error-Code: 60011[\r][\n]"
2020-11-27 09:15:22 [ main:5690 ] - [ DEBUG ] org.apache.http.impl.conn.Wire.wire(Wire.java:72)  << "Error-Msg: no privilege to access/modify contact/party/agent , hint: [1606439722_54_e5cdbb1a40e7965892a033cd5c2fd0bb], from ip: 58.247.101.198, more info at https://open.work.weixin.qq.com/devtool/query?e=60011[\r][\n]"
2020-11-27 09:15:22 [ main:5734 ] - [ DEBUG ] org.apache.http.impl.conn.Wire.wire(Wire.java:72)  << "[\r][\n]"
2020-11-27 09:15:22 [ main:5738 ] - [ DEBUG ] org.apache.http.impl.conn.DefaultClientConnection.receiveResponseHeader(DefaultClientConnection.java:253) Receiving response: HTTP/1.1 200 OK
2020-11-27 09:15:22 [ main:5743 ] - [ DEBUG ] org.apache.http.impl.conn.DefaultClientConnection.receiveResponseHeader(DefaultClientConnection.java:256) << HTTP/1.1 200 OK
2020-11-27 09:15:22 [ main:5747 ] - [ DEBUG ] org.apache.http.impl.conn.DefaultClientConnection.receiveResponseHeader(DefaultClientConnection.java:259) << Server: nginx
2020-11-27 09:15:22 [ main:5791 ] - [ DEBUG ] org.apache.http.impl.conn.DefaultClientConnection.receiveResponseHeader(DefaultClientConnection.java:259) << Date: Fri, 27 Nov 2020 01:15:22 GMT
2020-11-27 09:15:22 [ main:5795 ] - [ DEBUG ] org.apache.http.impl.conn.DefaultClientConnection.receiveResponseHeader(DefaultClientConnection.java:259) << Content-Type: application/json; charset=UTF-8
2020-11-27 09:15:22 [ main:5801 ] - [ DEBUG ] org.apache.http.impl.conn.DefaultClientConnection.receiveResponseHeader(DefaultClientConnection.java:259) << Content-Length: 244
2020-11-27 09:15:22 [ main:5805 ] - [ DEBUG ] org.apache.http.impl.conn.DefaultClientConnection.receiveResponseHeader(DefaultClientConnection.java:259) << Connection: keep-alive
2020-11-27 09:15:22 [ main:5810 ] - [ DEBUG ] org.apache.http.impl.conn.DefaultClientConnection.receiveResponseHeader(DefaultClientConnection.java:259) << Error-Code: 60011
2020-11-27 09:15:23 [ main:5851 ] - [ DEBUG ] org.apache.http.impl.conn.DefaultClientConnection.receiveResponseHeader(DefaultClientConnection.java:259) << Error-Msg: no privilege to access/modify contact/party/agent , hint: [1606439722_54_e5cdbb1a40e7965892a033cd5c2fd0bb], from ip: 58.247.101.198, more info at https://open.work.weixin.qq.com/devtool/query?e=60011
2020-11-27 09:15:23 [ main:5860 ] - [ DEBUG ] org.apache.http.impl.client.DefaultRequestDirector.execute(DefaultRequestDirector.java:510) Connection can be kept alive indefinitely
2020-11-27 09:15:23 [ main:5866 ] - [ DEBUG ] io.restassured.internal.http.HTTPBuilder.parseResponse(HTTPBuilder.java:544) Parsing response as: application/json; charset=UTF-8
2020-11-27 09:15:23 [ main:5869 ] - [ DEBUG ] io.restassured.internal.http.HTTPBuilder.parseResponse(HTTPBuilder.java:547) Parsed data to instance of: class org.apache.http.conn.EofSensorInputStream
2020-11-27 09:15:23 [ main:5896 ] - [ DEBUG ] org.apache.http.impl.conn.Wire.wire(Wire.java:86)  << "{"errcode":60011,"errmsg":"no privilege to access/modify contact/party/agent , hint: [1606439722_54_e5cdbb1a40e7965892a033cd5c2fd0bb], from ip: 58.247.101.198, more info at https://open.work.weixin.qq.com/devtool/query?e=60011","department":[]}"
2020-11-27 09:15:23 [ main:5903 ] - [ DEBUG ] org.apache.http.impl.conn.BasicClientConnectionManager.releaseConnection(BasicClientConnectionManager.java:196) Releasing connection org.apache.http.impl.conn.ManagedClientConnectionImpl@30221cfa
2020-11-27 09:15:23 [ main:5909 ] - [ DEBUG ] org.apache.http.impl.conn.BasicClientConnectionManager.releaseConnection(BasicClientConnectionManager.java:221) Connection can be kept alive indefinitely
HTTP/1.1 200 OK
Server: nginx
Date: Fri, 27 Nov 2020 01:15:22 GMT
Content-Type: application/json; charset=UTF-8
Content-Length: 244
Connection: keep-alive
Error-Code: 60011
Error-Msg: no privilege to access/modify contact/party/agent , hint: [1606439722_54_e5cdbb1a40e7965892a033cd5c2fd0bb], from ip: 58.247.101.198, more info at https://open.work.weixin.qq.com/devtool/query?e=60011

{
    "errcode": 60011,
    "errmsg": "no privilege to access/modify contact/party/agent , hint: [1606439722_54_e5cdbb1a40e7965892a033cd5c2fd0bb], from ip: 58.247.101.198, more info at https://open.work.weixin.qq.com/devtool/query?e=60011",
    "department": [
        
    ]
}
2020-11-27 09:15:23 [ main:5961 ] - [ INFO ] workweixin.DepartmentTest.TestList(DepartmentTest.java:55) result:{
	"errcode":60011,
	"errmsg":"no privilege to access/modify contact/party/agent , hint: [1606439722_54_e5cdbb1a40e7965892a033cd5c2fd0bb], from ip: 58.247.101.198, more info at https://open.work.weixin.qq.com/devtool/query?e=60011",
	"department":[]
}
]]></system-out>
  </testcase>
  <testcase name="list" classname="workweixin.DepartmentTest" time="5.793"/>
  <testcase name="TestCreat" classname="workweixin.DepartmentTest" time="2.017">
    <failure message="1 expectation failed.&#10;JSON path errcode doesn&apos;t match.&#10;Expected: &lt;0&gt;&#10;  Actual: 60011&#10;" type="java.lang.AssertionError"><![CDATA[java.lang.AssertionError: 
1 expectation failed.
JSON path errcode doesn't match.
Expected: <0>
  Actual: 60011

	at workweixin.DepartmentTest.TestCreat(DepartmentTest.java:71)
]]></failure>
    <system-out><![CDATA[2020-11-27 09:15:29 [ main:11890 ] - [ INFO ] workweixin.Restful.getApiFromYaml(Restful.java:32) restful:Restful{url='https://qyapi.weixin.qq.com/cgi-bin/department/create', method='post', headers=null, query=null, body='null'}
2020-11-27 09:15:29 [ main:11998 ] - [ DEBUG ] com.jayway.jsonpath.internal.path.CompiledPath.evaluate(CompiledPath.java:47) Evaluating path: $['name']
2020-11-27 09:15:29 [ main:12009 ] - [ DEBUG ] com.jayway.jsonpath.internal.JsonContext.set(JsonContext.java:147) Set path $['name'] new value department1606439716020
2020-11-27 09:15:29 [ main:12019 ] - [ DEBUG ] com.jayway.jsonpath.internal.path.CompiledPath.evaluate(CompiledPath.java:47) Evaluating path: $['parentid']
2020-11-27 09:15:29 [ main:12023 ] - [ DEBUG ] com.jayway.jsonpath.internal.JsonContext.set(JsonContext.java:147) Set path $['parentid'] new value 1
2020-11-27 09:15:29 [ main:12037 ] - [ INFO ] workweixin.Api.updateUrl(Api.java:175) 当前环境hosts:{qyapi.weixin.qq.com=qyapi.weixin.qq.com}
Request method:	POST
Request URI:	https://qyapi.weixin.qq.com/cgi-bin/department/create?access_token=TqasCuXIkbeHiJ47yLRoDXWmAeq_4pT_Tkv_KqxDih2pZUgiUEDEiYZB-Ixw-lBqL4emkDB5P8gmUmCGBO26yiD3yt4aYxTXbLnV-ZoDREkcNOjoG6sliCUciy5dRw2u7cbExzm22m8UHOt1edOesWKacRt7B0DvK0PzG35pdTUveYnxzL3EvUuMq4QO4bd4zBm-uiKpjWWukrnr6ULQ2A&access_token=TqasCuXIkbeHiJ47yLRoDXWmAeq_4pT_Tkv_KqxDih2pZUgiUEDEiYZB-Ixw-lBqL4emkDB5P8gmUmCGBO26yiD3yt4aYxTXbLnV-ZoDREkcNOjoG6sliCUciy5dRw2u7cbExzm22m8UHOt1edOesWKacRt7B0DvK0PzG35pdTUveYnxzL3EvUuMq4QO4bd4zBm-uiKpjWWukrnr6ULQ2A
Proxy:			<none>
Request params:	<none>
Query params:	access_token=[TqasCuXIkbeHiJ47yLRoDXWmAeq_4pT_Tkv_KqxDih2pZUgiUEDEiYZB-Ixw-lBqL4emkDB5P8gmUmCGBO26yiD3yt4aYxTXbLnV-ZoDREkcNOjoG6sliCUciy5dRw2u7cbExzm22m8UHOt1edOesWKacRt7B0DvK0PzG35pdTUveYnxzL3EvUuMq4QO4bd4zBm-uiKpjWWukrnr6ULQ2A, TqasCuXIkbeHiJ47yLRoDXWmAeq_4pT_Tkv_KqxDih2pZUgiUEDEiYZB-Ixw-lBqL4emkDB5P8gmUmCGBO26yiD3yt4aYxTXbLnV-ZoDREkcNOjoG6sliCUciy5dRw2u7cbExzm22m8UHOt1edOesWKacRt7B0DvK0PzG35pdTUveYnxzL3EvUuMq4QO4bd4zBm-uiKpjWWukrnr6ULQ2A]
Form params:	<none>
Path params:	<none>
Headers:		Host=qyapi.weixin.qq.com
				Accept=*/*
				Content-Type=application/json; charset=UTF-8
Cookies:		<none>
Multiparts:		<none>
Body:
{
    "name": "department1606439716020",
    "parentid": "1",
    "order": 1,
    "id": 1
}
Request method:	POST
Request URI:	https://qyapi.weixin.qq.com/cgi-bin/department/create?access_token=TqasCuXIkbeHiJ47yLRoDXWmAeq_4pT_Tkv_KqxDih2pZUgiUEDEiYZB-Ixw-lBqL4emkDB5P8gmUmCGBO26yiD3yt4aYxTXbLnV-ZoDREkcNOjoG6sliCUciy5dRw2u7cbExzm22m8UHOt1edOesWKacRt7B0DvK0PzG35pdTUveYnxzL3EvUuMq4QO4bd4zBm-uiKpjWWukrnr6ULQ2A&access_token=TqasCuXIkbeHiJ47yLRoDXWmAeq_4pT_Tkv_KqxDih2pZUgiUEDEiYZB-Ixw-lBqL4emkDB5P8gmUmCGBO26yiD3yt4aYxTXbLnV-ZoDREkcNOjoG6sliCUciy5dRw2u7cbExzm22m8UHOt1edOesWKacRt7B0DvK0PzG35pdTUveYnxzL3EvUuMq4QO4bd4zBm-uiKpjWWukrnr6ULQ2A
Proxy:			<none>
Request params:	<none>
Query params:	access_token=[TqasCuXIkbeHiJ47yLRoDXWmAeq_4pT_Tkv_KqxDih2pZUgiUEDEiYZB-Ixw-lBqL4emkDB5P8gmUmCGBO26yiD3yt4aYxTXbLnV-ZoDREkcNOjoG6sliCUciy5dRw2u7cbExzm22m8UHOt1edOesWKacRt7B0DvK0PzG35pdTUveYnxzL3EvUuMq4QO4bd4zBm-uiKpjWWukrnr6ULQ2A, TqasCuXIkbeHiJ47yLRoDXWmAeq_4pT_Tkv_KqxDih2pZUgiUEDEiYZB-Ixw-lBqL4emkDB5P8gmUmCGBO26yiD3yt4aYxTXbLnV-ZoDREkcNOjoG6sliCUciy5dRw2u7cbExzm22m8UHOt1edOesWKacRt7B0DvK0PzG35pdTUveYnxzL3EvUuMq4QO4bd4zBm-uiKpjWWukrnr6ULQ2A]
Form params:	<none>
Path params:	<none>
Headers:		Host=qyapi.weixin.qq.com
				Accept=*/*
				Content-Type=application/json; charset=UTF-8
Cookies:		<none>
Multiparts:		<none>
Body:
{
    "name": "department1606439716020",
    "parentid": "1",
    "order": 1,
    "id": 1
}
2020-11-27 09:15:29 [ main:12395 ] - [ DEBUG ] org.apache.http.impl.conn.BasicClientConnectionManager.getConnection(BasicClientConnectionManager.java:158) Get connection for route {s}->https://qyapi.weixin.qq.com
2020-11-27 09:15:29 [ main:12403 ] - [ DEBUG ] org.apache.http.impl.conn.DefaultClientConnectionOperator.openConnection(DefaultClientConnectionOperator.java:174) Connecting to qyapi.weixin.qq.com:443
2020-11-27 09:15:29 [ main:12626 ] - [ DEBUG ] org.apache.http.client.protocol.RequestAddCookies.process(RequestAddCookies.java:122) CookieSpec selected: ignoreCookies
2020-11-27 09:15:29 [ main:12682 ] - [ DEBUG ] org.apache.http.client.protocol.RequestAuthCache.process(RequestAuthCache.java:75) Auth cache not set in the context
2020-11-27 09:15:29 [ main:12699 ] - [ DEBUG ] org.apache.http.client.protocol.RequestTargetAuthentication.process(RequestTargetAuthentication.java:78) Target auth state: UNCHALLENGED
2020-11-27 09:15:29 [ main:12709 ] - [ DEBUG ] org.apache.http.client.protocol.RequestProxyAuthentication.process(RequestProxyAuthentication.java:87) Proxy auth state: UNCHALLENGED
2020-11-27 09:15:29 [ main:12714 ] - [ DEBUG ] org.apache.http.impl.client.DefaultRequestDirector.tryExecute(DefaultRequestDirector.java:683) Attempt 1 to execute request
2020-11-27 09:15:29 [ main:12728 ] - [ DEBUG ] org.apache.http.impl.conn.DefaultClientConnection.sendRequestHeader(DefaultClientConnection.java:268) Sending request: POST /cgi-bin/department/create?access_token=TqasCuXIkbeHiJ47yLRoDXWmAeq_4pT_Tkv_KqxDih2pZUgiUEDEiYZB-Ixw-lBqL4emkDB5P8gmUmCGBO26yiD3yt4aYxTXbLnV-ZoDREkcNOjoG6sliCUciy5dRw2u7cbExzm22m8UHOt1edOesWKacRt7B0DvK0PzG35pdTUveYnxzL3EvUuMq4QO4bd4zBm-uiKpjWWukrnr6ULQ2A&access_token=TqasCuXIkbeHiJ47yLRoDXWmAeq_4pT_Tkv_KqxDih2pZUgiUEDEiYZB-Ixw-lBqL4emkDB5P8gmUmCGBO26yiD3yt4aYxTXbLnV-ZoDREkcNOjoG6sliCUciy5dRw2u7cbExzm22m8UHOt1edOesWKacRt7B0DvK0PzG35pdTUveYnxzL3EvUuMq4QO4bd4zBm-uiKpjWWukrnr6ULQ2A HTTP/1.1
2020-11-27 09:15:29 [ main:12799 ] - [ DEBUG ] org.apache.http.impl.conn.Wire.wire(Wire.java:72)  >> "POST /cgi-bin/department/create?access_token=TqasCuXIkbeHiJ47yLRoDXWmAeq_4pT_Tkv_KqxDih2pZUgiUEDEiYZB-Ixw-lBqL4emkDB5P8gmUmCGBO26yiD3yt4aYxTXbLnV-ZoDREkcNOjoG6sliCUciy5dRw2u7cbExzm22m8UHOt1edOesWKacRt7B0DvK0PzG35pdTUveYnxzL3EvUuMq4QO4bd4zBm-uiKpjWWukrnr6ULQ2A&access_token=TqasCuXIkbeHiJ47yLRoDXWmAeq_4pT_Tkv_KqxDih2pZUgiUEDEiYZB-Ixw-lBqL4emkDB5P8gmUmCGBO26yiD3yt4aYxTXbLnV-ZoDREkcNOjoG6sliCUciy5dRw2u7cbExzm22m8UHOt1edOesWKacRt7B0DvK0PzG35pdTUveYnxzL3EvUuMq4QO4bd4zBm-uiKpjWWukrnr6ULQ2A HTTP/1.1[\r][\n]"
2020-11-27 09:15:30 [ main:12871 ] - [ DEBUG ] org.apache.http.impl.conn.Wire.wire(Wire.java:72)  >> "Accept: */*[\r][\n]"
2020-11-27 09:15:30 [ main:12883 ] - [ DEBUG ] org.apache.http.impl.conn.Wire.wire(Wire.java:72)  >> "Host: qyapi.weixin.qq.com[\r][\n]"
2020-11-27 09:15:30 [ main:12887 ] - [ DEBUG ] org.apache.http.impl.conn.Wire.wire(Wire.java:72)  >> "Content-Type: application/json; charset=UTF-8[\r][\n]"
2020-11-27 09:15:30 [ main:12955 ] - [ DEBUG ] org.apache.http.impl.conn.Wire.wire(Wire.java:72)  >> "Content-Length: 66[\r][\n]"
2020-11-27 09:15:30 [ main:12958 ] - [ DEBUG ] org.apache.http.impl.conn.Wire.wire(Wire.java:72)  >> "Connection: Keep-Alive[\r][\n]"
2020-11-27 09:15:30 [ main:12968 ] - [ DEBUG ] org.apache.http.impl.conn.Wire.wire(Wire.java:72)  >> "User-Agent: Apache-HttpClient/4.3.6 (java 1.5)[\r][\n]"
2020-11-27 09:15:30 [ main:12971 ] - [ DEBUG ] org.apache.http.impl.conn.Wire.wire(Wire.java:72)  >> "Accept-Encoding: gzip,deflate[\r][\n]"
2020-11-27 09:15:30 [ main:12977 ] - [ DEBUG ] org.apache.http.impl.conn.Wire.wire(Wire.java:72)  >> "[\r][\n]"
2020-11-27 09:15:30 [ main:12980 ] - [ DEBUG ] org.apache.http.impl.conn.DefaultClientConnection.sendRequestHeader(DefaultClientConnection.java:272) >> POST /cgi-bin/department/create?access_token=TqasCuXIkbeHiJ47yLRoDXWmAeq_4pT_Tkv_KqxDih2pZUgiUEDEiYZB-Ixw-lBqL4emkDB5P8gmUmCGBO26yiD3yt4aYxTXbLnV-ZoDREkcNOjoG6sliCUciy5dRw2u7cbExzm22m8UHOt1edOesWKacRt7B0DvK0PzG35pdTUveYnxzL3EvUuMq4QO4bd4zBm-uiKpjWWukrnr6ULQ2A&access_token=TqasCuXIkbeHiJ47yLRoDXWmAeq_4pT_Tkv_KqxDih2pZUgiUEDEiYZB-Ixw-lBqL4emkDB5P8gmUmCGBO26yiD3yt4aYxTXbLnV-ZoDREkcNOjoG6sliCUciy5dRw2u7cbExzm22m8UHOt1edOesWKacRt7B0DvK0PzG35pdTUveYnxzL3EvUuMq4QO4bd4zBm-uiKpjWWukrnr6ULQ2A HTTP/1.1
2020-11-27 09:15:30 [ main:13066 ] - [ DEBUG ] org.apache.http.impl.conn.DefaultClientConnection.sendRequestHeader(DefaultClientConnection.java:275) >> Accept: */*
2020-11-27 09:15:30 [ main:13077 ] - [ DEBUG ] org.apache.http.impl.conn.DefaultClientConnection.sendRequestHeader(DefaultClientConnection.java:275) >> Host: qyapi.weixin.qq.com
2020-11-27 09:15:30 [ main:13082 ] - [ DEBUG ] org.apache.http.impl.conn.DefaultClientConnection.sendRequestHeader(DefaultClientConnection.java:275) >> Content-Type: application/json; charset=UTF-8
2020-11-27 09:15:30 [ main:13096 ] - [ DEBUG ] org.apache.http.impl.conn.DefaultClientConnection.sendRequestHeader(DefaultClientConnection.java:275) >> Content-Length: 66
2020-11-27 09:15:30 [ main:13183 ] - [ DEBUG ] org.apache.http.impl.conn.DefaultClientConnection.sendRequestHeader(DefaultClientConnection.java:275) >> Connection: Keep-Alive
2020-11-27 09:15:30 [ main:13193 ] - [ DEBUG ] org.apache.http.impl.conn.DefaultClientConnection.sendRequestHeader(DefaultClientConnection.java:275) >> User-Agent: Apache-HttpClient/4.3.6 (java 1.5)
2020-11-27 09:15:30 [ main:13201 ] - [ DEBUG ] org.apache.http.impl.conn.DefaultClientConnection.sendRequestHeader(DefaultClientConnection.java:275) >> Accept-Encoding: gzip,deflate
2020-11-27 09:15:30 [ main:13208 ] - [ DEBUG ] org.apache.http.impl.conn.Wire.wire(Wire.java:86)  >> "{"name":"department1606439716020","parentid":"1","order":1,"id":1}"
2020-11-27 09:15:30 [ main:13335 ] - [ DEBUG ] org.apache.http.impl.conn.Wire.wire(Wire.java:72)  << "HTTP/1.1 200 OK[\r][\n]"
2020-11-27 09:15:30 [ main:13342 ] - [ DEBUG ] org.apache.http.impl.conn.Wire.wire(Wire.java:72)  << "Server: nginx[\r][\n]"
2020-11-27 09:15:30 [ main:13354 ] - [ DEBUG ] org.apache.http.impl.conn.Wire.wire(Wire.java:72)  << "Date: Fri, 27 Nov 2020 01:15:30 GMT[\r][\n]"
2020-11-27 09:15:30 [ main:13410 ] - [ DEBUG ] org.apache.http.impl.conn.Wire.wire(Wire.java:72)  << "Content-Type: application/json; charset=UTF-8[\r][\n]"
2020-11-27 09:15:30 [ main:13419 ] - [ DEBUG ] org.apache.http.impl.conn.Wire.wire(Wire.java:72)  << "Content-Length: 228[\r][\n]"
2020-11-27 09:15:30 [ main:13423 ] - [ DEBUG ] org.apache.http.impl.conn.Wire.wire(Wire.java:72)  << "Connection: keep-alive[\r][\n]"
2020-11-27 09:15:30 [ main:13432 ] - [ DEBUG ] org.apache.http.impl.conn.Wire.wire(Wire.java:72)  << "Error-Code: 60011[\r][\n]"
2020-11-27 09:15:30 [ main:13436 ] - [ DEBUG ] org.apache.http.impl.conn.Wire.wire(Wire.java:72)  << "Error-Msg: no privilege to access/modify contact/party/agent , hint: [1606439730_54_0e180cdd6b50f4eb963822e11b0b397d], from ip: 58.247.101.198, more info at https://open.work.weixin.qq.com/devtool/query?e=60011[\r][\n]"
2020-11-27 09:15:30 [ main:13519 ] - [ DEBUG ] org.apache.http.impl.conn.Wire.wire(Wire.java:72)  << "[\r][\n]"
2020-11-27 09:15:30 [ main:13522 ] - [ DEBUG ] org.apache.http.impl.conn.DefaultClientConnection.receiveResponseHeader(DefaultClientConnection.java:253) Receiving response: HTTP/1.1 200 OK
2020-11-27 09:15:30 [ main:13531 ] - [ DEBUG ] org.apache.http.impl.conn.DefaultClientConnection.receiveResponseHeader(DefaultClientConnection.java:256) << HTTP/1.1 200 OK
2020-11-27 09:15:30 [ main:13605 ] - [ DEBUG ] org.apache.http.impl.conn.DefaultClientConnection.receiveResponseHeader(DefaultClientConnection.java:259) << Server: nginx
2020-11-27 09:15:30 [ main:13614 ] - [ DEBUG ] org.apache.http.impl.conn.DefaultClientConnection.receiveResponseHeader(DefaultClientConnection.java:259) << Date: Fri, 27 Nov 2020 01:15:30 GMT
2020-11-27 09:15:30 [ main:13622 ] - [ DEBUG ] org.apache.http.impl.conn.DefaultClientConnection.receiveResponseHeader(DefaultClientConnection.java:259) << Content-Type: application/json; charset=UTF-8
2020-11-27 09:15:30 [ main:13627 ] - [ DEBUG ] org.apache.http.impl.conn.DefaultClientConnection.receiveResponseHeader(DefaultClientConnection.java:259) << Content-Length: 228
2020-11-27 09:15:30 [ main:13677 ] - [ DEBUG ] org.apache.http.impl.conn.DefaultClientConnection.receiveResponseHeader(DefaultClientConnection.java:259) << Connection: keep-alive
2020-11-27 09:15:30 [ main:13681 ] - [ DEBUG ] org.apache.http.impl.conn.DefaultClientConnection.receiveResponseHeader(DefaultClientConnection.java:259) << Error-Code: 60011
2020-11-27 09:15:30 [ main:13688 ] - [ DEBUG ] org.apache.http.impl.conn.DefaultClientConnection.receiveResponseHeader(DefaultClientConnection.java:259) << Error-Msg: no privilege to access/modify contact/party/agent , hint: [1606439730_54_0e180cdd6b50f4eb963822e11b0b397d], from ip: 58.247.101.198, more info at https://open.work.weixin.qq.com/devtool/query?e=60011
2020-11-27 09:15:30 [ main:13701 ] - [ DEBUG ] org.apache.http.impl.client.DefaultRequestDirector.execute(DefaultRequestDirector.java:510) Connection can be kept alive indefinitely
2020-11-27 09:15:30 [ main:13712 ] - [ DEBUG ] io.restassured.internal.http.HTTPBuilder.parseResponse(HTTPBuilder.java:544) Parsing response as: application/json; charset=UTF-8
2020-11-27 09:15:30 [ main:13746 ] - [ DEBUG ] io.restassured.internal.http.HTTPBuilder.parseResponse(HTTPBuilder.java:547) Parsed data to instance of: class org.apache.http.conn.EofSensorInputStream
2020-11-27 09:15:30 [ main:13755 ] - [ DEBUG ] org.apache.http.impl.conn.Wire.wire(Wire.java:86)  << "{"errcode":60011,"errmsg":"no privilege to access/modify contact/party/agent , hint: [1606439730_54_0e180cdd6b50f4eb963822e11b0b397d], from ip: 58.247.101.198, more info at https://open.work.weixin.qq.com/devtool/query?e=60011"}"
2020-11-27 09:15:31 [ main:13817 ] - [ DEBUG ] org.apache.http.impl.conn.BasicClientConnectionManager.releaseConnection(BasicClientConnectionManager.java:196) Releasing connection org.apache.http.impl.conn.ManagedClientConnectionImpl@23eb6d13
2020-11-27 09:15:31 [ main:13826 ] - [ DEBUG ] org.apache.http.impl.conn.BasicClientConnectionManager.releaseConnection(BasicClientConnectionManager.java:221) Connection can be kept alive indefinitely
HTTP/1.1 200 OK
Server: nginx
Date: Fri, 27 Nov 2020 01:15:30 GMT
Content-Type: application/json; charset=UTF-8
Content-Length: 228
Connection: keep-alive
Error-Code: 60011
Error-Msg: no privilege to access/modify contact/party/agent , hint: [1606439730_54_0e180cdd6b50f4eb963822e11b0b397d], from ip: 58.247.101.198, more info at https://open.work.weixin.qq.com/devtool/query?e=60011

{
    "errcode": 60011,
    "errmsg": "no privilege to access/modify contact/party/agent , hint: [1606439730_54_0e180cdd6b50f4eb963822e11b0b397d], from ip: 58.247.101.198, more info at https://open.work.weixin.qq.com/devtool/query?e=60011"
}
2020-11-27 09:15:31 [ main:13878 ] - [ INFO ] workweixin.DepartmentTest.TestCreat(DepartmentTest.java:70) result:{
	"errcode":60011,
	"errmsg":"no privilege to access/modify contact/party/agent , hint: [1606439730_54_0e180cdd6b50f4eb963822e11b0b397d], from ip: 58.247.101.198, more info at https://open.work.weixin.qq.com/devtool/query?e=60011"
}
]]></system-out>
  </testcase>
  <testcase name="createByMap" classname="workweixin.DepartmentTest" time="1.534">
    <failure message="1 expectation failed.&#10;JSON path errcode doesn&apos;t match.&#10;Expected: &lt;0&gt;&#10;  Actual: 60011&#10;" type="java.lang.AssertionError"><![CDATA[java.lang.AssertionError: 
1 expectation failed.
JSON path errcode doesn't match.
Expected: <0>
  Actual: 60011

	at workweixin.DepartmentTest.createByMap(DepartmentTest.java:81)
]]></failure>
    <system-out><![CDATA[2020-11-27 09:15:31 [ main:13908 ] - [ INFO ] workweixin.Restful.getApiFromYaml(Restful.java:32) restful:Restful{url='https://qyapi.weixin.qq.com/cgi-bin/department/create', method='post', headers=null, query=null, body='null'}
2020-11-27 09:15:31 [ main:13951 ] - [ DEBUG ] com.jayway.jsonpath.internal.path.CompiledPath.evaluate(CompiledPath.java:47) Evaluating path: $['name']
2020-11-27 09:15:31 [ main:13955 ] - [ DEBUG ] com.jayway.jsonpath.internal.JsonContext.set(JsonContext.java:147) Set path $['name'] new value seveniruby_d1_map1606439716020
2020-11-27 09:15:31 [ main:13964 ] - [ DEBUG ] com.jayway.jsonpath.internal.path.CompiledPath.evaluate(CompiledPath.java:47) Evaluating path: $['parentid']
2020-11-27 09:15:31 [ main:13968 ] - [ DEBUG ] com.jayway.jsonpath.internal.JsonContext.set(JsonContext.java:147) Set path $['parentid'] new value 1
2020-11-27 09:15:31 [ main:14004 ] - [ INFO ] workweixin.Api.updateUrl(Api.java:175) 当前环境hosts:{qyapi.weixin.qq.com=qyapi.weixin.qq.com}
Request method:	POST
Request URI:	https://qyapi.weixin.qq.com/cgi-bin/department/create?access_token=TqasCuXIkbeHiJ47yLRoDXWmAeq_4pT_Tkv_KqxDih2pZUgiUEDEiYZB-Ixw-lBqL4emkDB5P8gmUmCGBO26yiD3yt4aYxTXbLnV-ZoDREkcNOjoG6sliCUciy5dRw2u7cbExzm22m8UHOt1edOesWKacRt7B0DvK0PzG35pdTUveYnxzL3EvUuMq4QO4bd4zBm-uiKpjWWukrnr6ULQ2A&access_token=TqasCuXIkbeHiJ47yLRoDXWmAeq_4pT_Tkv_KqxDih2pZUgiUEDEiYZB-Ixw-lBqL4emkDB5P8gmUmCGBO26yiD3yt4aYxTXbLnV-ZoDREkcNOjoG6sliCUciy5dRw2u7cbExzm22m8UHOt1edOesWKacRt7B0DvK0PzG35pdTUveYnxzL3EvUuMq4QO4bd4zBm-uiKpjWWukrnr6ULQ2A
Proxy:			<none>
Request params:	<none>
Query params:	access_token=[TqasCuXIkbeHiJ47yLRoDXWmAeq_4pT_Tkv_KqxDih2pZUgiUEDEiYZB-Ixw-lBqL4emkDB5P8gmUmCGBO26yiD3yt4aYxTXbLnV-ZoDREkcNOjoG6sliCUciy5dRw2u7cbExzm22m8UHOt1edOesWKacRt7B0DvK0PzG35pdTUveYnxzL3EvUuMq4QO4bd4zBm-uiKpjWWukrnr6ULQ2A, TqasCuXIkbeHiJ47yLRoDXWmAeq_4pT_Tkv_KqxDih2pZUgiUEDEiYZB-Ixw-lBqL4emkDB5P8gmUmCGBO26yiD3yt4aYxTXbLnV-ZoDREkcNOjoG6sliCUciy5dRw2u7cbExzm22m8UHOt1edOesWKacRt7B0DvK0PzG35pdTUveYnxzL3EvUuMq4QO4bd4zBm-uiKpjWWukrnr6ULQ2A]
Form params:	<none>
Path params:	<none>
Headers:		Host=qyapi.weixin.qq.com
				Accept=*/*
				Content-Type=application/json; charset=UTF-8
Cookies:		<none>
Multiparts:		<none>
Body:
{
    "name": "seveniruby_d1_map1606439716020",
    "parentid": "1",
    "order": 1,
    "id": 1
}
Request method:	POST
Request URI:	https://qyapi.weixin.qq.com/cgi-bin/department/create?access_token=TqasCuXIkbeHiJ47yLRoDXWmAeq_4pT_Tkv_KqxDih2pZUgiUEDEiYZB-Ixw-lBqL4emkDB5P8gmUmCGBO26yiD3yt4aYxTXbLnV-ZoDREkcNOjoG6sliCUciy5dRw2u7cbExzm22m8UHOt1edOesWKacRt7B0DvK0PzG35pdTUveYnxzL3EvUuMq4QO4bd4zBm-uiKpjWWukrnr6ULQ2A&access_token=TqasCuXIkbeHiJ47yLRoDXWmAeq_4pT_Tkv_KqxDih2pZUgiUEDEiYZB-Ixw-lBqL4emkDB5P8gmUmCGBO26yiD3yt4aYxTXbLnV-ZoDREkcNOjoG6sliCUciy5dRw2u7cbExzm22m8UHOt1edOesWKacRt7B0DvK0PzG35pdTUveYnxzL3EvUuMq4QO4bd4zBm-uiKpjWWukrnr6ULQ2A
Proxy:			<none>
Request params:	<none>
Query params:	access_token=[TqasCuXIkbeHiJ47yLRoDXWmAeq_4pT_Tkv_KqxDih2pZUgiUEDEiYZB-Ixw-lBqL4emkDB5P8gmUmCGBO26yiD3yt4aYxTXbLnV-ZoDREkcNOjoG6sliCUciy5dRw2u7cbExzm22m8UHOt1edOesWKacRt7B0DvK0PzG35pdTUveYnxzL3EvUuMq4QO4bd4zBm-uiKpjWWukrnr6ULQ2A, TqasCuXIkbeHiJ47yLRoDXWmAeq_4pT_Tkv_KqxDih2pZUgiUEDEiYZB-Ixw-lBqL4emkDB5P8gmUmCGBO26yiD3yt4aYxTXbLnV-ZoDREkcNOjoG6sliCUciy5dRw2u7cbExzm22m8UHOt1edOesWKacRt7B0DvK0PzG35pdTUveYnxzL3EvUuMq4QO4bd4zBm-uiKpjWWukrnr6ULQ2A]
Form params:	<none>
Path params:	<none>
Headers:		Host=qyapi.weixin.qq.com
				Accept=*/*
				Content-Type=application/json; charset=UTF-8
Cookies:		<none>
Multiparts:		<none>
Body:
{
    "name": "seveniruby_d1_map1606439716020",
    "parentid": "1",
    "order": 1,
    "id": 1
}
2020-11-27 09:15:31 [ main:14193 ] - [ DEBUG ] org.apache.http.impl.conn.BasicClientConnectionManager.getConnection(BasicClientConnectionManager.java:158) Get connection for route {s}->https://qyapi.weixin.qq.com
2020-11-27 09:15:31 [ main:14234 ] - [ DEBUG ] org.apache.http.impl.conn.DefaultClientConnectionOperator.openConnection(DefaultClientConnectionOperator.java:174) Connecting to qyapi.weixin.qq.com:443
2020-11-27 09:15:31 [ main:14478 ] - [ DEBUG ] org.apache.http.client.protocol.RequestAddCookies.process(RequestAddCookies.java:122) CookieSpec selected: ignoreCookies
2020-11-27 09:15:31 [ main:14483 ] - [ DEBUG ] org.apache.http.client.protocol.RequestAuthCache.process(RequestAuthCache.java:75) Auth cache not set in the context
2020-11-27 09:15:31 [ main:14486 ] - [ DEBUG ] org.apache.http.client.protocol.RequestTargetAuthentication.process(RequestTargetAuthentication.java:78) Target auth state: UNCHALLENGED
2020-11-27 09:15:31 [ main:14491 ] - [ DEBUG ] org.apache.http.client.protocol.RequestProxyAuthentication.process(RequestProxyAuthentication.java:87) Proxy auth state: UNCHALLENGED
2020-11-27 09:15:31 [ main:14495 ] - [ DEBUG ] org.apache.http.impl.client.DefaultRequestDirector.tryExecute(DefaultRequestDirector.java:683) Attempt 1 to execute request
2020-11-27 09:15:31 [ main:14500 ] - [ DEBUG ] org.apache.http.impl.conn.DefaultClientConnection.sendRequestHeader(DefaultClientConnection.java:268) Sending request: POST /cgi-bin/department/create?access_token=TqasCuXIkbeHiJ47yLRoDXWmAeq_4pT_Tkv_KqxDih2pZUgiUEDEiYZB-Ixw-lBqL4emkDB5P8gmUmCGBO26yiD3yt4aYxTXbLnV-ZoDREkcNOjoG6sliCUciy5dRw2u7cbExzm22m8UHOt1edOesWKacRt7B0DvK0PzG35pdTUveYnxzL3EvUuMq4QO4bd4zBm-uiKpjWWukrnr6ULQ2A&access_token=TqasCuXIkbeHiJ47yLRoDXWmAeq_4pT_Tkv_KqxDih2pZUgiUEDEiYZB-Ixw-lBqL4emkDB5P8gmUmCGBO26yiD3yt4aYxTXbLnV-ZoDREkcNOjoG6sliCUciy5dRw2u7cbExzm22m8UHOt1edOesWKacRt7B0DvK0PzG35pdTUveYnxzL3EvUuMq4QO4bd4zBm-uiKpjWWukrnr6ULQ2A HTTP/1.1
2020-11-27 09:15:31 [ main:14560 ] - [ DEBUG ] org.apache.http.impl.conn.Wire.wire(Wire.java:72)  >> "POST /cgi-bin/department/create?access_token=TqasCuXIkbeHiJ47yLRoDXWmAeq_4pT_Tkv_KqxDih2pZUgiUEDEiYZB-Ixw-lBqL4emkDB5P8gmUmCGBO26yiD3yt4aYxTXbLnV-ZoDREkcNOjoG6sliCUciy5dRw2u7cbExzm22m8UHOt1edOesWKacRt7B0DvK0PzG35pdTUveYnxzL3EvUuMq4QO4bd4zBm-uiKpjWWukrnr6ULQ2A&access_token=TqasCuXIkbeHiJ47yLRoDXWmAeq_4pT_Tkv_KqxDih2pZUgiUEDEiYZB-Ixw-lBqL4emkDB5P8gmUmCGBO26yiD3yt4aYxTXbLnV-ZoDREkcNOjoG6sliCUciy5dRw2u7cbExzm22m8UHOt1edOesWKacRt7B0DvK0PzG35pdTUveYnxzL3EvUuMq4QO4bd4zBm-uiKpjWWukrnr6ULQ2A HTTP/1.1[\r][\n]"
2020-11-27 09:15:31 [ main:14577 ] - [ DEBUG ] org.apache.http.impl.conn.Wire.wire(Wire.java:72)  >> "Accept: */*[\r][\n]"
2020-11-27 09:15:31 [ main:14619 ] - [ DEBUG ] org.apache.http.impl.conn.Wire.wire(Wire.java:72)  >> "Host: qyapi.weixin.qq.com[\r][\n]"
2020-11-27 09:15:31 [ main:14625 ] - [ DEBUG ] org.apache.http.impl.conn.Wire.wire(Wire.java:72)  >> "Content-Type: application/json; charset=UTF-8[\r][\n]"
2020-11-27 09:15:31 [ main:14636 ] - [ DEBUG ] org.apache.http.impl.conn.Wire.wire(Wire.java:72)  >> "Content-Length: 73[\r][\n]"
2020-11-27 09:15:31 [ main:14699 ] - [ DEBUG ] org.apache.http.impl.conn.Wire.wire(Wire.java:72)  >> "Connection: Keep-Alive[\r][\n]"
2020-11-27 09:15:31 [ main:14703 ] - [ DEBUG ] org.apache.http.impl.conn.Wire.wire(Wire.java:72)  >> "User-Agent: Apache-HttpClient/4.3.6 (java 1.5)[\r][\n]"
2020-11-27 09:15:31 [ main:14712 ] - [ DEBUG ] org.apache.http.impl.conn.Wire.wire(Wire.java:72)  >> "Accept-Encoding: gzip,deflate[\r][\n]"
2020-11-27 09:15:31 [ main:14716 ] - [ DEBUG ] org.apache.http.impl.conn.Wire.wire(Wire.java:72)  >> "[\r][\n]"
2020-11-27 09:15:31 [ main:14726 ] - [ DEBUG ] org.apache.http.impl.conn.DefaultClientConnection.sendRequestHeader(DefaultClientConnection.java:272) >> POST /cgi-bin/department/create?access_token=TqasCuXIkbeHiJ47yLRoDXWmAeq_4pT_Tkv_KqxDih2pZUgiUEDEiYZB-Ixw-lBqL4emkDB5P8gmUmCGBO26yiD3yt4aYxTXbLnV-ZoDREkcNOjoG6sliCUciy5dRw2u7cbExzm22m8UHOt1edOesWKacRt7B0DvK0PzG35pdTUveYnxzL3EvUuMq4QO4bd4zBm-uiKpjWWukrnr6ULQ2A&access_token=TqasCuXIkbeHiJ47yLRoDXWmAeq_4pT_Tkv_KqxDih2pZUgiUEDEiYZB-Ixw-lBqL4emkDB5P8gmUmCGBO26yiD3yt4aYxTXbLnV-ZoDREkcNOjoG6sliCUciy5dRw2u7cbExzm22m8UHOt1edOesWKacRt7B0DvK0PzG35pdTUveYnxzL3EvUuMq4QO4bd4zBm-uiKpjWWukrnr6ULQ2A HTTP/1.1
2020-11-27 09:15:32 [ main:14858 ] - [ DEBUG ] org.apache.http.impl.conn.DefaultClientConnection.sendRequestHeader(DefaultClientConnection.java:275) >> Accept: */*
2020-11-27 09:15:32 [ main:14864 ] - [ DEBUG ] org.apache.http.impl.conn.DefaultClientConnection.sendRequestHeader(DefaultClientConnection.java:275) >> Host: qyapi.weixin.qq.com
2020-11-27 09:15:32 [ main:14868 ] - [ DEBUG ] org.apache.http.impl.conn.DefaultClientConnection.sendRequestHeader(DefaultClientConnection.java:275) >> Content-Type: application/json; charset=UTF-8
2020-11-27 09:15:32 [ main:14930 ] - [ DEBUG ] org.apache.http.impl.conn.DefaultClientConnection.sendRequestHeader(DefaultClientConnection.java:275) >> Content-Length: 73
2020-11-27 09:15:32 [ main:14938 ] - [ DEBUG ] org.apache.http.impl.conn.DefaultClientConnection.sendRequestHeader(DefaultClientConnection.java:275) >> Connection: Keep-Alive
2020-11-27 09:15:32 [ main:14945 ] - [ DEBUG ] org.apache.http.impl.conn.DefaultClientConnection.sendRequestHeader(DefaultClientConnection.java:275) >> User-Agent: Apache-HttpClient/4.3.6 (java 1.5)
2020-11-27 09:15:32 [ main:14951 ] - [ DEBUG ] org.apache.http.impl.conn.DefaultClientConnection.sendRequestHeader(DefaultClientConnection.java:275) >> Accept-Encoding: gzip,deflate
2020-11-27 09:15:32 [ main:14994 ] - [ DEBUG ] org.apache.http.impl.conn.Wire.wire(Wire.java:86)  >> "{"name":"seveniruby_d1_map1606439716020","parentid":"1","order":1,"id":1}"
2020-11-27 09:15:32 [ main:15056 ] - [ DEBUG ] org.apache.http.impl.conn.Wire.wire(Wire.java:72)  << "HTTP/1.1 200 OK[\r][\n]"
2020-11-27 09:15:32 [ main:15060 ] - [ DEBUG ] org.apache.http.impl.conn.Wire.wire(Wire.java:72)  << "Server: nginx[\r][\n]"
2020-11-27 09:15:32 [ main:15063 ] - [ DEBUG ] org.apache.http.impl.conn.Wire.wire(Wire.java:72)  << "Date: Fri, 27 Nov 2020 01:15:32 GMT[\r][\n]"
2020-11-27 09:15:32 [ main:15067 ] - [ DEBUG ] org.apache.http.impl.conn.Wire.wire(Wire.java:72)  << "Content-Type: application/json; charset=UTF-8[\r][\n]"
2020-11-27 09:15:32 [ main:15072 ] - [ DEBUG ] org.apache.http.impl.conn.Wire.wire(Wire.java:72)  << "Content-Length: 228[\r][\n]"
2020-11-27 09:15:32 [ main:15128 ] - [ DEBUG ] org.apache.http.impl.conn.Wire.wire(Wire.java:72)  << "Connection: keep-alive[\r][\n]"
2020-11-27 09:15:32 [ main:15132 ] - [ DEBUG ] org.apache.http.impl.conn.Wire.wire(Wire.java:72)  << "Error-Code: 60011[\r][\n]"
2020-11-27 09:15:32 [ main:15136 ] - [ DEBUG ] org.apache.http.impl.conn.Wire.wire(Wire.java:72)  << "Error-Msg: no privilege to access/modify contact/party/agent , hint: [1606439732_54_f89bc4f3f2896ccc2e5c10273912e15c], from ip: 58.247.101.198, more info at https://open.work.weixin.qq.com/devtool/query?e=60011[\r][\n]"
2020-11-27 09:15:32 [ main:15145 ] - [ DEBUG ] org.apache.http.impl.conn.Wire.wire(Wire.java:72)  << "[\r][\n]"
2020-11-27 09:15:32 [ main:15150 ] - [ DEBUG ] org.apache.http.impl.conn.DefaultClientConnection.receiveResponseHeader(DefaultClientConnection.java:253) Receiving response: HTTP/1.1 200 OK
2020-11-27 09:15:32 [ main:15155 ] - [ DEBUG ] org.apache.http.impl.conn.DefaultClientConnection.receiveResponseHeader(DefaultClientConnection.java:256) << HTTP/1.1 200 OK
2020-11-27 09:15:32 [ main:15193 ] - [ DEBUG ] org.apache.http.impl.conn.DefaultClientConnection.receiveResponseHeader(DefaultClientConnection.java:259) << Server: nginx
2020-11-27 09:15:32 [ main:15197 ] - [ DEBUG ] org.apache.http.impl.conn.DefaultClientConnection.receiveResponseHeader(DefaultClientConnection.java:259) << Date: Fri, 27 Nov 2020 01:15:32 GMT
2020-11-27 09:15:32 [ main:15204 ] - [ DEBUG ] org.apache.http.impl.conn.DefaultClientConnection.receiveResponseHeader(DefaultClientConnection.java:259) << Content-Type: application/json; charset=UTF-8
2020-11-27 09:15:32 [ main:15214 ] - [ DEBUG ] org.apache.http.impl.conn.DefaultClientConnection.receiveResponseHeader(DefaultClientConnection.java:259) << Content-Length: 228
2020-11-27 09:15:32 [ main:15265 ] - [ DEBUG ] org.apache.http.impl.conn.DefaultClientConnection.receiveResponseHeader(DefaultClientConnection.java:259) << Connection: keep-alive
2020-11-27 09:15:32 [ main:15274 ] - [ DEBUG ] org.apache.http.impl.conn.DefaultClientConnection.receiveResponseHeader(DefaultClientConnection.java:259) << Error-Code: 60011
2020-11-27 09:15:32 [ main:15278 ] - [ DEBUG ] org.apache.http.impl.conn.DefaultClientConnection.receiveResponseHeader(DefaultClientConnection.java:259) << Error-Msg: no privilege to access/modify contact/party/agent , hint: [1606439732_54_f89bc4f3f2896ccc2e5c10273912e15c], from ip: 58.247.101.198, more info at https://open.work.weixin.qq.com/devtool/query?e=60011
2020-11-27 09:15:32 [ main:15327 ] - [ DEBUG ] org.apache.http.impl.client.DefaultRequestDirector.execute(DefaultRequestDirector.java:510) Connection can be kept alive indefinitely
2020-11-27 09:15:32 [ main:15336 ] - [ DEBUG ] io.restassured.internal.http.HTTPBuilder.parseResponse(HTTPBuilder.java:544) Parsing response as: application/json; charset=UTF-8
2020-11-27 09:15:32 [ main:15341 ] - [ DEBUG ] io.restassured.internal.http.HTTPBuilder.parseResponse(HTTPBuilder.java:547) Parsed data to instance of: class org.apache.http.conn.EofSensorInputStream
2020-11-27 09:15:32 [ main:15349 ] - [ DEBUG ] org.apache.http.impl.conn.Wire.wire(Wire.java:86)  << "{"errcode":60011,"errmsg":"no privilege to access/modify contact/party/agent , hint: [1606439732_54_f89bc4f3f2896ccc2e5c10273912e15c], from ip: 58.247.101.198, more info at https://open.work.weixin.qq.com/devtool/query?e=60011"}"
2020-11-27 09:15:32 [ main:15359 ] - [ DEBUG ] org.apache.http.impl.conn.BasicClientConnectionManager.releaseConnection(BasicClientConnectionManager.java:196) Releasing connection org.apache.http.impl.conn.ManagedClientConnectionImpl@1c09bb7a
2020-11-27 09:15:32 [ main:15398 ] - [ DEBUG ] org.apache.http.impl.conn.BasicClientConnectionManager.releaseConnection(BasicClientConnectionManager.java:221) Connection can be kept alive indefinitely
HTTP/1.1 200 OK
Server: nginx
Date: Fri, 27 Nov 2020 01:15:32 GMT
Content-Type: application/json; charset=UTF-8
Content-Length: 228
Connection: keep-alive
Error-Code: 60011
Error-Msg: no privilege to access/modify contact/party/agent , hint: [1606439732_54_f89bc4f3f2896ccc2e5c10273912e15c], from ip: 58.247.101.198, more info at https://open.work.weixin.qq.com/devtool/query?e=60011

{
    "errcode": 60011,
    "errmsg": "no privilege to access/modify contact/party/agent , hint: [1606439732_54_f89bc4f3f2896ccc2e5c10273912e15c], from ip: 58.247.101.198, more info at https://open.work.weixin.qq.com/devtool/query?e=60011"
}
]]></system-out>
  </testcase>
  <testcase name="createWithChinese" classname="workweixin.DepartmentTest" time="1.813">
    <failure message="1 expectation failed.&#10;JSON path errcode doesn&apos;t match.&#10;Expected: &lt;0&gt;&#10;  Actual: 60011&#10;" type="java.lang.AssertionError"><![CDATA[java.lang.AssertionError: 
1 expectation failed.
JSON path errcode doesn't match.
Expected: <0>
  Actual: 60011

	at workweixin.DepartmentTest.createWithChinese(DepartmentTest.java:85)
]]></failure>
    <system-out><![CDATA[2020-11-27 09:15:32 [ main:15449 ] - [ INFO ] workweixin.Restful.getApiFromYaml(Restful.java:32) restful:Restful{url='https://qyapi.weixin.qq.com/cgi-bin/department/create', method='post', headers=null, query=null, body='null'}
2020-11-27 09:15:32 [ main:15516 ] - [ DEBUG ] com.jayway.jsonpath.internal.path.CompiledPath.evaluate(CompiledPath.java:47) Evaluating path: $['name']
2020-11-27 09:15:32 [ main:15527 ] - [ DEBUG ] com.jayway.jsonpath.internal.JsonContext.set(JsonContext.java:147) Set path $['name'] new value 思寒department1606439716020
2020-11-27 09:15:32 [ main:15542 ] - [ DEBUG ] com.jayway.jsonpath.internal.path.CompiledPath.evaluate(CompiledPath.java:47) Evaluating path: $['parentid']
2020-11-27 09:15:32 [ main:15548 ] - [ DEBUG ] com.jayway.jsonpath.internal.JsonContext.set(JsonContext.java:147) Set path $['parentid'] new value 1
2020-11-27 09:15:32 [ main:15561 ] - [ INFO ] workweixin.Api.updateUrl(Api.java:175) 当前环境hosts:{qyapi.weixin.qq.com=qyapi.weixin.qq.com}
Request method:	POST
Request URI:	https://qyapi.weixin.qq.com/cgi-bin/department/create?access_token=TqasCuXIkbeHiJ47yLRoDXWmAeq_4pT_Tkv_KqxDih2pZUgiUEDEiYZB-Ixw-lBqL4emkDB5P8gmUmCGBO26yiD3yt4aYxTXbLnV-ZoDREkcNOjoG6sliCUciy5dRw2u7cbExzm22m8UHOt1edOesWKacRt7B0DvK0PzG35pdTUveYnxzL3EvUuMq4QO4bd4zBm-uiKpjWWukrnr6ULQ2A&access_token=TqasCuXIkbeHiJ47yLRoDXWmAeq_4pT_Tkv_KqxDih2pZUgiUEDEiYZB-Ixw-lBqL4emkDB5P8gmUmCGBO26yiD3yt4aYxTXbLnV-ZoDREkcNOjoG6sliCUciy5dRw2u7cbExzm22m8UHOt1edOesWKacRt7B0DvK0PzG35pdTUveYnxzL3EvUuMq4QO4bd4zBm-uiKpjWWukrnr6ULQ2A
Proxy:			<none>
Request params:	<none>
Query params:	access_token=[TqasCuXIkbeHiJ47yLRoDXWmAeq_4pT_Tkv_KqxDih2pZUgiUEDEiYZB-Ixw-lBqL4emkDB5P8gmUmCGBO26yiD3yt4aYxTXbLnV-ZoDREkcNOjoG6sliCUciy5dRw2u7cbExzm22m8UHOt1edOesWKacRt7B0DvK0PzG35pdTUveYnxzL3EvUuMq4QO4bd4zBm-uiKpjWWukrnr6ULQ2A, TqasCuXIkbeHiJ47yLRoDXWmAeq_4pT_Tkv_KqxDih2pZUgiUEDEiYZB-Ixw-lBqL4emkDB5P8gmUmCGBO26yiD3yt4aYxTXbLnV-ZoDREkcNOjoG6sliCUciy5dRw2u7cbExzm22m8UHOt1edOesWKacRt7B0DvK0PzG35pdTUveYnxzL3EvUuMq4QO4bd4zBm-uiKpjWWukrnr6ULQ2A]
Form params:	<none>
Path params:	<none>
Headers:		Host=qyapi.weixin.qq.com
				Accept=*/*
				Content-Type=application/json; charset=UTF-8
Cookies:		<none>
Multiparts:		<none>
Body:
{
    "name": "思寒department1606439716020",
    "parentid": "1",
    "order": 1,
    "id": 1
}
Request method:	POST
Request URI:	https://qyapi.weixin.qq.com/cgi-bin/department/create?access_token=TqasCuXIkbeHiJ47yLRoDXWmAeq_4pT_Tkv_KqxDih2pZUgiUEDEiYZB-Ixw-lBqL4emkDB5P8gmUmCGBO26yiD3yt4aYxTXbLnV-ZoDREkcNOjoG6sliCUciy5dRw2u7cbExzm22m8UHOt1edOesWKacRt7B0DvK0PzG35pdTUveYnxzL3EvUuMq4QO4bd4zBm-uiKpjWWukrnr6ULQ2A&access_token=TqasCuXIkbeHiJ47yLRoDXWmAeq_4pT_Tkv_KqxDih2pZUgiUEDEiYZB-Ixw-lBqL4emkDB5P8gmUmCGBO26yiD3yt4aYxTXbLnV-ZoDREkcNOjoG6sliCUciy5dRw2u7cbExzm22m8UHOt1edOesWKacRt7B0DvK0PzG35pdTUveYnxzL3EvUuMq4QO4bd4zBm-uiKpjWWukrnr6ULQ2A
Proxy:			<none>
Request params:	<none>
Query params:	access_token=[TqasCuXIkbeHiJ47yLRoDXWmAeq_4pT_Tkv_KqxDih2pZUgiUEDEiYZB-Ixw-lBqL4emkDB5P8gmUmCGBO26yiD3yt4aYxTXbLnV-ZoDREkcNOjoG6sliCUciy5dRw2u7cbExzm22m8UHOt1edOesWKacRt7B0DvK0PzG35pdTUveYnxzL3EvUuMq4QO4bd4zBm-uiKpjWWukrnr6ULQ2A, TqasCuXIkbeHiJ47yLRoDXWmAeq_4pT_Tkv_KqxDih2pZUgiUEDEiYZB-Ixw-lBqL4emkDB5P8gmUmCGBO26yiD3yt4aYxTXbLnV-ZoDREkcNOjoG6sliCUciy5dRw2u7cbExzm22m8UHOt1edOesWKacRt7B0DvK0PzG35pdTUveYnxzL3EvUuMq4QO4bd4zBm-uiKpjWWukrnr6ULQ2A]
Form params:	<none>
Path params:	<none>
Headers:		Host=qyapi.weixin.qq.com
				Accept=*/*
				Content-Type=application/json; charset=UTF-8
Cookies:		<none>
Multiparts:		<none>
Body:
{
    "name": "思寒department1606439716020",
    "parentid": "1",
    "order": 1,
    "id": 1
}
2020-11-27 09:15:33 [ main:15827 ] - [ DEBUG ] org.apache.http.impl.conn.BasicClientConnectionManager.getConnection(BasicClientConnectionManager.java:158) Get connection for route {s}->https://qyapi.weixin.qq.com
2020-11-27 09:15:33 [ main:15889 ] - [ DEBUG ] org.apache.http.impl.conn.DefaultClientConnectionOperator.openConnection(DefaultClientConnectionOperator.java:174) Connecting to qyapi.weixin.qq.com:443
2020-11-27 09:15:33 [ main:16099 ] - [ DEBUG ] org.apache.http.client.protocol.RequestAddCookies.process(RequestAddCookies.java:122) CookieSpec selected: ignoreCookies
2020-11-27 09:15:33 [ main:16107 ] - [ DEBUG ] org.apache.http.client.protocol.RequestAuthCache.process(RequestAuthCache.java:75) Auth cache not set in the context
2020-11-27 09:15:33 [ main:16115 ] - [ DEBUG ] org.apache.http.client.protocol.RequestTargetAuthentication.process(RequestTargetAuthentication.java:78) Target auth state: UNCHALLENGED
2020-11-27 09:15:33 [ main:16119 ] - [ DEBUG ] org.apache.http.client.protocol.RequestProxyAuthentication.process(RequestProxyAuthentication.java:87) Proxy auth state: UNCHALLENGED
2020-11-27 09:15:33 [ main:16164 ] - [ DEBUG ] org.apache.http.impl.client.DefaultRequestDirector.tryExecute(DefaultRequestDirector.java:683) Attempt 1 to execute request
2020-11-27 09:15:33 [ main:16181 ] - [ DEBUG ] org.apache.http.impl.conn.DefaultClientConnection.sendRequestHeader(DefaultClientConnection.java:268) Sending request: POST /cgi-bin/department/create?access_token=TqasCuXIkbeHiJ47yLRoDXWmAeq_4pT_Tkv_KqxDih2pZUgiUEDEiYZB-Ixw-lBqL4emkDB5P8gmUmCGBO26yiD3yt4aYxTXbLnV-ZoDREkcNOjoG6sliCUciy5dRw2u7cbExzm22m8UHOt1edOesWKacRt7B0DvK0PzG35pdTUveYnxzL3EvUuMq4QO4bd4zBm-uiKpjWWukrnr6ULQ2A&access_token=TqasCuXIkbeHiJ47yLRoDXWmAeq_4pT_Tkv_KqxDih2pZUgiUEDEiYZB-Ixw-lBqL4emkDB5P8gmUmCGBO26yiD3yt4aYxTXbLnV-ZoDREkcNOjoG6sliCUciy5dRw2u7cbExzm22m8UHOt1edOesWKacRt7B0DvK0PzG35pdTUveYnxzL3EvUuMq4QO4bd4zBm-uiKpjWWukrnr6ULQ2A HTTP/1.1
2020-11-27 09:15:33 [ main:16262 ] - [ DEBUG ] org.apache.http.impl.conn.Wire.wire(Wire.java:72)  >> "POST /cgi-bin/department/create?access_token=TqasCuXIkbeHiJ47yLRoDXWmAeq_4pT_Tkv_KqxDih2pZUgiUEDEiYZB-Ixw-lBqL4emkDB5P8gmUmCGBO26yiD3yt4aYxTXbLnV-ZoDREkcNOjoG6sliCUciy5dRw2u7cbExzm22m8UHOt1edOesWKacRt7B0DvK0PzG35pdTUveYnxzL3EvUuMq4QO4bd4zBm-uiKpjWWukrnr6ULQ2A&access_token=TqasCuXIkbeHiJ47yLRoDXWmAeq_4pT_Tkv_KqxDih2pZUgiUEDEiYZB-Ixw-lBqL4emkDB5P8gmUmCGBO26yiD3yt4aYxTXbLnV-ZoDREkcNOjoG6sliCUciy5dRw2u7cbExzm22m8UHOt1edOesWKacRt7B0DvK0PzG35pdTUveYnxzL3EvUuMq4QO4bd4zBm-uiKpjWWukrnr6ULQ2A HTTP/1.1[\r][\n]"
2020-11-27 09:15:33 [ main:16299 ] - [ DEBUG ] org.apache.http.impl.conn.Wire.wire(Wire.java:72)  >> "Accept: */*[\r][\n]"
2020-11-27 09:15:33 [ main:16354 ] - [ DEBUG ] org.apache.http.impl.conn.Wire.wire(Wire.java:72)  >> "Host: qyapi.weixin.qq.com[\r][\n]"
2020-11-27 09:15:33 [ main:16358 ] - [ DEBUG ] org.apache.http.impl.conn.Wire.wire(Wire.java:72)  >> "Content-Type: application/json; charset=UTF-8[\r][\n]"
2020-11-27 09:15:33 [ main:16365 ] - [ DEBUG ] org.apache.http.impl.conn.Wire.wire(Wire.java:72)  >> "Content-Length: 72[\r][\n]"
2020-11-27 09:15:33 [ main:16368 ] - [ DEBUG ] org.apache.http.impl.conn.Wire.wire(Wire.java:72)  >> "Connection: Keep-Alive[\r][\n]"
2020-11-27 09:15:33 [ main:16371 ] - [ DEBUG ] org.apache.http.impl.conn.Wire.wire(Wire.java:72)  >> "User-Agent: Apache-HttpClient/4.3.6 (java 1.5)[\r][\n]"
2020-11-27 09:15:33 [ main:16435 ] - [ DEBUG ] org.apache.http.impl.conn.Wire.wire(Wire.java:72)  >> "Accept-Encoding: gzip,deflate[\r][\n]"
2020-11-27 09:15:33 [ main:16439 ] - [ DEBUG ] org.apache.http.impl.conn.Wire.wire(Wire.java:72)  >> "[\r][\n]"
2020-11-27 09:15:33 [ main:16447 ] - [ DEBUG ] org.apache.http.impl.conn.DefaultClientConnection.sendRequestHeader(DefaultClientConnection.java:272) >> POST /cgi-bin/department/create?access_token=TqasCuXIkbeHiJ47yLRoDXWmAeq_4pT_Tkv_KqxDih2pZUgiUEDEiYZB-Ixw-lBqL4emkDB5P8gmUmCGBO26yiD3yt4aYxTXbLnV-ZoDREkcNOjoG6sliCUciy5dRw2u7cbExzm22m8UHOt1edOesWKacRt7B0DvK0PzG35pdTUveYnxzL3EvUuMq4QO4bd4zBm-uiKpjWWukrnr6ULQ2A&access_token=TqasCuXIkbeHiJ47yLRoDXWmAeq_4pT_Tkv_KqxDih2pZUgiUEDEiYZB-Ixw-lBqL4emkDB5P8gmUmCGBO26yiD3yt4aYxTXbLnV-ZoDREkcNOjoG6sliCUciy5dRw2u7cbExzm22m8UHOt1edOesWKacRt7B0DvK0PzG35pdTUveYnxzL3EvUuMq4QO4bd4zBm-uiKpjWWukrnr6ULQ2A HTTP/1.1
2020-11-27 09:15:33 [ main:16493 ] - [ DEBUG ] org.apache.http.impl.conn.DefaultClientConnection.sendRequestHeader(DefaultClientConnection.java:275) >> Accept: */*
2020-11-27 09:15:33 [ main:16498 ] - [ DEBUG ] org.apache.http.impl.conn.DefaultClientConnection.sendRequestHeader(DefaultClientConnection.java:275) >> Host: qyapi.weixin.qq.com
2020-11-27 09:15:33 [ main:16508 ] - [ DEBUG ] org.apache.http.impl.conn.DefaultClientConnection.sendRequestHeader(DefaultClientConnection.java:275) >> Content-Type: application/json; charset=UTF-8
2020-11-27 09:15:33 [ main:16513 ] - [ DEBUG ] org.apache.http.impl.conn.DefaultClientConnection.sendRequestHeader(DefaultClientConnection.java:275) >> Content-Length: 72
2020-11-27 09:15:33 [ main:16525 ] - [ DEBUG ] org.apache.http.impl.conn.DefaultClientConnection.sendRequestHeader(DefaultClientConnection.java:275) >> Connection: Keep-Alive
2020-11-27 09:15:33 [ main:16580 ] - [ DEBUG ] org.apache.http.impl.conn.DefaultClientConnection.sendRequestHeader(DefaultClientConnection.java:275) >> User-Agent: Apache-HttpClient/4.3.6 (java 1.5)
2020-11-27 09:15:33 [ main:16591 ] - [ DEBUG ] org.apache.http.impl.conn.DefaultClientConnection.sendRequestHeader(DefaultClientConnection.java:275) >> Accept-Encoding: gzip,deflate
2020-11-27 09:15:33 [ main:16596 ] - [ DEBUG ] org.apache.http.impl.conn.Wire.wire(Wire.java:86)  >> "{"name":"[0xe6][0x80][0x9d][0xe5][0xaf][0x92]department1606439716020","parentid":"1","order":1,"id":1}"
2020-11-27 09:15:33 [ main:16675 ] - [ DEBUG ] org.apache.http.impl.conn.Wire.wire(Wire.java:72)  << "HTTP/1.1 200 OK[\r][\n]"
2020-11-27 09:15:33 [ main:16682 ] - [ DEBUG ] org.apache.http.impl.conn.Wire.wire(Wire.java:72)  << "Server: nginx[\r][\n]"
2020-11-27 09:15:33 [ main:16685 ] - [ DEBUG ] org.apache.http.impl.conn.Wire.wire(Wire.java:72)  << "Date: Fri, 27 Nov 2020 01:15:33 GMT[\r][\n]"
2020-11-27 09:15:33 [ main:16696 ] - [ DEBUG ] org.apache.http.impl.conn.Wire.wire(Wire.java:72)  << "Content-Type: application/json; charset=UTF-8[\r][\n]"
2020-11-27 09:15:33 [ main:16751 ] - [ DEBUG ] org.apache.http.impl.conn.Wire.wire(Wire.java:72)  << "Content-Length: 228[\r][\n]"
2020-11-27 09:15:33 [ main:16754 ] - [ DEBUG ] org.apache.http.impl.conn.Wire.wire(Wire.java:72)  << "Connection: keep-alive[\r][\n]"
2020-11-27 09:15:33 [ main:16758 ] - [ DEBUG ] org.apache.http.impl.conn.Wire.wire(Wire.java:72)  << "Error-Code: 60011[\r][\n]"
2020-11-27 09:15:33 [ main:16766 ] - [ DEBUG ] org.apache.http.impl.conn.Wire.wire(Wire.java:72)  << "Error-Msg: no privilege to access/modify contact/party/agent , hint: [1606439733_54_a5f39081b5ea5bea3252f959fca0e23a], from ip: 58.247.101.198, more info at https://open.work.weixin.qq.com/devtool/query?e=60011[\r][\n]"
2020-11-27 09:15:34 [ main:16820 ] - [ DEBUG ] org.apache.http.impl.conn.Wire.wire(Wire.java:72)  << "[\r][\n]"
2020-11-27 09:15:34 [ main:16826 ] - [ DEBUG ] org.apache.http.impl.conn.DefaultClientConnection.receiveResponseHeader(DefaultClientConnection.java:253) Receiving response: HTTP/1.1 200 OK
2020-11-27 09:15:34 [ main:16831 ] - [ DEBUG ] org.apache.http.impl.conn.DefaultClientConnection.receiveResponseHeader(DefaultClientConnection.java:256) << HTTP/1.1 200 OK
2020-11-27 09:15:34 [ main:16839 ] - [ DEBUG ] org.apache.http.impl.conn.DefaultClientConnection.receiveResponseHeader(DefaultClientConnection.java:259) << Server: nginx
2020-11-27 09:15:34 [ main:16844 ] - [ DEBUG ] org.apache.http.impl.conn.DefaultClientConnection.receiveResponseHeader(DefaultClientConnection.java:259) << Date: Fri, 27 Nov 2020 01:15:33 GMT
2020-11-27 09:15:34 [ main:16900 ] - [ DEBUG ] org.apache.http.impl.conn.DefaultClientConnection.receiveResponseHeader(DefaultClientConnection.java:259) << Content-Type: application/json; charset=UTF-8
2020-11-27 09:15:34 [ main:16912 ] - [ DEBUG ] org.apache.http.impl.conn.DefaultClientConnection.receiveResponseHeader(DefaultClientConnection.java:259) << Content-Length: 228
2020-11-27 09:15:34 [ main:16916 ] - [ DEBUG ] org.apache.http.impl.conn.DefaultClientConnection.receiveResponseHeader(DefaultClientConnection.java:259) << Connection: keep-alive
2020-11-27 09:15:34 [ main:16925 ] - [ DEBUG ] org.apache.http.impl.conn.DefaultClientConnection.receiveResponseHeader(DefaultClientConnection.java:259) << Error-Code: 60011
2020-11-27 09:15:34 [ main:16999 ] - [ DEBUG ] org.apache.http.impl.conn.DefaultClientConnection.receiveResponseHeader(DefaultClientConnection.java:259) << Error-Msg: no privilege to access/modify contact/party/agent , hint: [1606439733_54_a5f39081b5ea5bea3252f959fca0e23a], from ip: 58.247.101.198, more info at https://open.work.weixin.qq.com/devtool/query?e=60011
2020-11-27 09:15:34 [ main:17062 ] - [ DEBUG ] org.apache.http.impl.client.DefaultRequestDirector.execute(DefaultRequestDirector.java:510) Connection can be kept alive indefinitely
2020-11-27 09:15:34 [ main:17070 ] - [ DEBUG ] io.restassured.internal.http.HTTPBuilder.parseResponse(HTTPBuilder.java:544) Parsing response as: application/json; charset=UTF-8
2020-11-27 09:15:34 [ main:17075 ] - [ DEBUG ] io.restassured.internal.http.HTTPBuilder.parseResponse(HTTPBuilder.java:547) Parsed data to instance of: class org.apache.http.conn.EofSensorInputStream
2020-11-27 09:15:34 [ main:17131 ] - [ DEBUG ] org.apache.http.impl.conn.Wire.wire(Wire.java:86)  << "{"errcode":60011,"errmsg":"no privilege to access/modify contact/party/agent , hint: [1606439733_54_a5f39081b5ea5bea3252f959fca0e23a], from ip: 58.247.101.198, more info at https://open.work.weixin.qq.com/devtool/query?e=60011"}"
2020-11-27 09:15:34 [ main:17143 ] - [ DEBUG ] org.apache.http.impl.conn.BasicClientConnectionManager.releaseConnection(BasicClientConnectionManager.java:196) Releasing connection org.apache.http.impl.conn.ManagedClientConnectionImpl@f245168
2020-11-27 09:15:34 [ main:17152 ] - [ DEBUG ] org.apache.http.impl.conn.BasicClientConnectionManager.releaseConnection(BasicClientConnectionManager.java:221) Connection can be kept alive indefinitely
HTTP/1.1 200 OK
Server: nginx
Date: Fri, 27 Nov 2020 01:15:33 GMT
Content-Type: application/json; charset=UTF-8
Content-Length: 228
Connection: keep-alive
Error-Code: 60011
Error-Msg: no privilege to access/modify contact/party/agent , hint: [1606439733_54_a5f39081b5ea5bea3252f959fca0e23a], from ip: 58.247.101.198, more info at https://open.work.weixin.qq.com/devtool/query?e=60011

{
    "errcode": 60011,
    "errmsg": "no privilege to access/modify contact/party/agent , hint: [1606439733_54_a5f39081b5ea5bea3252f959fca0e23a], from ip: 58.247.101.198, more info at https://open.work.weixin.qq.com/devtool/query?e=60011"
}
]]></system-out>
  </testcase>
  <testcase name="createWithCSV" classname="workweixin.DepartmentTest" time="2.181">
    <failure message="1 expectation failed.&#10;JSON path errcode doesn&apos;t match.&#10;Expected: &lt;0&gt;&#10;  Actual: 60011&#10;" type="java.lang.AssertionError"><![CDATA[java.lang.AssertionError: 
1 expectation failed.
JSON path errcode doesn't match.
Expected: <0>
  Actual: 60011

	at workweixin.DepartmentTest.createWithCSV(DepartmentTest.java:97)
]]></failure>
    <system-out><![CDATA[2020-11-27 09:15:34 [ main:17274 ] - [ INFO ] workweixin.Restful.getApiFromYaml(Restful.java:32) restful:Restful{url='https://qyapi.weixin.qq.com/cgi-bin/department/create', method='post', headers=null, query=null, body='null'}
2020-11-27 09:15:34 [ main:17281 ] - [ DEBUG ] com.jayway.jsonpath.internal.path.CompiledPath.evaluate(CompiledPath.java:47) Evaluating path: $['name']
2020-11-27 09:15:34 [ main:17288 ] - [ DEBUG ] com.jayway.jsonpath.internal.JsonContext.set(JsonContext.java:147) Set path $['name'] new value dup1_1606439716020
2020-11-27 09:15:34 [ main:17293 ] - [ DEBUG ] com.jayway.jsonpath.internal.path.CompiledPath.evaluate(CompiledPath.java:47) Evaluating path: $['parentid']
2020-11-27 09:15:34 [ main:17304 ] - [ DEBUG ] com.jayway.jsonpath.internal.JsonContext.set(JsonContext.java:147) Set path $['parentid'] new value 1
2020-11-27 09:15:34 [ main:17358 ] - [ INFO ] workweixin.Api.updateUrl(Api.java:175) 当前环境hosts:{qyapi.weixin.qq.com=qyapi.weixin.qq.com}
Request method:	POST
Request URI:	https://qyapi.weixin.qq.com/cgi-bin/department/create?access_token=TqasCuXIkbeHiJ47yLRoDXWmAeq_4pT_Tkv_KqxDih2pZUgiUEDEiYZB-Ixw-lBqL4emkDB5P8gmUmCGBO26yiD3yt4aYxTXbLnV-ZoDREkcNOjoG6sliCUciy5dRw2u7cbExzm22m8UHOt1edOesWKacRt7B0DvK0PzG35pdTUveYnxzL3EvUuMq4QO4bd4zBm-uiKpjWWukrnr6ULQ2A&access_token=TqasCuXIkbeHiJ47yLRoDXWmAeq_4pT_Tkv_KqxDih2pZUgiUEDEiYZB-Ixw-lBqL4emkDB5P8gmUmCGBO26yiD3yt4aYxTXbLnV-ZoDREkcNOjoG6sliCUciy5dRw2u7cbExzm22m8UHOt1edOesWKacRt7B0DvK0PzG35pdTUveYnxzL3EvUuMq4QO4bd4zBm-uiKpjWWukrnr6ULQ2A
Proxy:			<none>
Request params:	<none>
Query params:	access_token=[TqasCuXIkbeHiJ47yLRoDXWmAeq_4pT_Tkv_KqxDih2pZUgiUEDEiYZB-Ixw-lBqL4emkDB5P8gmUmCGBO26yiD3yt4aYxTXbLnV-ZoDREkcNOjoG6sliCUciy5dRw2u7cbExzm22m8UHOt1edOesWKacRt7B0DvK0PzG35pdTUveYnxzL3EvUuMq4QO4bd4zBm-uiKpjWWukrnr6ULQ2A, TqasCuXIkbeHiJ47yLRoDXWmAeq_4pT_Tkv_KqxDih2pZUgiUEDEiYZB-Ixw-lBqL4emkDB5P8gmUmCGBO26yiD3yt4aYxTXbLnV-ZoDREkcNOjoG6sliCUciy5dRw2u7cbExzm22m8UHOt1edOesWKacRt7B0DvK0PzG35pdTUveYnxzL3EvUuMq4QO4bd4zBm-uiKpjWWukrnr6ULQ2A]
Form params:	<none>
Path params:	<none>
Headers:		Host=qyapi.weixin.qq.com
				Accept=*/*
				Content-Type=application/json; charset=UTF-8
Cookies:		<none>
Multiparts:		<none>
Body:
{
    "name": "dup1_1606439716020",
    "parentid": "1",
    "order": 1,
    "id": 1
}
Request method:	POST
Request URI:	https://qyapi.weixin.qq.com/cgi-bin/department/create?access_token=TqasCuXIkbeHiJ47yLRoDXWmAeq_4pT_Tkv_KqxDih2pZUgiUEDEiYZB-Ixw-lBqL4emkDB5P8gmUmCGBO26yiD3yt4aYxTXbLnV-ZoDREkcNOjoG6sliCUciy5dRw2u7cbExzm22m8UHOt1edOesWKacRt7B0DvK0PzG35pdTUveYnxzL3EvUuMq4QO4bd4zBm-uiKpjWWukrnr6ULQ2A&access_token=TqasCuXIkbeHiJ47yLRoDXWmAeq_4pT_Tkv_KqxDih2pZUgiUEDEiYZB-Ixw-lBqL4emkDB5P8gmUmCGBO26yiD3yt4aYxTXbLnV-ZoDREkcNOjoG6sliCUciy5dRw2u7cbExzm22m8UHOt1edOesWKacRt7B0DvK0PzG35pdTUveYnxzL3EvUuMq4QO4bd4zBm-uiKpjWWukrnr6ULQ2A
Proxy:			<none>
Request params:	<none>
Query params:	access_token=[TqasCuXIkbeHiJ47yLRoDXWmAeq_4pT_Tkv_KqxDih2pZUgiUEDEiYZB-Ixw-lBqL4emkDB5P8gmUmCGBO26yiD3yt4aYxTXbLnV-ZoDREkcNOjoG6sliCUciy5dRw2u7cbExzm22m8UHOt1edOesWKacRt7B0DvK0PzG35pdTUveYnxzL3EvUuMq4QO4bd4zBm-uiKpjWWukrnr6ULQ2A, TqasCuXIkbeHiJ47yLRoDXWmAeq_4pT_Tkv_KqxDih2pZUgiUEDEiYZB-Ixw-lBqL4emkDB5P8gmUmCGBO26yiD3yt4aYxTXbLnV-ZoDREkcNOjoG6sliCUciy5dRw2u7cbExzm22m8UHOt1edOesWKacRt7B0DvK0PzG35pdTUveYnxzL3EvUuMq4QO4bd4zBm-uiKpjWWukrnr6ULQ2A]
Form params:	<none>
Path params:	<none>
Headers:		Host=qyapi.weixin.qq.com
				Accept=*/*
				Content-Type=application/json; charset=UTF-8
Cookies:		<none>
Multiparts:		<none>
Body:
{
    "name": "dup1_1606439716020",
    "parentid": "1",
    "order": 1,
    "id": 1
}
2020-11-27 09:15:34 [ main:17613 ] - [ DEBUG ] org.apache.http.impl.conn.BasicClientConnectionManager.getConnection(BasicClientConnectionManager.java:158) Get connection for route {s}->https://qyapi.weixin.qq.com
2020-11-27 09:15:34 [ main:17623 ] - [ DEBUG ] org.apache.http.impl.conn.DefaultClientConnectionOperator.openConnection(DefaultClientConnectionOperator.java:174) Connecting to qyapi.weixin.qq.com:443
2020-11-27 09:15:35 [ main:17884 ] - [ DEBUG ] org.apache.http.client.protocol.RequestAddCookies.process(RequestAddCookies.java:122) CookieSpec selected: ignoreCookies
2020-11-27 09:15:35 [ main:17931 ] - [ DEBUG ] org.apache.http.client.protocol.RequestAuthCache.process(RequestAuthCache.java:75) Auth cache not set in the context
2020-11-27 09:15:35 [ main:17936 ] - [ DEBUG ] org.apache.http.client.protocol.RequestTargetAuthentication.process(RequestTargetAuthentication.java:78) Target auth state: UNCHALLENGED
2020-11-27 09:15:35 [ main:17949 ] - [ DEBUG ] org.apache.http.client.protocol.RequestProxyAuthentication.process(RequestProxyAuthentication.java:87) Proxy auth state: UNCHALLENGED
2020-11-27 09:15:35 [ main:17960 ] - [ DEBUG ] org.apache.http.impl.client.DefaultRequestDirector.tryExecute(DefaultRequestDirector.java:683) Attempt 1 to execute request
2020-11-27 09:15:35 [ main:18018 ] - [ DEBUG ] org.apache.http.impl.conn.DefaultClientConnection.sendRequestHeader(DefaultClientConnection.java:268) Sending request: POST /cgi-bin/department/create?access_token=TqasCuXIkbeHiJ47yLRoDXWmAeq_4pT_Tkv_KqxDih2pZUgiUEDEiYZB-Ixw-lBqL4emkDB5P8gmUmCGBO26yiD3yt4aYxTXbLnV-ZoDREkcNOjoG6sliCUciy5dRw2u7cbExzm22m8UHOt1edOesWKacRt7B0DvK0PzG35pdTUveYnxzL3EvUuMq4QO4bd4zBm-uiKpjWWukrnr6ULQ2A&access_token=TqasCuXIkbeHiJ47yLRoDXWmAeq_4pT_Tkv_KqxDih2pZUgiUEDEiYZB-Ixw-lBqL4emkDB5P8gmUmCGBO26yiD3yt4aYxTXbLnV-ZoDREkcNOjoG6sliCUciy5dRw2u7cbExzm22m8UHOt1edOesWKacRt7B0DvK0PzG35pdTUveYnxzL3EvUuMq4QO4bd4zBm-uiKpjWWukrnr6ULQ2A HTTP/1.1
2020-11-27 09:15:35 [ main:18047 ] - [ DEBUG ] org.apache.http.impl.conn.Wire.wire(Wire.java:72)  >> "POST /cgi-bin/department/create?access_token=TqasCuXIkbeHiJ47yLRoDXWmAeq_4pT_Tkv_KqxDih2pZUgiUEDEiYZB-Ixw-lBqL4emkDB5P8gmUmCGBO26yiD3yt4aYxTXbLnV-ZoDREkcNOjoG6sliCUciy5dRw2u7cbExzm22m8UHOt1edOesWKacRt7B0DvK0PzG35pdTUveYnxzL3EvUuMq4QO4bd4zBm-uiKpjWWukrnr6ULQ2A&access_token=TqasCuXIkbeHiJ47yLRoDXWmAeq_4pT_Tkv_KqxDih2pZUgiUEDEiYZB-Ixw-lBqL4emkDB5P8gmUmCGBO26yiD3yt4aYxTXbLnV-ZoDREkcNOjoG6sliCUciy5dRw2u7cbExzm22m8UHOt1edOesWKacRt7B0DvK0PzG35pdTUveYnxzL3EvUuMq4QO4bd4zBm-uiKpjWWukrnr6ULQ2A HTTP/1.1[\r][\n]"
2020-11-27 09:15:35 [ main:18112 ] - [ DEBUG ] org.apache.http.impl.conn.Wire.wire(Wire.java:72)  >> "Accept: */*[\r][\n]"
2020-11-27 09:15:35 [ main:18115 ] - [ DEBUG ] org.apache.http.impl.conn.Wire.wire(Wire.java:72)  >> "Host: qyapi.weixin.qq.com[\r][\n]"
2020-11-27 09:15:35 [ main:18122 ] - [ DEBUG ] org.apache.http.impl.conn.Wire.wire(Wire.java:72)  >> "Content-Type: application/json; charset=UTF-8[\r][\n]"
2020-11-27 09:15:35 [ main:18126 ] - [ DEBUG ] org.apache.http.impl.conn.Wire.wire(Wire.java:72)  >> "Content-Length: 61[\r][\n]"
2020-11-27 09:15:35 [ main:18196 ] - [ DEBUG ] org.apache.http.impl.conn.Wire.wire(Wire.java:72)  >> "Connection: Keep-Alive[\r][\n]"
2020-11-27 09:15:35 [ main:18200 ] - [ DEBUG ] org.apache.http.impl.conn.Wire.wire(Wire.java:72)  >> "User-Agent: Apache-HttpClient/4.3.6 (java 1.5)[\r][\n]"
2020-11-27 09:15:35 [ main:18210 ] - [ DEBUG ] org.apache.http.impl.conn.Wire.wire(Wire.java:72)  >> "Accept-Encoding: gzip,deflate[\r][\n]"
2020-11-27 09:15:35 [ main:18214 ] - [ DEBUG ] org.apache.http.impl.conn.Wire.wire(Wire.java:72)  >> "[\r][\n]"
2020-11-27 09:15:35 [ main:18222 ] - [ DEBUG ] org.apache.http.impl.conn.DefaultClientConnection.sendRequestHeader(DefaultClientConnection.java:272) >> POST /cgi-bin/department/create?access_token=TqasCuXIkbeHiJ47yLRoDXWmAeq_4pT_Tkv_KqxDih2pZUgiUEDEiYZB-Ixw-lBqL4emkDB5P8gmUmCGBO26yiD3yt4aYxTXbLnV-ZoDREkcNOjoG6sliCUciy5dRw2u7cbExzm22m8UHOt1edOesWKacRt7B0DvK0PzG35pdTUveYnxzL3EvUuMq4QO4bd4zBm-uiKpjWWukrnr6ULQ2A&access_token=TqasCuXIkbeHiJ47yLRoDXWmAeq_4pT_Tkv_KqxDih2pZUgiUEDEiYZB-Ixw-lBqL4emkDB5P8gmUmCGBO26yiD3yt4aYxTXbLnV-ZoDREkcNOjoG6sliCUciy5dRw2u7cbExzm22m8UHOt1edOesWKacRt7B0DvK0PzG35pdTUveYnxzL3EvUuMq4QO4bd4zBm-uiKpjWWukrnr6ULQ2A HTTP/1.1
2020-11-27 09:15:35 [ main:18293 ] - [ DEBUG ] org.apache.http.impl.conn.DefaultClientConnection.sendRequestHeader(DefaultClientConnection.java:275) >> Accept: */*
2020-11-27 09:15:35 [ main:18374 ] - [ DEBUG ] org.apache.http.impl.conn.DefaultClientConnection.sendRequestHeader(DefaultClientConnection.java:275) >> Host: qyapi.weixin.qq.com
2020-11-27 09:15:35 [ main:18388 ] - [ DEBUG ] org.apache.http.impl.conn.DefaultClientConnection.sendRequestHeader(DefaultClientConnection.java:275) >> Content-Type: application/json; charset=UTF-8
2020-11-27 09:15:35 [ main:18401 ] - [ DEBUG ] org.apache.http.impl.conn.DefaultClientConnection.sendRequestHeader(DefaultClientConnection.java:275) >> Content-Length: 61
2020-11-27 09:15:35 [ main:18416 ] - [ DEBUG ] org.apache.http.impl.conn.DefaultClientConnection.sendRequestHeader(DefaultClientConnection.java:275) >> Connection: Keep-Alive
2020-11-27 09:15:35 [ main:18482 ] - [ DEBUG ] org.apache.http.impl.conn.DefaultClientConnection.sendRequestHeader(DefaultClientConnection.java:275) >> User-Agent: Apache-HttpClient/4.3.6 (java 1.5)
2020-11-27 09:15:35 [ main:18488 ] - [ DEBUG ] org.apache.http.impl.conn.DefaultClientConnection.sendRequestHeader(DefaultClientConnection.java:275) >> Accept-Encoding: gzip,deflate
2020-11-27 09:15:35 [ main:18563 ] - [ DEBUG ] org.apache.http.impl.conn.Wire.wire(Wire.java:86)  >> "{"name":"dup1_1606439716020","parentid":"1","order":1,"id":1}"
2020-11-27 09:15:35 [ main:18638 ] - [ DEBUG ] org.apache.http.impl.conn.Wire.wire(Wire.java:72)  << "HTTP/1.1 200 OK[\r][\n]"
2020-11-27 09:15:35 [ main:18651 ] - [ DEBUG ] org.apache.http.impl.conn.Wire.wire(Wire.java:72)  << "Server: nginx[\r][\n]"
2020-11-27 09:15:35 [ main:18669 ] - [ DEBUG ] org.apache.http.impl.conn.Wire.wire(Wire.java:72)  << "Date: Fri, 27 Nov 2020 01:15:35 GMT[\r][\n]"
2020-11-27 09:15:35 [ main:18776 ] - [ DEBUG ] org.apache.http.impl.conn.Wire.wire(Wire.java:72)  << "Content-Type: application/json; charset=UTF-8[\r][\n]"
2020-11-27 09:15:36 [ main:18858 ] - [ DEBUG ] org.apache.http.impl.conn.Wire.wire(Wire.java:72)  << "Content-Length: 228[\r][\n]"
2020-11-27 09:15:36 [ main:18866 ] - [ DEBUG ] org.apache.http.impl.conn.Wire.wire(Wire.java:72)  << "Connection: keep-alive[\r][\n]"
2020-11-27 09:15:36 [ main:18871 ] - [ DEBUG ] org.apache.http.impl.conn.Wire.wire(Wire.java:72)  << "Error-Code: 60011[\r][\n]"
2020-11-27 09:15:36 [ main:18884 ] - [ DEBUG ] org.apache.http.impl.conn.Wire.wire(Wire.java:72)  << "Error-Msg: no privilege to access/modify contact/party/agent , hint: [1606439735_54_f17fd48ab26ca206c210b8470c2a4cfa], from ip: 58.247.101.198, more info at https://open.work.weixin.qq.com/devtool/query?e=60011[\r][\n]"
2020-11-27 09:15:36 [ main:18969 ] - [ DEBUG ] org.apache.http.impl.conn.Wire.wire(Wire.java:72)  << "[\r][\n]"
2020-11-27 09:15:36 [ main:18978 ] - [ DEBUG ] org.apache.http.impl.conn.DefaultClientConnection.receiveResponseHeader(DefaultClientConnection.java:253) Receiving response: HTTP/1.1 200 OK
2020-11-27 09:15:36 [ main:18991 ] - [ DEBUG ] org.apache.http.impl.conn.DefaultClientConnection.receiveResponseHeader(DefaultClientConnection.java:256) << HTTP/1.1 200 OK
2020-11-27 09:15:36 [ main:19067 ] - [ DEBUG ] org.apache.http.impl.conn.DefaultClientConnection.receiveResponseHeader(DefaultClientConnection.java:259) << Server: nginx
2020-11-27 09:15:36 [ main:19079 ] - [ DEBUG ] org.apache.http.impl.conn.DefaultClientConnection.receiveResponseHeader(DefaultClientConnection.java:259) << Date: Fri, 27 Nov 2020 01:15:35 GMT
2020-11-27 09:15:36 [ main:19090 ] - [ DEBUG ] org.apache.http.impl.conn.DefaultClientConnection.receiveResponseHeader(DefaultClientConnection.java:259) << Content-Type: application/json; charset=UTF-8
2020-11-27 09:15:36 [ main:19104 ] - [ DEBUG ] org.apache.http.impl.conn.DefaultClientConnection.receiveResponseHeader(DefaultClientConnection.java:259) << Content-Length: 228
2020-11-27 09:15:36 [ main:19150 ] - [ DEBUG ] org.apache.http.impl.conn.DefaultClientConnection.receiveResponseHeader(DefaultClientConnection.java:259) << Connection: keep-alive
2020-11-27 09:15:36 [ main:19162 ] - [ DEBUG ] org.apache.http.impl.conn.DefaultClientConnection.receiveResponseHeader(DefaultClientConnection.java:259) << Error-Code: 60011
2020-11-27 09:15:36 [ main:19169 ] - [ DEBUG ] org.apache.http.impl.conn.DefaultClientConnection.receiveResponseHeader(DefaultClientConnection.java:259) << Error-Msg: no privilege to access/modify contact/party/agent , hint: [1606439735_54_f17fd48ab26ca206c210b8470c2a4cfa], from ip: 58.247.101.198, more info at https://open.work.weixin.qq.com/devtool/query?e=60011
2020-11-27 09:15:36 [ main:19230 ] - [ DEBUG ] org.apache.http.impl.client.DefaultRequestDirector.execute(DefaultRequestDirector.java:510) Connection can be kept alive indefinitely
2020-11-27 09:15:36 [ main:19237 ] - [ DEBUG ] io.restassured.internal.http.HTTPBuilder.parseResponse(HTTPBuilder.java:544) Parsing response as: application/json; charset=UTF-8
2020-11-27 09:15:36 [ main:19241 ] - [ DEBUG ] io.restassured.internal.http.HTTPBuilder.parseResponse(HTTPBuilder.java:547) Parsed data to instance of: class org.apache.http.conn.EofSensorInputStream
2020-11-27 09:15:36 [ main:19252 ] - [ DEBUG ] org.apache.http.impl.conn.Wire.wire(Wire.java:86)  << "{"errcode":60011,"errmsg":"no privilege to access/modify contact/party/agent , hint: [1606439735_54_f17fd48ab26ca206c210b8470c2a4cfa], from ip: 58.247.101.198, more info at https://open.work.weixin.qq.com/devtool/query?e=60011"}"
2020-11-27 09:15:36 [ main:19318 ] - [ DEBUG ] org.apache.http.impl.conn.BasicClientConnectionManager.releaseConnection(BasicClientConnectionManager.java:196) Releasing connection org.apache.http.impl.conn.ManagedClientConnectionImpl@77aeba9b
2020-11-27 09:15:36 [ main:19328 ] - [ DEBUG ] org.apache.http.impl.conn.BasicClientConnectionManager.releaseConnection(BasicClientConnectionManager.java:221) Connection can be kept alive indefinitely
HTTP/1.1 200 OK
Server: nginx
Date: Fri, 27 Nov 2020 01:15:35 GMT
Content-Type: application/json; charset=UTF-8
Content-Length: 228
Connection: keep-alive
Error-Code: 60011
Error-Msg: no privilege to access/modify contact/party/agent , hint: [1606439735_54_f17fd48ab26ca206c210b8470c2a4cfa], from ip: 58.247.101.198, more info at https://open.work.weixin.qq.com/devtool/query?e=60011

{
    "errcode": 60011,
    "errmsg": "no privilege to access/modify contact/party/agent , hint: [1606439735_54_f17fd48ab26ca206c210b8470c2a4cfa], from ip: 58.247.101.198, more info at https://open.work.weixin.qq.com/devtool/query?e=60011"
}
]]></system-out>
  </testcase>
  <testcase name="createWithCSV" classname="workweixin.DepartmentTest" time="1.813">
    <failure message="1 expectation failed.&#10;JSON path errcode doesn&apos;t match.&#10;Expected: &lt;0&gt;&#10;  Actual: 60011&#10;" type="java.lang.AssertionError"><![CDATA[java.lang.AssertionError: 
1 expectation failed.
JSON path errcode doesn't match.
Expected: <0>
  Actual: 60011

	at workweixin.DepartmentTest.createWithCSV(DepartmentTest.java:97)
]]></failure>
    <system-out><![CDATA[2020-11-27 09:15:36 [ main:19455 ] - [ INFO ] workweixin.Restful.getApiFromYaml(Restful.java:32) restful:Restful{url='https://qyapi.weixin.qq.com/cgi-bin/department/create', method='post', headers=null, query=null, body='null'}
2020-11-27 09:15:36 [ main:19484 ] - [ DEBUG ] com.jayway.jsonpath.internal.path.CompiledPath.evaluate(CompiledPath.java:47) Evaluating path: $['name']
2020-11-27 09:15:36 [ main:19493 ] - [ DEBUG ] com.jayway.jsonpath.internal.JsonContext.set(JsonContext.java:147) Set path $['name'] new value dup2_1606439716020
2020-11-27 09:15:36 [ main:19496 ] - [ DEBUG ] com.jayway.jsonpath.internal.path.CompiledPath.evaluate(CompiledPath.java:47) Evaluating path: $['parentid']
2020-11-27 09:15:36 [ main:19507 ] - [ DEBUG ] com.jayway.jsonpath.internal.JsonContext.set(JsonContext.java:147) Set path $['parentid'] new value 1
2020-11-27 09:15:36 [ main:19569 ] - [ INFO ] workweixin.Api.updateUrl(Api.java:175) 当前环境hosts:{qyapi.weixin.qq.com=qyapi.weixin.qq.com}
Request method:	POST
Request URI:	https://qyapi.weixin.qq.com/cgi-bin/department/create?access_token=TqasCuXIkbeHiJ47yLRoDXWmAeq_4pT_Tkv_KqxDih2pZUgiUEDEiYZB-Ixw-lBqL4emkDB5P8gmUmCGBO26yiD3yt4aYxTXbLnV-ZoDREkcNOjoG6sliCUciy5dRw2u7cbExzm22m8UHOt1edOesWKacRt7B0DvK0PzG35pdTUveYnxzL3EvUuMq4QO4bd4zBm-uiKpjWWukrnr6ULQ2A&access_token=TqasCuXIkbeHiJ47yLRoDXWmAeq_4pT_Tkv_KqxDih2pZUgiUEDEiYZB-Ixw-lBqL4emkDB5P8gmUmCGBO26yiD3yt4aYxTXbLnV-ZoDREkcNOjoG6sliCUciy5dRw2u7cbExzm22m8UHOt1edOesWKacRt7B0DvK0PzG35pdTUveYnxzL3EvUuMq4QO4bd4zBm-uiKpjWWukrnr6ULQ2A
Proxy:			<none>
Request params:	<none>
Query params:	access_token=[TqasCuXIkbeHiJ47yLRoDXWmAeq_4pT_Tkv_KqxDih2pZUgiUEDEiYZB-Ixw-lBqL4emkDB5P8gmUmCGBO26yiD3yt4aYxTXbLnV-ZoDREkcNOjoG6sliCUciy5dRw2u7cbExzm22m8UHOt1edOesWKacRt7B0DvK0PzG35pdTUveYnxzL3EvUuMq4QO4bd4zBm-uiKpjWWukrnr6ULQ2A, TqasCuXIkbeHiJ47yLRoDXWmAeq_4pT_Tkv_KqxDih2pZUgiUEDEiYZB-Ixw-lBqL4emkDB5P8gmUmCGBO26yiD3yt4aYxTXbLnV-ZoDREkcNOjoG6sliCUciy5dRw2u7cbExzm22m8UHOt1edOesWKacRt7B0DvK0PzG35pdTUveYnxzL3EvUuMq4QO4bd4zBm-uiKpjWWukrnr6ULQ2A]
Form params:	<none>
Path params:	<none>
Headers:		Host=qyapi.weixin.qq.com
				Accept=*/*
				Content-Type=application/json; charset=UTF-8
Cookies:		<none>
Multiparts:		<none>
Body:
{
    "name": "dup2_1606439716020",
    "parentid": "1",
    "order": 1,
    "id": 1
}
Request method:	POST
Request URI:	https://qyapi.weixin.qq.com/cgi-bin/department/create?access_token=TqasCuXIkbeHiJ47yLRoDXWmAeq_4pT_Tkv_KqxDih2pZUgiUEDEiYZB-Ixw-lBqL4emkDB5P8gmUmCGBO26yiD3yt4aYxTXbLnV-ZoDREkcNOjoG6sliCUciy5dRw2u7cbExzm22m8UHOt1edOesWKacRt7B0DvK0PzG35pdTUveYnxzL3EvUuMq4QO4bd4zBm-uiKpjWWukrnr6ULQ2A&access_token=TqasCuXIkbeHiJ47yLRoDXWmAeq_4pT_Tkv_KqxDih2pZUgiUEDEiYZB-Ixw-lBqL4emkDB5P8gmUmCGBO26yiD3yt4aYxTXbLnV-ZoDREkcNOjoG6sliCUciy5dRw2u7cbExzm22m8UHOt1edOesWKacRt7B0DvK0PzG35pdTUveYnxzL3EvUuMq4QO4bd4zBm-uiKpjWWukrnr6ULQ2A
Proxy:			<none>
Request params:	<none>
Query params:	access_token=[TqasCuXIkbeHiJ47yLRoDXWmAeq_4pT_Tkv_KqxDih2pZUgiUEDEiYZB-Ixw-lBqL4emkDB5P8gmUmCGBO26yiD3yt4aYxTXbLnV-ZoDREkcNOjoG6sliCUciy5dRw2u7cbExzm22m8UHOt1edOesWKacRt7B0DvK0PzG35pdTUveYnxzL3EvUuMq4QO4bd4zBm-uiKpjWWukrnr6ULQ2A, TqasCuXIkbeHiJ47yLRoDXWmAeq_4pT_Tkv_KqxDih2pZUgiUEDEiYZB-Ixw-lBqL4emkDB5P8gmUmCGBO26yiD3yt4aYxTXbLnV-ZoDREkcNOjoG6sliCUciy5dRw2u7cbExzm22m8UHOt1edOesWKacRt7B0DvK0PzG35pdTUveYnxzL3EvUuMq4QO4bd4zBm-uiKpjWWukrnr6ULQ2A]
Form params:	<none>
Path params:	<none>
Headers:		Host=qyapi.weixin.qq.com
				Accept=*/*
				Content-Type=application/json; charset=UTF-8
Cookies:		<none>
Multiparts:		<none>
Body:
{
    "name": "dup2_1606439716020",
    "parentid": "1",
    "order": 1,
    "id": 1
}
2020-11-27 09:15:37 [ main:19881 ] - [ DEBUG ] org.apache.http.impl.conn.BasicClientConnectionManager.getConnection(BasicClientConnectionManager.java:158) Get connection for route {s}->https://qyapi.weixin.qq.com
2020-11-27 09:15:37 [ main:19888 ] - [ DEBUG ] org.apache.http.impl.conn.DefaultClientConnectionOperator.openConnection(DefaultClientConnectionOperator.java:174) Connecting to qyapi.weixin.qq.com:443
2020-11-27 09:15:37 [ main:20146 ] - [ DEBUG ] org.apache.http.client.protocol.RequestAddCookies.process(RequestAddCookies.java:122) CookieSpec selected: ignoreCookies
2020-11-27 09:15:37 [ main:20152 ] - [ DEBUG ] org.apache.http.client.protocol.RequestAuthCache.process(RequestAuthCache.java:75) Auth cache not set in the context
2020-11-27 09:15:37 [ main:20156 ] - [ DEBUG ] org.apache.http.client.protocol.RequestTargetAuthentication.process(RequestTargetAuthentication.java:78) Target auth state: UNCHALLENGED
2020-11-27 09:15:37 [ main:20165 ] - [ DEBUG ] org.apache.http.client.protocol.RequestProxyAuthentication.process(RequestProxyAuthentication.java:87) Proxy auth state: UNCHALLENGED
2020-11-27 09:15:37 [ main:20176 ] - [ DEBUG ] org.apache.http.impl.client.DefaultRequestDirector.tryExecute(DefaultRequestDirector.java:683) Attempt 1 to execute request
2020-11-27 09:15:37 [ main:20237 ] - [ DEBUG ] org.apache.http.impl.conn.DefaultClientConnection.sendRequestHeader(DefaultClientConnection.java:268) Sending request: POST /cgi-bin/department/create?access_token=TqasCuXIkbeHiJ47yLRoDXWmAeq_4pT_Tkv_KqxDih2pZUgiUEDEiYZB-Ixw-lBqL4emkDB5P8gmUmCGBO26yiD3yt4aYxTXbLnV-ZoDREkcNOjoG6sliCUciy5dRw2u7cbExzm22m8UHOt1edOesWKacRt7B0DvK0PzG35pdTUveYnxzL3EvUuMq4QO4bd4zBm-uiKpjWWukrnr6ULQ2A&access_token=TqasCuXIkbeHiJ47yLRoDXWmAeq_4pT_Tkv_KqxDih2pZUgiUEDEiYZB-Ixw-lBqL4emkDB5P8gmUmCGBO26yiD3yt4aYxTXbLnV-ZoDREkcNOjoG6sliCUciy5dRw2u7cbExzm22m8UHOt1edOesWKacRt7B0DvK0PzG35pdTUveYnxzL3EvUuMq4QO4bd4zBm-uiKpjWWukrnr6ULQ2A HTTP/1.1
2020-11-27 09:15:37 [ main:20262 ] - [ DEBUG ] org.apache.http.impl.conn.Wire.wire(Wire.java:72)  >> "POST /cgi-bin/department/create?access_token=TqasCuXIkbeHiJ47yLRoDXWmAeq_4pT_Tkv_KqxDih2pZUgiUEDEiYZB-Ixw-lBqL4emkDB5P8gmUmCGBO26yiD3yt4aYxTXbLnV-ZoDREkcNOjoG6sliCUciy5dRw2u7cbExzm22m8UHOt1edOesWKacRt7B0DvK0PzG35pdTUveYnxzL3EvUuMq4QO4bd4zBm-uiKpjWWukrnr6ULQ2A&access_token=TqasCuXIkbeHiJ47yLRoDXWmAeq_4pT_Tkv_KqxDih2pZUgiUEDEiYZB-Ixw-lBqL4emkDB5P8gmUmCGBO26yiD3yt4aYxTXbLnV-ZoDREkcNOjoG6sliCUciy5dRw2u7cbExzm22m8UHOt1edOesWKacRt7B0DvK0PzG35pdTUveYnxzL3EvUuMq4QO4bd4zBm-uiKpjWWukrnr6ULQ2A HTTP/1.1[\r][\n]"
2020-11-27 09:15:37 [ main:20311 ] - [ DEBUG ] org.apache.http.impl.conn.Wire.wire(Wire.java:72)  >> "Accept: */*[\r][\n]"
2020-11-27 09:15:37 [ main:20357 ] - [ DEBUG ] org.apache.http.impl.conn.Wire.wire(Wire.java:72)  >> "Host: qyapi.weixin.qq.com[\r][\n]"
2020-11-27 09:15:37 [ main:20360 ] - [ DEBUG ] org.apache.http.impl.conn.Wire.wire(Wire.java:72)  >> "Content-Type: application/json; charset=UTF-8[\r][\n]"
2020-11-27 09:15:37 [ main:20369 ] - [ DEBUG ] org.apache.http.impl.conn.Wire.wire(Wire.java:72)  >> "Content-Length: 61[\r][\n]"
2020-11-27 09:15:37 [ main:20375 ] - [ DEBUG ] org.apache.http.impl.conn.Wire.wire(Wire.java:72)  >> "Connection: Keep-Alive[\r][\n]"
2020-11-27 09:15:37 [ main:20384 ] - [ DEBUG ] org.apache.http.impl.conn.Wire.wire(Wire.java:72)  >> "User-Agent: Apache-HttpClient/4.3.6 (java 1.5)[\r][\n]"
2020-11-27 09:15:37 [ main:20461 ] - [ DEBUG ] org.apache.http.impl.conn.Wire.wire(Wire.java:72)  >> "Accept-Encoding: gzip,deflate[\r][\n]"
2020-11-27 09:15:37 [ main:20486 ] - [ DEBUG ] org.apache.http.impl.conn.Wire.wire(Wire.java:72)  >> "[\r][\n]"
2020-11-27 09:15:37 [ main:20492 ] - [ DEBUG ] org.apache.http.impl.conn.DefaultClientConnection.sendRequestHeader(DefaultClientConnection.java:272) >> POST /cgi-bin/department/create?access_token=TqasCuXIkbeHiJ47yLRoDXWmAeq_4pT_Tkv_KqxDih2pZUgiUEDEiYZB-Ixw-lBqL4emkDB5P8gmUmCGBO26yiD3yt4aYxTXbLnV-ZoDREkcNOjoG6sliCUciy5dRw2u7cbExzm22m8UHOt1edOesWKacRt7B0DvK0PzG35pdTUveYnxzL3EvUuMq4QO4bd4zBm-uiKpjWWukrnr6ULQ2A&access_token=TqasCuXIkbeHiJ47yLRoDXWmAeq_4pT_Tkv_KqxDih2pZUgiUEDEiYZB-Ixw-lBqL4emkDB5P8gmUmCGBO26yiD3yt4aYxTXbLnV-ZoDREkcNOjoG6sliCUciy5dRw2u7cbExzm22m8UHOt1edOesWKacRt7B0DvK0PzG35pdTUveYnxzL3EvUuMq4QO4bd4zBm-uiKpjWWukrnr6ULQ2A HTTP/1.1
2020-11-27 09:15:37 [ main:20586 ] - [ DEBUG ] org.apache.http.impl.conn.DefaultClientConnection.sendRequestHeader(DefaultClientConnection.java:275) >> Accept: */*
2020-11-27 09:15:37 [ main:20590 ] - [ DEBUG ] org.apache.http.impl.conn.DefaultClientConnection.sendRequestHeader(DefaultClientConnection.java:275) >> Host: qyapi.weixin.qq.com
2020-11-27 09:15:37 [ main:20596 ] - [ DEBUG ] org.apache.http.impl.conn.DefaultClientConnection.sendRequestHeader(DefaultClientConnection.java:275) >> Content-Type: application/json; charset=UTF-8
2020-11-27 09:15:37 [ main:20601 ] - [ DEBUG ] org.apache.http.impl.conn.DefaultClientConnection.sendRequestHeader(DefaultClientConnection.java:275) >> Content-Length: 61
2020-11-27 09:15:37 [ main:20608 ] - [ DEBUG ] org.apache.http.impl.conn.DefaultClientConnection.sendRequestHeader(DefaultClientConnection.java:275) >> Connection: Keep-Alive
2020-11-27 09:15:37 [ main:20620 ] - [ DEBUG ] org.apache.http.impl.conn.DefaultClientConnection.sendRequestHeader(DefaultClientConnection.java:275) >> User-Agent: Apache-HttpClient/4.3.6 (java 1.5)
2020-11-27 09:15:37 [ main:20669 ] - [ DEBUG ] org.apache.http.impl.conn.DefaultClientConnection.sendRequestHeader(DefaultClientConnection.java:275) >> Accept-Encoding: gzip,deflate
2020-11-27 09:15:37 [ main:20675 ] - [ DEBUG ] org.apache.http.impl.conn.Wire.wire(Wire.java:86)  >> "{"name":"dup2_1606439716020","parentid":"1","order":1,"id":1}"
2020-11-27 09:15:37 [ main:20735 ] - [ DEBUG ] org.apache.http.impl.conn.Wire.wire(Wire.java:72)  << "HTTP/1.1 200 OK[\r][\n]"
2020-11-27 09:15:37 [ main:20740 ] - [ DEBUG ] org.apache.http.impl.conn.Wire.wire(Wire.java:72)  << "Server: nginx[\r][\n]"
2020-11-27 09:15:37 [ main:20744 ] - [ DEBUG ] org.apache.http.impl.conn.Wire.wire(Wire.java:72)  << "Date: Fri, 27 Nov 2020 01:15:37 GMT[\r][\n]"
2020-11-27 09:15:37 [ main:20756 ] - [ DEBUG ] org.apache.http.impl.conn.Wire.wire(Wire.java:72)  << "Content-Type: application/json; charset=UTF-8[\r][\n]"
2020-11-27 09:15:37 [ main:20807 ] - [ DEBUG ] org.apache.http.impl.conn.Wire.wire(Wire.java:72)  << "Content-Length: 228[\r][\n]"
2020-11-27 09:15:38 [ main:20812 ] - [ DEBUG ] org.apache.http.impl.conn.Wire.wire(Wire.java:72)  << "Connection: keep-alive[\r][\n]"
2020-11-27 09:15:38 [ main:20817 ] - [ DEBUG ] org.apache.http.impl.conn.Wire.wire(Wire.java:72)  << "Error-Code: 60011[\r][\n]"
2020-11-27 09:15:38 [ main:20822 ] - [ DEBUG ] org.apache.http.impl.conn.Wire.wire(Wire.java:72)  << "Error-Msg: no privilege to access/modify contact/party/agent , hint: [1606439737_54_b523c5fc30d9ff0546225b1f4c394ba5], from ip: 58.247.101.198, more info at https://open.work.weixin.qq.com/devtool/query?e=60011[\r][\n]"
2020-11-27 09:15:38 [ main:20863 ] - [ DEBUG ] org.apache.http.impl.conn.Wire.wire(Wire.java:72)  << "[\r][\n]"
2020-11-27 09:15:38 [ main:20869 ] - [ DEBUG ] org.apache.http.impl.conn.DefaultClientConnection.receiveResponseHeader(DefaultClientConnection.java:253) Receiving response: HTTP/1.1 200 OK
2020-11-27 09:15:38 [ main:20875 ] - [ DEBUG ] org.apache.http.impl.conn.DefaultClientConnection.receiveResponseHeader(DefaultClientConnection.java:256) << HTTP/1.1 200 OK
2020-11-27 09:15:38 [ main:20886 ] - [ DEBUG ] org.apache.http.impl.conn.DefaultClientConnection.receiveResponseHeader(DefaultClientConnection.java:259) << Server: nginx
2020-11-27 09:15:38 [ main:20934 ] - [ DEBUG ] org.apache.http.impl.conn.DefaultClientConnection.receiveResponseHeader(DefaultClientConnection.java:259) << Date: Fri, 27 Nov 2020 01:15:37 GMT
2020-11-27 09:15:38 [ main:20938 ] - [ DEBUG ] org.apache.http.impl.conn.DefaultClientConnection.receiveResponseHeader(DefaultClientConnection.java:259) << Content-Type: application/json; charset=UTF-8
2020-11-27 09:15:38 [ main:20948 ] - [ DEBUG ] org.apache.http.impl.conn.DefaultClientConnection.receiveResponseHeader(DefaultClientConnection.java:259) << Content-Length: 228
2020-11-27 09:15:38 [ main:20958 ] - [ DEBUG ] org.apache.http.impl.conn.DefaultClientConnection.receiveResponseHeader(DefaultClientConnection.java:259) << Connection: keep-alive
2020-11-27 09:15:38 [ main:20990 ] - [ DEBUG ] org.apache.http.impl.conn.DefaultClientConnection.receiveResponseHeader(DefaultClientConnection.java:259) << Error-Code: 60011
2020-11-27 09:15:38 [ main:20999 ] - [ DEBUG ] org.apache.http.impl.conn.DefaultClientConnection.receiveResponseHeader(DefaultClientConnection.java:259) << Error-Msg: no privilege to access/modify contact/party/agent , hint: [1606439737_54_b523c5fc30d9ff0546225b1f4c394ba5], from ip: 58.247.101.198, more info at https://open.work.weixin.qq.com/devtool/query?e=60011
2020-11-27 09:15:38 [ main:21009 ] - [ DEBUG ] org.apache.http.impl.client.DefaultRequestDirector.execute(DefaultRequestDirector.java:510) Connection can be kept alive indefinitely
2020-11-27 09:15:38 [ main:21014 ] - [ DEBUG ] io.restassured.internal.http.HTTPBuilder.parseResponse(HTTPBuilder.java:544) Parsing response as: application/json; charset=UTF-8
2020-11-27 09:15:38 [ main:21076 ] - [ DEBUG ] io.restassured.internal.http.HTTPBuilder.parseResponse(HTTPBuilder.java:547) Parsed data to instance of: class org.apache.http.conn.EofSensorInputStream
2020-11-27 09:15:38 [ main:21086 ] - [ DEBUG ] org.apache.http.impl.conn.Wire.wire(Wire.java:86)  << "{"errcode":60011,"errmsg":"no privilege to access/modify contact/party/agent , hint: [1606439737_54_b523c5fc30d9ff0546225b1f4c394ba5], from ip: 58.247.101.198, more info at https://open.work.weixin.qq.com/devtool/query?e=60011"}"
2020-11-27 09:15:38 [ main:21101 ] - [ DEBUG ] org.apache.http.impl.conn.BasicClientConnectionManager.releaseConnection(BasicClientConnectionManager.java:196) Releasing connection org.apache.http.impl.conn.ManagedClientConnectionImpl@2e5c245d
2020-11-27 09:15:38 [ main:21155 ] - [ DEBUG ] org.apache.http.impl.conn.BasicClientConnectionManager.releaseConnection(BasicClientConnectionManager.java:221) Connection can be kept alive indefinitely
HTTP/1.1 200 OK
Server: nginx
Date: Fri, 27 Nov 2020 01:15:37 GMT
Content-Type: application/json; charset=UTF-8
Content-Length: 228
Connection: keep-alive
Error-Code: 60011
Error-Msg: no privilege to access/modify contact/party/agent , hint: [1606439737_54_b523c5fc30d9ff0546225b1f4c394ba5], from ip: 58.247.101.198, more info at https://open.work.weixin.qq.com/devtool/query?e=60011

{
    "errcode": 60011,
    "errmsg": "no privilege to access/modify contact/party/agent , hint: [1606439737_54_b523c5fc30d9ff0546225b1f4c394ba5], from ip: 58.247.101.198, more info at https://open.work.weixin.qq.com/devtool/query?e=60011"
}
]]></system-out>
  </testcase>
  <testcase name="createWithCSV" classname="workweixin.DepartmentTest" time="1.335">
    <failure message="1 expectation failed.&#10;JSON path errcode doesn&apos;t match.&#10;Expected: &lt;0&gt;&#10;  Actual: 60011&#10;" type="java.lang.AssertionError"><![CDATA[java.lang.AssertionError: 
1 expectation failed.
JSON path errcode doesn't match.
Expected: <0>
  Actual: 60011

	at workweixin.DepartmentTest.createWithCSV(DepartmentTest.java:97)
]]></failure>
    <system-out><![CDATA[2020-11-27 09:15:38 [ main:21276 ] - [ INFO ] workweixin.Restful.getApiFromYaml(Restful.java:32) restful:Restful{url='https://qyapi.weixin.qq.com/cgi-bin/department/create', method='post', headers=null, query=null, body='null'}
2020-11-27 09:15:38 [ main:21284 ] - [ DEBUG ] com.jayway.jsonpath.internal.path.CompiledPath.evaluate(CompiledPath.java:47) Evaluating path: $['name']
2020-11-27 09:15:38 [ main:21328 ] - [ DEBUG ] com.jayway.jsonpath.internal.JsonContext.set(JsonContext.java:147) Set path $['name'] new value dup3_1606439716020
2020-11-27 09:15:38 [ main:21332 ] - [ DEBUG ] com.jayway.jsonpath.internal.path.CompiledPath.evaluate(CompiledPath.java:47) Evaluating path: $['parentid']
2020-11-27 09:15:38 [ main:21336 ] - [ DEBUG ] com.jayway.jsonpath.internal.JsonContext.set(JsonContext.java:147) Set path $['parentid'] new value 1
2020-11-27 09:15:38 [ main:21342 ] - [ INFO ] workweixin.Api.updateUrl(Api.java:175) 当前环境hosts:{qyapi.weixin.qq.com=qyapi.weixin.qq.com}
Request method:	POST
Request URI:	https://qyapi.weixin.qq.com/cgi-bin/department/create?access_token=TqasCuXIkbeHiJ47yLRoDXWmAeq_4pT_Tkv_KqxDih2pZUgiUEDEiYZB-Ixw-lBqL4emkDB5P8gmUmCGBO26yiD3yt4aYxTXbLnV-ZoDREkcNOjoG6sliCUciy5dRw2u7cbExzm22m8UHOt1edOesWKacRt7B0DvK0PzG35pdTUveYnxzL3EvUuMq4QO4bd4zBm-uiKpjWWukrnr6ULQ2A&access_token=TqasCuXIkbeHiJ47yLRoDXWmAeq_4pT_Tkv_KqxDih2pZUgiUEDEiYZB-Ixw-lBqL4emkDB5P8gmUmCGBO26yiD3yt4aYxTXbLnV-ZoDREkcNOjoG6sliCUciy5dRw2u7cbExzm22m8UHOt1edOesWKacRt7B0DvK0PzG35pdTUveYnxzL3EvUuMq4QO4bd4zBm-uiKpjWWukrnr6ULQ2A
Proxy:			<none>
Request params:	<none>
Query params:	access_token=[TqasCuXIkbeHiJ47yLRoDXWmAeq_4pT_Tkv_KqxDih2pZUgiUEDEiYZB-Ixw-lBqL4emkDB5P8gmUmCGBO26yiD3yt4aYxTXbLnV-ZoDREkcNOjoG6sliCUciy5dRw2u7cbExzm22m8UHOt1edOesWKacRt7B0DvK0PzG35pdTUveYnxzL3EvUuMq4QO4bd4zBm-uiKpjWWukrnr6ULQ2A, TqasCuXIkbeHiJ47yLRoDXWmAeq_4pT_Tkv_KqxDih2pZUgiUEDEiYZB-Ixw-lBqL4emkDB5P8gmUmCGBO26yiD3yt4aYxTXbLnV-ZoDREkcNOjoG6sliCUciy5dRw2u7cbExzm22m8UHOt1edOesWKacRt7B0DvK0PzG35pdTUveYnxzL3EvUuMq4QO4bd4zBm-uiKpjWWukrnr6ULQ2A]
Form params:	<none>
Path params:	<none>
Headers:		Host=qyapi.weixin.qq.com
				Accept=*/*
				Content-Type=application/json; charset=UTF-8
Cookies:		<none>
Multiparts:		<none>
Body:
{
    "name": "dup3_1606439716020",
    "parentid": "1",
    "order": 1,
    "id": 1
}
Request method:	POST
Request URI:	https://qyapi.weixin.qq.com/cgi-bin/department/create?access_token=TqasCuXIkbeHiJ47yLRoDXWmAeq_4pT_Tkv_KqxDih2pZUgiUEDEiYZB-Ixw-lBqL4emkDB5P8gmUmCGBO26yiD3yt4aYxTXbLnV-ZoDREkcNOjoG6sliCUciy5dRw2u7cbExzm22m8UHOt1edOesWKacRt7B0DvK0PzG35pdTUveYnxzL3EvUuMq4QO4bd4zBm-uiKpjWWukrnr6ULQ2A&access_token=TqasCuXIkbeHiJ47yLRoDXWmAeq_4pT_Tkv_KqxDih2pZUgiUEDEiYZB-Ixw-lBqL4emkDB5P8gmUmCGBO26yiD3yt4aYxTXbLnV-ZoDREkcNOjoG6sliCUciy5dRw2u7cbExzm22m8UHOt1edOesWKacRt7B0DvK0PzG35pdTUveYnxzL3EvUuMq4QO4bd4zBm-uiKpjWWukrnr6ULQ2A
Proxy:			<none>
Request params:	<none>
Query params:	access_token=[TqasCuXIkbeHiJ47yLRoDXWmAeq_4pT_Tkv_KqxDih2pZUgiUEDEiYZB-Ixw-lBqL4emkDB5P8gmUmCGBO26yiD3yt4aYxTXbLnV-ZoDREkcNOjoG6sliCUciy5dRw2u7cbExzm22m8UHOt1edOesWKacRt7B0DvK0PzG35pdTUveYnxzL3EvUuMq4QO4bd4zBm-uiKpjWWukrnr6ULQ2A, TqasCuXIkbeHiJ47yLRoDXWmAeq_4pT_Tkv_KqxDih2pZUgiUEDEiYZB-Ixw-lBqL4emkDB5P8gmUmCGBO26yiD3yt4aYxTXbLnV-ZoDREkcNOjoG6sliCUciy5dRw2u7cbExzm22m8UHOt1edOesWKacRt7B0DvK0PzG35pdTUveYnxzL3EvUuMq4QO4bd4zBm-uiKpjWWukrnr6ULQ2A]
Form params:	<none>
Path params:	<none>
Headers:		Host=qyapi.weixin.qq.com
				Accept=*/*
				Content-Type=application/json; charset=UTF-8
Cookies:		<none>
Multiparts:		<none>
Body:
{
    "name": "dup3_1606439716020",
    "parentid": "1",
    "order": 1,
    "id": 1
}
2020-11-27 09:15:38 [ main:21544 ] - [ DEBUG ] org.apache.http.impl.conn.BasicClientConnectionManager.getConnection(BasicClientConnectionManager.java:158) Get connection for route {s}->https://qyapi.weixin.qq.com
2020-11-27 09:15:38 [ main:21580 ] - [ DEBUG ] org.apache.http.impl.conn.DefaultClientConnectionOperator.openConnection(DefaultClientConnectionOperator.java:174) Connecting to qyapi.weixin.qq.com:443
2020-11-27 09:15:38 [ main:21792 ] - [ DEBUG ] org.apache.http.client.protocol.RequestAddCookies.process(RequestAddCookies.java:122) CookieSpec selected: ignoreCookies
2020-11-27 09:15:38 [ main:21795 ] - [ DEBUG ] org.apache.http.client.protocol.RequestAuthCache.process(RequestAuthCache.java:75) Auth cache not set in the context
2020-11-27 09:15:38 [ main:21799 ] - [ DEBUG ] org.apache.http.client.protocol.RequestTargetAuthentication.process(RequestTargetAuthentication.java:78) Target auth state: UNCHALLENGED
2020-11-27 09:15:38 [ main:21804 ] - [ DEBUG ] org.apache.http.client.protocol.RequestProxyAuthentication.process(RequestProxyAuthentication.java:87) Proxy auth state: UNCHALLENGED
2020-11-27 09:15:38 [ main:21809 ] - [ DEBUG ] org.apache.http.impl.client.DefaultRequestDirector.tryExecute(DefaultRequestDirector.java:683) Attempt 1 to execute request
2020-11-27 09:15:39 [ main:21840 ] - [ DEBUG ] org.apache.http.impl.conn.DefaultClientConnection.sendRequestHeader(DefaultClientConnection.java:268) Sending request: POST /cgi-bin/department/create?access_token=TqasCuXIkbeHiJ47yLRoDXWmAeq_4pT_Tkv_KqxDih2pZUgiUEDEiYZB-Ixw-lBqL4emkDB5P8gmUmCGBO26yiD3yt4aYxTXbLnV-ZoDREkcNOjoG6sliCUciy5dRw2u7cbExzm22m8UHOt1edOesWKacRt7B0DvK0PzG35pdTUveYnxzL3EvUuMq4QO4bd4zBm-uiKpjWWukrnr6ULQ2A&access_token=TqasCuXIkbeHiJ47yLRoDXWmAeq_4pT_Tkv_KqxDih2pZUgiUEDEiYZB-Ixw-lBqL4emkDB5P8gmUmCGBO26yiD3yt4aYxTXbLnV-ZoDREkcNOjoG6sliCUciy5dRw2u7cbExzm22m8UHOt1edOesWKacRt7B0DvK0PzG35pdTUveYnxzL3EvUuMq4QO4bd4zBm-uiKpjWWukrnr6ULQ2A HTTP/1.1
2020-11-27 09:15:39 [ main:21854 ] - [ DEBUG ] org.apache.http.impl.conn.Wire.wire(Wire.java:72)  >> "POST /cgi-bin/department/create?access_token=TqasCuXIkbeHiJ47yLRoDXWmAeq_4pT_Tkv_KqxDih2pZUgiUEDEiYZB-Ixw-lBqL4emkDB5P8gmUmCGBO26yiD3yt4aYxTXbLnV-ZoDREkcNOjoG6sliCUciy5dRw2u7cbExzm22m8UHOt1edOesWKacRt7B0DvK0PzG35pdTUveYnxzL3EvUuMq4QO4bd4zBm-uiKpjWWukrnr6ULQ2A&access_token=TqasCuXIkbeHiJ47yLRoDXWmAeq_4pT_Tkv_KqxDih2pZUgiUEDEiYZB-Ixw-lBqL4emkDB5P8gmUmCGBO26yiD3yt4aYxTXbLnV-ZoDREkcNOjoG6sliCUciy5dRw2u7cbExzm22m8UHOt1edOesWKacRt7B0DvK0PzG35pdTUveYnxzL3EvUuMq4QO4bd4zBm-uiKpjWWukrnr6ULQ2A HTTP/1.1[\r][\n]"
2020-11-27 09:15:39 [ main:21907 ] - [ DEBUG ] org.apache.http.impl.conn.Wire.wire(Wire.java:72)  >> "Accept: */*[\r][\n]"
2020-11-27 09:15:39 [ main:21911 ] - [ DEBUG ] org.apache.http.impl.conn.Wire.wire(Wire.java:72)  >> "Host: qyapi.weixin.qq.com[\r][\n]"
2020-11-27 09:15:39 [ main:21914 ] - [ DEBUG ] org.apache.http.impl.conn.Wire.wire(Wire.java:72)  >> "Content-Type: application/json; charset=UTF-8[\r][\n]"
2020-11-27 09:15:39 [ main:21921 ] - [ DEBUG ] org.apache.http.impl.conn.Wire.wire(Wire.java:72)  >> "Content-Length: 61[\r][\n]"
2020-11-27 09:15:39 [ main:21958 ] - [ DEBUG ] org.apache.http.impl.conn.Wire.wire(Wire.java:72)  >> "Connection: Keep-Alive[\r][\n]"
2020-11-27 09:15:39 [ main:21961 ] - [ DEBUG ] org.apache.http.impl.conn.Wire.wire(Wire.java:72)  >> "User-Agent: Apache-HttpClient/4.3.6 (java 1.5)[\r][\n]"
2020-11-27 09:15:39 [ main:21965 ] - [ DEBUG ] org.apache.http.impl.conn.Wire.wire(Wire.java:72)  >> "Accept-Encoding: gzip,deflate[\r][\n]"
2020-11-27 09:15:39 [ main:21971 ] - [ DEBUG ] org.apache.http.impl.conn.Wire.wire(Wire.java:72)  >> "[\r][\n]"
2020-11-27 09:15:39 [ main:21975 ] - [ DEBUG ] org.apache.http.impl.conn.DefaultClientConnection.sendRequestHeader(DefaultClientConnection.java:272) >> POST /cgi-bin/department/create?access_token=TqasCuXIkbeHiJ47yLRoDXWmAeq_4pT_Tkv_KqxDih2pZUgiUEDEiYZB-Ixw-lBqL4emkDB5P8gmUmCGBO26yiD3yt4aYxTXbLnV-ZoDREkcNOjoG6sliCUciy5dRw2u7cbExzm22m8UHOt1edOesWKacRt7B0DvK0PzG35pdTUveYnxzL3EvUuMq4QO4bd4zBm-uiKpjWWukrnr6ULQ2A&access_token=TqasCuXIkbeHiJ47yLRoDXWmAeq_4pT_Tkv_KqxDih2pZUgiUEDEiYZB-Ixw-lBqL4emkDB5P8gmUmCGBO26yiD3yt4aYxTXbLnV-ZoDREkcNOjoG6sliCUciy5dRw2u7cbExzm22m8UHOt1edOesWKacRt7B0DvK0PzG35pdTUveYnxzL3EvUuMq4QO4bd4zBm-uiKpjWWukrnr6ULQ2A HTTP/1.1
2020-11-27 09:15:39 [ main:22021 ] - [ DEBUG ] org.apache.http.impl.conn.DefaultClientConnection.sendRequestHeader(DefaultClientConnection.java:275) >> Accept: */*
2020-11-27 09:15:39 [ main:22028 ] - [ DEBUG ] org.apache.http.impl.conn.DefaultClientConnection.sendRequestHeader(DefaultClientConnection.java:275) >> Host: qyapi.weixin.qq.com
2020-11-27 09:15:39 [ main:22033 ] - [ DEBUG ] org.apache.http.impl.conn.DefaultClientConnection.sendRequestHeader(DefaultClientConnection.java:275) >> Content-Type: application/json; charset=UTF-8
2020-11-27 09:15:39 [ main:22041 ] - [ DEBUG ] org.apache.http.impl.conn.DefaultClientConnection.sendRequestHeader(DefaultClientConnection.java:275) >> Content-Length: 61
2020-11-27 09:15:39 [ main:22051 ] - [ DEBUG ] org.apache.http.impl.conn.DefaultClientConnection.sendRequestHeader(DefaultClientConnection.java:275) >> Connection: Keep-Alive
2020-11-27 09:15:39 [ main:22088 ] - [ DEBUG ] org.apache.http.impl.conn.DefaultClientConnection.sendRequestHeader(DefaultClientConnection.java:275) >> User-Agent: Apache-HttpClient/4.3.6 (java 1.5)
2020-11-27 09:15:39 [ main:22094 ] - [ DEBUG ] org.apache.http.impl.conn.DefaultClientConnection.sendRequestHeader(DefaultClientConnection.java:275) >> Accept-Encoding: gzip,deflate
2020-11-27 09:15:39 [ main:22100 ] - [ DEBUG ] org.apache.http.impl.conn.Wire.wire(Wire.java:86)  >> "{"name":"dup3_1606439716020","parentid":"1","order":1,"id":1}"
2020-11-27 09:15:39 [ main:22195 ] - [ DEBUG ] org.apache.http.impl.conn.Wire.wire(Wire.java:72)  << "HTTP/1.1 200 OK[\r][\n]"
2020-11-27 09:15:39 [ main:22198 ] - [ DEBUG ] org.apache.http.impl.conn.Wire.wire(Wire.java:72)  << "Server: nginx[\r][\n]"
2020-11-27 09:15:39 [ main:22202 ] - [ DEBUG ] org.apache.http.impl.conn.Wire.wire(Wire.java:72)  << "Date: Fri, 27 Nov 2020 01:15:39 GMT[\r][\n]"
2020-11-27 09:15:39 [ main:22225 ] - [ DEBUG ] org.apache.http.impl.conn.Wire.wire(Wire.java:72)  << "Content-Type: application/json; charset=UTF-8[\r][\n]"
2020-11-27 09:15:39 [ main:22230 ] - [ DEBUG ] org.apache.http.impl.conn.Wire.wire(Wire.java:72)  << "Content-Length: 228[\r][\n]"
2020-11-27 09:15:39 [ main:22234 ] - [ DEBUG ] org.apache.http.impl.conn.Wire.wire(Wire.java:72)  << "Connection: keep-alive[\r][\n]"
2020-11-27 09:15:39 [ main:22237 ] - [ DEBUG ] org.apache.http.impl.conn.Wire.wire(Wire.java:72)  << "Error-Code: 60011[\r][\n]"
2020-11-27 09:15:39 [ main:22242 ] - [ DEBUG ] org.apache.http.impl.conn.Wire.wire(Wire.java:72)  << "Error-Msg: no privilege to access/modify contact/party/agent , hint: [1606439739_54_0116e78b72250386361dd48802d5f309], from ip: 58.247.101.198, more info at https://open.work.weixin.qq.com/devtool/query?e=60011[\r][\n]"
2020-11-27 09:15:39 [ main:22253 ] - [ DEBUG ] org.apache.http.impl.conn.Wire.wire(Wire.java:72)  << "[\r][\n]"
2020-11-27 09:15:39 [ main:22294 ] - [ DEBUG ] org.apache.http.impl.conn.DefaultClientConnection.receiveResponseHeader(DefaultClientConnection.java:253) Receiving response: HTTP/1.1 200 OK
2020-11-27 09:15:39 [ main:22299 ] - [ DEBUG ] org.apache.http.impl.conn.DefaultClientConnection.receiveResponseHeader(DefaultClientConnection.java:256) << HTTP/1.1 200 OK
2020-11-27 09:15:39 [ main:22306 ] - [ DEBUG ] org.apache.http.impl.conn.DefaultClientConnection.receiveResponseHeader(DefaultClientConnection.java:259) << Server: nginx
2020-11-27 09:15:39 [ main:22312 ] - [ DEBUG ] org.apache.http.impl.conn.DefaultClientConnection.receiveResponseHeader(DefaultClientConnection.java:259) << Date: Fri, 27 Nov 2020 01:15:39 GMT
2020-11-27 09:15:39 [ main:22359 ] - [ DEBUG ] org.apache.http.impl.conn.DefaultClientConnection.receiveResponseHeader(DefaultClientConnection.java:259) << Content-Type: application/json; charset=UTF-8
2020-11-27 09:15:39 [ main:22366 ] - [ DEBUG ] org.apache.http.impl.conn.DefaultClientConnection.receiveResponseHeader(DefaultClientConnection.java:259) << Content-Length: 228
2020-11-27 09:15:39 [ main:22371 ] - [ DEBUG ] org.apache.http.impl.conn.DefaultClientConnection.receiveResponseHeader(DefaultClientConnection.java:259) << Connection: keep-alive
2020-11-27 09:15:39 [ main:22377 ] - [ DEBUG ] org.apache.http.impl.conn.DefaultClientConnection.receiveResponseHeader(DefaultClientConnection.java:259) << Error-Code: 60011
2020-11-27 09:15:39 [ main:22415 ] - [ DEBUG ] org.apache.http.impl.conn.DefaultClientConnection.receiveResponseHeader(DefaultClientConnection.java:259) << Error-Msg: no privilege to access/modify contact/party/agent , hint: [1606439739_54_0116e78b72250386361dd48802d5f309], from ip: 58.247.101.198, more info at https://open.work.weixin.qq.com/devtool/query?e=60011
2020-11-27 09:15:39 [ main:22424 ] - [ DEBUG ] org.apache.http.impl.client.DefaultRequestDirector.execute(DefaultRequestDirector.java:510) Connection can be kept alive indefinitely
2020-11-27 09:15:39 [ main:22428 ] - [ DEBUG ] io.restassured.internal.http.HTTPBuilder.parseResponse(HTTPBuilder.java:544) Parsing response as: application/json; charset=UTF-8
2020-11-27 09:15:39 [ main:22434 ] - [ DEBUG ] io.restassured.internal.http.HTTPBuilder.parseResponse(HTTPBuilder.java:547) Parsed data to instance of: class org.apache.http.conn.EofSensorInputStream
2020-11-27 09:15:39 [ main:22464 ] - [ DEBUG ] org.apache.http.impl.conn.Wire.wire(Wire.java:86)  << "{"errcode":60011,"errmsg":"no privilege to access/modify contact/party/agent , hint: [1606439739_54_0116e78b72250386361dd48802d5f309], from ip: 58.247.101.198, more info at https://open.work.weixin.qq.com/devtool/query?e=60011"}"
2020-11-27 09:15:39 [ main:22477 ] - [ DEBUG ] org.apache.http.impl.conn.BasicClientConnectionManager.releaseConnection(BasicClientConnectionManager.java:196) Releasing connection org.apache.http.impl.conn.ManagedClientConnectionImpl@1f229c40
2020-11-27 09:15:39 [ main:22527 ] - [ DEBUG ] org.apache.http.impl.conn.BasicClientConnectionManager.releaseConnection(BasicClientConnectionManager.java:221) Connection can be kept alive indefinitely
HTTP/1.1 200 OK
Server: nginx
Date: Fri, 27 Nov 2020 01:15:39 GMT
Content-Type: application/json; charset=UTF-8
Content-Length: 228
Connection: keep-alive
Error-Code: 60011
Error-Msg: no privilege to access/modify contact/party/agent , hint: [1606439739_54_0116e78b72250386361dd48802d5f309], from ip: 58.247.101.198, more info at https://open.work.weixin.qq.com/devtool/query?e=60011

{
    "errcode": 60011,
    "errmsg": "no privilege to access/modify contact/party/agent , hint: [1606439739_54_0116e78b72250386361dd48802d5f309], from ip: 58.247.101.198, more info at https://open.work.weixin.qq.com/devtool/query?e=60011"
}
]]></system-out>
  </testcase>
  <testcase name="delete" classname="workweixin.DepartmentTest" time="3.548">
    <failure message="1 expectation failed.&#10;JSON path errcode doesn&apos;t match.&#10;Expected: &lt;0&gt;&#10;  Actual: 60011&#10;" type="java.lang.AssertionError"><![CDATA[java.lang.AssertionError: 
1 expectation failed.
JSON path errcode doesn't match.
Expected: <0>
  Actual: 60011

	at workweixin.DepartmentTest.delete(DepartmentTest.java:117)
]]></failure>
    <system-out><![CDATA[2020-11-27 09:15:39 [ main:22616 ] - [ INFO ] workweixin.Restful.getApiFromYaml(Restful.java:32) restful:Restful{url='https://qyapi.weixin.qq.com/cgi-bin/department/create', method='post', headers=null, query=null, body='null'}
2020-11-27 09:15:39 [ main:22636 ] - [ DEBUG ] com.jayway.jsonpath.internal.path.CompiledPath.evaluate(CompiledPath.java:47) Evaluating path: $['name']
2020-11-27 09:15:39 [ main:22640 ] - [ DEBUG ] com.jayway.jsonpath.internal.JsonContext.set(JsonContext.java:147) Set path $['name'] new value seveniruby_d11606439716020
2020-11-27 09:15:39 [ main:22643 ] - [ DEBUG ] com.jayway.jsonpath.internal.path.CompiledPath.evaluate(CompiledPath.java:47) Evaluating path: $['parentid']
2020-11-27 09:15:39 [ main:22648 ] - [ DEBUG ] com.jayway.jsonpath.internal.JsonContext.set(JsonContext.java:147) Set path $['parentid'] new value 1
2020-11-27 09:15:39 [ main:22652 ] - [ INFO ] workweixin.Api.updateUrl(Api.java:175) 当前环境hosts:{qyapi.weixin.qq.com=qyapi.weixin.qq.com}
Request method:	POST
Request URI:	https://qyapi.weixin.qq.com/cgi-bin/department/create?access_token=TqasCuXIkbeHiJ47yLRoDXWmAeq_4pT_Tkv_KqxDih2pZUgiUEDEiYZB-Ixw-lBqL4emkDB5P8gmUmCGBO26yiD3yt4aYxTXbLnV-ZoDREkcNOjoG6sliCUciy5dRw2u7cbExzm22m8UHOt1edOesWKacRt7B0DvK0PzG35pdTUveYnxzL3EvUuMq4QO4bd4zBm-uiKpjWWukrnr6ULQ2A&access_token=TqasCuXIkbeHiJ47yLRoDXWmAeq_4pT_Tkv_KqxDih2pZUgiUEDEiYZB-Ixw-lBqL4emkDB5P8gmUmCGBO26yiD3yt4aYxTXbLnV-ZoDREkcNOjoG6sliCUciy5dRw2u7cbExzm22m8UHOt1edOesWKacRt7B0DvK0PzG35pdTUveYnxzL3EvUuMq4QO4bd4zBm-uiKpjWWukrnr6ULQ2A
Proxy:			<none>
Request params:	<none>
Query params:	access_token=[TqasCuXIkbeHiJ47yLRoDXWmAeq_4pT_Tkv_KqxDih2pZUgiUEDEiYZB-Ixw-lBqL4emkDB5P8gmUmCGBO26yiD3yt4aYxTXbLnV-ZoDREkcNOjoG6sliCUciy5dRw2u7cbExzm22m8UHOt1edOesWKacRt7B0DvK0PzG35pdTUveYnxzL3EvUuMq4QO4bd4zBm-uiKpjWWukrnr6ULQ2A, TqasCuXIkbeHiJ47yLRoDXWmAeq_4pT_Tkv_KqxDih2pZUgiUEDEiYZB-Ixw-lBqL4emkDB5P8gmUmCGBO26yiD3yt4aYxTXbLnV-ZoDREkcNOjoG6sliCUciy5dRw2u7cbExzm22m8UHOt1edOesWKacRt7B0DvK0PzG35pdTUveYnxzL3EvUuMq4QO4bd4zBm-uiKpjWWukrnr6ULQ2A]
Form params:	<none>
Path params:	<none>
Headers:		Host=qyapi.weixin.qq.com
				Accept=*/*
				Content-Type=application/json; charset=UTF-8
Cookies:		<none>
Multiparts:		<none>
Body:
{
    "name": "seveniruby_d11606439716020",
    "parentid": "1",
    "order": 1,
    "id": 1
}
Request method:	POST
Request URI:	https://qyapi.weixin.qq.com/cgi-bin/department/create?access_token=TqasCuXIkbeHiJ47yLRoDXWmAeq_4pT_Tkv_KqxDih2pZUgiUEDEiYZB-Ixw-lBqL4emkDB5P8gmUmCGBO26yiD3yt4aYxTXbLnV-ZoDREkcNOjoG6sliCUciy5dRw2u7cbExzm22m8UHOt1edOesWKacRt7B0DvK0PzG35pdTUveYnxzL3EvUuMq4QO4bd4zBm-uiKpjWWukrnr6ULQ2A&access_token=TqasCuXIkbeHiJ47yLRoDXWmAeq_4pT_Tkv_KqxDih2pZUgiUEDEiYZB-Ixw-lBqL4emkDB5P8gmUmCGBO26yiD3yt4aYxTXbLnV-ZoDREkcNOjoG6sliCUciy5dRw2u7cbExzm22m8UHOt1edOesWKacRt7B0DvK0PzG35pdTUveYnxzL3EvUuMq4QO4bd4zBm-uiKpjWWukrnr6ULQ2A
Proxy:			<none>
Request params:	<none>
Query params:	access_token=[TqasCuXIkbeHiJ47yLRoDXWmAeq_4pT_Tkv_KqxDih2pZUgiUEDEiYZB-Ixw-lBqL4emkDB5P8gmUmCGBO26yiD3yt4aYxTXbLnV-ZoDREkcNOjoG6sliCUciy5dRw2u7cbExzm22m8UHOt1edOesWKacRt7B0DvK0PzG35pdTUveYnxzL3EvUuMq4QO4bd4zBm-uiKpjWWukrnr6ULQ2A, TqasCuXIkbeHiJ47yLRoDXWmAeq_4pT_Tkv_KqxDih2pZUgiUEDEiYZB-Ixw-lBqL4emkDB5P8gmUmCGBO26yiD3yt4aYxTXbLnV-ZoDREkcNOjoG6sliCUciy5dRw2u7cbExzm22m8UHOt1edOesWKacRt7B0DvK0PzG35pdTUveYnxzL3EvUuMq4QO4bd4zBm-uiKpjWWukrnr6ULQ2A]
Form params:	<none>
Path params:	<none>
Headers:		Host=qyapi.weixin.qq.com
				Accept=*/*
				Content-Type=application/json; charset=UTF-8
Cookies:		<none>
Multiparts:		<none>
Body:
{
    "name": "seveniruby_d11606439716020",
    "parentid": "1",
    "order": 1,
    "id": 1
}
2020-11-27 09:15:40 [ main:22826 ] - [ DEBUG ] org.apache.http.impl.conn.BasicClientConnectionManager.getConnection(BasicClientConnectionManager.java:158) Get connection for route {s}->https://qyapi.weixin.qq.com
2020-11-27 09:15:40 [ main:22834 ] - [ DEBUG ] org.apache.http.impl.conn.DefaultClientConnectionOperator.openConnection(DefaultClientConnectionOperator.java:174) Connecting to qyapi.weixin.qq.com:443
2020-11-27 09:15:40 [ main:23039 ] - [ DEBUG ] org.apache.http.client.protocol.RequestAddCookies.process(RequestAddCookies.java:122) CookieSpec selected: ignoreCookies
2020-11-27 09:15:40 [ main:23046 ] - [ DEBUG ] org.apache.http.client.protocol.RequestAuthCache.process(RequestAuthCache.java:75) Auth cache not set in the context
2020-11-27 09:15:40 [ main:23050 ] - [ DEBUG ] org.apache.http.client.protocol.RequestTargetAuthentication.process(RequestTargetAuthentication.java:78) Target auth state: UNCHALLENGED
2020-11-27 09:15:40 [ main:23054 ] - [ DEBUG ] org.apache.http.client.protocol.RequestProxyAuthentication.process(RequestProxyAuthentication.java:87) Proxy auth state: UNCHALLENGED
2020-11-27 09:15:40 [ main:23059 ] - [ DEBUG ] org.apache.http.impl.client.DefaultRequestDirector.tryExecute(DefaultRequestDirector.java:683) Attempt 1 to execute request
2020-11-27 09:15:40 [ main:23063 ] - [ DEBUG ] org.apache.http.impl.conn.DefaultClientConnection.sendRequestHeader(DefaultClientConnection.java:268) Sending request: POST /cgi-bin/department/create?access_token=TqasCuXIkbeHiJ47yLRoDXWmAeq_4pT_Tkv_KqxDih2pZUgiUEDEiYZB-Ixw-lBqL4emkDB5P8gmUmCGBO26yiD3yt4aYxTXbLnV-ZoDREkcNOjoG6sliCUciy5dRw2u7cbExzm22m8UHOt1edOesWKacRt7B0DvK0PzG35pdTUveYnxzL3EvUuMq4QO4bd4zBm-uiKpjWWukrnr6ULQ2A&access_token=TqasCuXIkbeHiJ47yLRoDXWmAeq_4pT_Tkv_KqxDih2pZUgiUEDEiYZB-Ixw-lBqL4emkDB5P8gmUmCGBO26yiD3yt4aYxTXbLnV-ZoDREkcNOjoG6sliCUciy5dRw2u7cbExzm22m8UHOt1edOesWKacRt7B0DvK0PzG35pdTUveYnxzL3EvUuMq4QO4bd4zBm-uiKpjWWukrnr6ULQ2A HTTP/1.1
2020-11-27 09:15:40 [ main:23098 ] - [ DEBUG ] org.apache.http.impl.conn.Wire.wire(Wire.java:72)  >> "POST /cgi-bin/department/create?access_token=TqasCuXIkbeHiJ47yLRoDXWmAeq_4pT_Tkv_KqxDih2pZUgiUEDEiYZB-Ixw-lBqL4emkDB5P8gmUmCGBO26yiD3yt4aYxTXbLnV-ZoDREkcNOjoG6sliCUciy5dRw2u7cbExzm22m8UHOt1edOesWKacRt7B0DvK0PzG35pdTUveYnxzL3EvUuMq4QO4bd4zBm-uiKpjWWukrnr6ULQ2A&access_token=TqasCuXIkbeHiJ47yLRoDXWmAeq_4pT_Tkv_KqxDih2pZUgiUEDEiYZB-Ixw-lBqL4emkDB5P8gmUmCGBO26yiD3yt4aYxTXbLnV-ZoDREkcNOjoG6sliCUciy5dRw2u7cbExzm22m8UHOt1edOesWKacRt7B0DvK0PzG35pdTUveYnxzL3EvUuMq4QO4bd4zBm-uiKpjWWukrnr6ULQ2A HTTP/1.1[\r][\n]"
2020-11-27 09:15:40 [ main:23162 ] - [ DEBUG ] org.apache.http.impl.conn.Wire.wire(Wire.java:72)  >> "Accept: */*[\r][\n]"
2020-11-27 09:15:40 [ main:23166 ] - [ DEBUG ] org.apache.http.impl.conn.Wire.wire(Wire.java:72)  >> "Host: qyapi.weixin.qq.com[\r][\n]"
2020-11-27 09:15:40 [ main:23169 ] - [ DEBUG ] org.apache.http.impl.conn.Wire.wire(Wire.java:72)  >> "Content-Type: application/json; charset=UTF-8[\r][\n]"
2020-11-27 09:15:40 [ main:23173 ] - [ DEBUG ] org.apache.http.impl.conn.Wire.wire(Wire.java:72)  >> "Content-Length: 69[\r][\n]"
2020-11-27 09:15:40 [ main:23176 ] - [ DEBUG ] org.apache.http.impl.conn.Wire.wire(Wire.java:72)  >> "Connection: Keep-Alive[\r][\n]"
2020-11-27 09:15:40 [ main:23179 ] - [ DEBUG ] org.apache.http.impl.conn.Wire.wire(Wire.java:72)  >> "User-Agent: Apache-HttpClient/4.3.6 (java 1.5)[\r][\n]"
2020-11-27 09:15:40 [ main:23185 ] - [ DEBUG ] org.apache.http.impl.conn.Wire.wire(Wire.java:72)  >> "Accept-Encoding: gzip,deflate[\r][\n]"
2020-11-27 09:15:40 [ main:23188 ] - [ DEBUG ] org.apache.http.impl.conn.Wire.wire(Wire.java:72)  >> "[\r][\n]"
2020-11-27 09:15:40 [ main:23191 ] - [ DEBUG ] org.apache.http.impl.conn.DefaultClientConnection.sendRequestHeader(DefaultClientConnection.java:272) >> POST /cgi-bin/department/create?access_token=TqasCuXIkbeHiJ47yLRoDXWmAeq_4pT_Tkv_KqxDih2pZUgiUEDEiYZB-Ixw-lBqL4emkDB5P8gmUmCGBO26yiD3yt4aYxTXbLnV-ZoDREkcNOjoG6sliCUciy5dRw2u7cbExzm22m8UHOt1edOesWKacRt7B0DvK0PzG35pdTUveYnxzL3EvUuMq4QO4bd4zBm-uiKpjWWukrnr6ULQ2A&access_token=TqasCuXIkbeHiJ47yLRoDXWmAeq_4pT_Tkv_KqxDih2pZUgiUEDEiYZB-Ixw-lBqL4emkDB5P8gmUmCGBO26yiD3yt4aYxTXbLnV-ZoDREkcNOjoG6sliCUciy5dRw2u7cbExzm22m8UHOt1edOesWKacRt7B0DvK0PzG35pdTUveYnxzL3EvUuMq4QO4bd4zBm-uiKpjWWukrnr6ULQ2A HTTP/1.1
2020-11-27 09:15:40 [ main:23225 ] - [ DEBUG ] org.apache.http.impl.conn.DefaultClientConnection.sendRequestHeader(DefaultClientConnection.java:275) >> Accept: */*
2020-11-27 09:15:40 [ main:23228 ] - [ DEBUG ] org.apache.http.impl.conn.DefaultClientConnection.sendRequestHeader(DefaultClientConnection.java:275) >> Host: qyapi.weixin.qq.com
2020-11-27 09:15:40 [ main:23233 ] - [ DEBUG ] org.apache.http.impl.conn.DefaultClientConnection.sendRequestHeader(DefaultClientConnection.java:275) >> Content-Type: application/json; charset=UTF-8
2020-11-27 09:15:40 [ main:23256 ] - [ DEBUG ] org.apache.http.impl.conn.DefaultClientConnection.sendRequestHeader(DefaultClientConnection.java:275) >> Content-Length: 69
2020-11-27 09:15:40 [ main:23261 ] - [ DEBUG ] org.apache.http.impl.conn.DefaultClientConnection.sendRequestHeader(DefaultClientConnection.java:275) >> Connection: Keep-Alive
2020-11-27 09:15:40 [ main:23266 ] - [ DEBUG ] org.apache.http.impl.conn.DefaultClientConnection.sendRequestHeader(DefaultClientConnection.java:275) >> User-Agent: Apache-HttpClient/4.3.6 (java 1.5)
2020-11-27 09:15:40 [ main:23272 ] - [ DEBUG ] org.apache.http.impl.conn.DefaultClientConnection.sendRequestHeader(DefaultClientConnection.java:275) >> Accept-Encoding: gzip,deflate
2020-11-27 09:15:40 [ main:23275 ] - [ DEBUG ] org.apache.http.impl.conn.Wire.wire(Wire.java:86)  >> "{"name":"seveniruby_d11606439716020","parentid":"1","order":1,"id":1}"
2020-11-27 09:15:40 [ main:23338 ] - [ DEBUG ] org.apache.http.impl.conn.Wire.wire(Wire.java:72)  << "HTTP/1.1 200 OK[\r][\n]"
2020-11-27 09:15:40 [ main:23342 ] - [ DEBUG ] org.apache.http.impl.conn.Wire.wire(Wire.java:72)  << "Server: nginx[\r][\n]"
2020-11-27 09:15:40 [ main:23345 ] - [ DEBUG ] org.apache.http.impl.conn.Wire.wire(Wire.java:72)  << "Date: Fri, 27 Nov 2020 01:15:40 GMT[\r][\n]"
2020-11-27 09:15:40 [ main:23373 ] - [ DEBUG ] org.apache.http.impl.conn.Wire.wire(Wire.java:72)  << "Content-Type: application/json; charset=UTF-8[\r][\n]"
2020-11-27 09:15:40 [ main:23377 ] - [ DEBUG ] org.apache.http.impl.conn.Wire.wire(Wire.java:72)  << "Content-Length: 228[\r][\n]"
2020-11-27 09:15:40 [ main:23380 ] - [ DEBUG ] org.apache.http.impl.conn.Wire.wire(Wire.java:72)  << "Connection: keep-alive[\r][\n]"
2020-11-27 09:15:40 [ main:23383 ] - [ DEBUG ] org.apache.http.impl.conn.Wire.wire(Wire.java:72)  << "Error-Code: 60011[\r][\n]"
2020-11-27 09:15:40 [ main:23389 ] - [ DEBUG ] org.apache.http.impl.conn.Wire.wire(Wire.java:72)  << "Error-Msg: no privilege to access/modify contact/party/agent , hint: [1606439740_54_c6500861a4726b4b3e2497b14a4f189a], from ip: 58.247.101.198, more info at https://open.work.weixin.qq.com/devtool/query?e=60011[\r][\n]"
2020-11-27 09:15:40 [ main:23443 ] - [ DEBUG ] org.apache.http.impl.conn.Wire.wire(Wire.java:72)  << "[\r][\n]"
2020-11-27 09:15:40 [ main:23447 ] - [ DEBUG ] org.apache.http.impl.conn.DefaultClientConnection.receiveResponseHeader(DefaultClientConnection.java:253) Receiving response: HTTP/1.1 200 OK
2020-11-27 09:15:40 [ main:23454 ] - [ DEBUG ] org.apache.http.impl.conn.DefaultClientConnection.receiveResponseHeader(DefaultClientConnection.java:256) << HTTP/1.1 200 OK
2020-11-27 09:15:40 [ main:23457 ] - [ DEBUG ] org.apache.http.impl.conn.DefaultClientConnection.receiveResponseHeader(DefaultClientConnection.java:259) << Server: nginx
2020-11-27 09:15:40 [ main:23462 ] - [ DEBUG ] org.apache.http.impl.conn.DefaultClientConnection.receiveResponseHeader(DefaultClientConnection.java:259) << Date: Fri, 27 Nov 2020 01:15:40 GMT
2020-11-27 09:15:40 [ main:23466 ] - [ DEBUG ] org.apache.http.impl.conn.DefaultClientConnection.receiveResponseHeader(DefaultClientConnection.java:259) << Content-Type: application/json; charset=UTF-8
2020-11-27 09:15:40 [ main:23518 ] - [ DEBUG ] org.apache.http.impl.conn.DefaultClientConnection.receiveResponseHeader(DefaultClientConnection.java:259) << Content-Length: 228
2020-11-27 09:15:40 [ main:23523 ] - [ DEBUG ] org.apache.http.impl.conn.DefaultClientConnection.receiveResponseHeader(DefaultClientConnection.java:259) << Connection: keep-alive
2020-11-27 09:15:40 [ main:23528 ] - [ DEBUG ] org.apache.http.impl.conn.DefaultClientConnection.receiveResponseHeader(DefaultClientConnection.java:259) << Error-Code: 60011
2020-11-27 09:15:40 [ main:23532 ] - [ DEBUG ] org.apache.http.impl.conn.DefaultClientConnection.receiveResponseHeader(DefaultClientConnection.java:259) << Error-Msg: no privilege to access/modify contact/party/agent , hint: [1606439740_54_c6500861a4726b4b3e2497b14a4f189a], from ip: 58.247.101.198, more info at https://open.work.weixin.qq.com/devtool/query?e=60011
2020-11-27 09:15:40 [ main:23539 ] - [ DEBUG ] org.apache.http.impl.client.DefaultRequestDirector.execute(DefaultRequestDirector.java:510) Connection can be kept alive indefinitely
2020-11-27 09:15:40 [ main:23543 ] - [ DEBUG ] io.restassured.internal.http.HTTPBuilder.parseResponse(HTTPBuilder.java:544) Parsing response as: application/json; charset=UTF-8
2020-11-27 09:15:40 [ main:23548 ] - [ DEBUG ] io.restassured.internal.http.HTTPBuilder.parseResponse(HTTPBuilder.java:547) Parsed data to instance of: class org.apache.http.conn.EofSensorInputStream
2020-11-27 09:15:40 [ main:23572 ] - [ DEBUG ] org.apache.http.impl.conn.Wire.wire(Wire.java:86)  << "{"errcode":60011,"errmsg":"no privilege to access/modify contact/party/agent , hint: [1606439740_54_c6500861a4726b4b3e2497b14a4f189a], from ip: 58.247.101.198, more info at https://open.work.weixin.qq.com/devtool/query?e=60011"}"
2020-11-27 09:15:40 [ main:23580 ] - [ DEBUG ] org.apache.http.impl.conn.BasicClientConnectionManager.releaseConnection(BasicClientConnectionManager.java:196) Releasing connection org.apache.http.impl.conn.ManagedClientConnectionImpl@28f3a218
2020-11-27 09:15:40 [ main:23584 ] - [ DEBUG ] org.apache.http.impl.conn.BasicClientConnectionManager.releaseConnection(BasicClientConnectionManager.java:221) Connection can be kept alive indefinitely
HTTP/1.1 200 OK
Server: nginx
Date: Fri, 27 Nov 2020 01:15:40 GMT
Content-Type: application/json; charset=UTF-8
Content-Length: 228
Connection: keep-alive
Error-Code: 60011
Error-Msg: no privilege to access/modify contact/party/agent , hint: [1606439740_54_c6500861a4726b4b3e2497b14a4f189a], from ip: 58.247.101.198, more info at https://open.work.weixin.qq.com/devtool/query?e=60011

{
    "errcode": 60011,
    "errmsg": "no privilege to access/modify contact/party/agent , hint: [1606439740_54_c6500861a4726b4b3e2497b14a4f189a], from ip: 58.247.101.198, more info at https://open.work.weixin.qq.com/devtool/query?e=60011"
}
2020-11-27 09:15:40 [ main:23640 ] - [ INFO ] workweixin.Department.list(Department.java:22) 测试list
2020-11-27 09:15:40 [ main:23644 ] - [ INFO ] workweixin.Restful.getApiFromYaml(Restful.java:32) restful:Restful{url='https://qyapi.weixin.qq.com/cgi-bin/department/list', method='get', headers=null, query={id=}, body='null'}
2020-11-27 09:15:40 [ main:23655 ] - [ INFO ] workweixin.Api.updateUrl(Api.java:175) 当前环境hosts:{qyapi.weixin.qq.com=qyapi.weixin.qq.com}
Request method:	GET
Request URI:	https://qyapi.weixin.qq.com/cgi-bin/department/list?access_token=TqasCuXIkbeHiJ47yLRoDXWmAeq_4pT_Tkv_KqxDih2pZUgiUEDEiYZB-Ixw-lBqL4emkDB5P8gmUmCGBO26yiD3yt4aYxTXbLnV-ZoDREkcNOjoG6sliCUciy5dRw2u7cbExzm22m8UHOt1edOesWKacRt7B0DvK0PzG35pdTUveYnxzL3EvUuMq4QO4bd4zBm-uiKpjWWukrnr6ULQ2A&access_token=TqasCuXIkbeHiJ47yLRoDXWmAeq_4pT_Tkv_KqxDih2pZUgiUEDEiYZB-Ixw-lBqL4emkDB5P8gmUmCGBO26yiD3yt4aYxTXbLnV-ZoDREkcNOjoG6sliCUciy5dRw2u7cbExzm22m8UHOt1edOesWKacRt7B0DvK0PzG35pdTUveYnxzL3EvUuMq4QO4bd4zBm-uiKpjWWukrnr6ULQ2A&id=
Proxy:			<none>
Request params:	<none>
Query params:	access_token=[TqasCuXIkbeHiJ47yLRoDXWmAeq_4pT_Tkv_KqxDih2pZUgiUEDEiYZB-Ixw-lBqL4emkDB5P8gmUmCGBO26yiD3yt4aYxTXbLnV-ZoDREkcNOjoG6sliCUciy5dRw2u7cbExzm22m8UHOt1edOesWKacRt7B0DvK0PzG35pdTUveYnxzL3EvUuMq4QO4bd4zBm-uiKpjWWukrnr6ULQ2A, TqasCuXIkbeHiJ47yLRoDXWmAeq_4pT_Tkv_KqxDih2pZUgiUEDEiYZB-Ixw-lBqL4emkDB5P8gmUmCGBO26yiD3yt4aYxTXbLnV-ZoDREkcNOjoG6sliCUciy5dRw2u7cbExzm22m8UHOt1edOesWKacRt7B0DvK0PzG35pdTUveYnxzL3EvUuMq4QO4bd4zBm-uiKpjWWukrnr6ULQ2A]
				id=
Form params:	<none>
Path params:	<none>
Headers:		Host=qyapi.weixin.qq.com
				Accept=*/*
				Content-Type=application/json; charset=UTF-8
Cookies:		<none>
Multiparts:		<none>
Body:			<none>
Request method:	GET
Request URI:	https://qyapi.weixin.qq.com/cgi-bin/department/list?access_token=TqasCuXIkbeHiJ47yLRoDXWmAeq_4pT_Tkv_KqxDih2pZUgiUEDEiYZB-Ixw-lBqL4emkDB5P8gmUmCGBO26yiD3yt4aYxTXbLnV-ZoDREkcNOjoG6sliCUciy5dRw2u7cbExzm22m8UHOt1edOesWKacRt7B0DvK0PzG35pdTUveYnxzL3EvUuMq4QO4bd4zBm-uiKpjWWukrnr6ULQ2A&access_token=TqasCuXIkbeHiJ47yLRoDXWmAeq_4pT_Tkv_KqxDih2pZUgiUEDEiYZB-Ixw-lBqL4emkDB5P8gmUmCGBO26yiD3yt4aYxTXbLnV-ZoDREkcNOjoG6sliCUciy5dRw2u7cbExzm22m8UHOt1edOesWKacRt7B0DvK0PzG35pdTUveYnxzL3EvUuMq4QO4bd4zBm-uiKpjWWukrnr6ULQ2A&id=
Proxy:			<none>
Request params:	<none>
Query params:	access_token=[TqasCuXIkbeHiJ47yLRoDXWmAeq_4pT_Tkv_KqxDih2pZUgiUEDEiYZB-Ixw-lBqL4emkDB5P8gmUmCGBO26yiD3yt4aYxTXbLnV-ZoDREkcNOjoG6sliCUciy5dRw2u7cbExzm22m8UHOt1edOesWKacRt7B0DvK0PzG35pdTUveYnxzL3EvUuMq4QO4bd4zBm-uiKpjWWukrnr6ULQ2A, TqasCuXIkbeHiJ47yLRoDXWmAeq_4pT_Tkv_KqxDih2pZUgiUEDEiYZB-Ixw-lBqL4emkDB5P8gmUmCGBO26yiD3yt4aYxTXbLnV-ZoDREkcNOjoG6sliCUciy5dRw2u7cbExzm22m8UHOt1edOesWKacRt7B0DvK0PzG35pdTUveYnxzL3EvUuMq4QO4bd4zBm-uiKpjWWukrnr6ULQ2A]
				id=
Form params:	<none>
Path params:	<none>
Headers:		Host=qyapi.weixin.qq.com
				Accept=*/*
				Content-Type=application/json; charset=UTF-8
Cookies:		<none>
Multiparts:		<none>
Body:			<none>
2020-11-27 09:15:40 [ main:23804 ] - [ DEBUG ] org.apache.http.impl.conn.BasicClientConnectionManager.getConnection(BasicClientConnectionManager.java:158) Get connection for route {s}->https://qyapi.weixin.qq.com
2020-11-27 09:15:41 [ main:23811 ] - [ DEBUG ] org.apache.http.impl.conn.DefaultClientConnectionOperator.openConnection(DefaultClientConnectionOperator.java:174) Connecting to qyapi.weixin.qq.com:443
2020-11-27 09:15:41 [ main:24021 ] - [ DEBUG ] org.apache.http.client.protocol.RequestAddCookies.process(RequestAddCookies.java:122) CookieSpec selected: ignoreCookies
2020-11-27 09:15:41 [ main:24034 ] - [ DEBUG ] org.apache.http.client.protocol.RequestAuthCache.process(RequestAuthCache.java:75) Auth cache not set in the context
2020-11-27 09:15:41 [ main:24042 ] - [ DEBUG ] org.apache.http.client.protocol.RequestTargetAuthentication.process(RequestTargetAuthentication.java:78) Target auth state: UNCHALLENGED
2020-11-27 09:15:41 [ main:24056 ] - [ DEBUG ] org.apache.http.client.protocol.RequestProxyAuthentication.process(RequestProxyAuthentication.java:87) Proxy auth state: UNCHALLENGED
2020-11-27 09:15:41 [ main:24078 ] - [ DEBUG ] org.apache.http.impl.client.DefaultRequestDirector.tryExecute(DefaultRequestDirector.java:683) Attempt 1 to execute request
2020-11-27 09:15:41 [ main:24084 ] - [ DEBUG ] org.apache.http.impl.conn.DefaultClientConnection.sendRequestHeader(DefaultClientConnection.java:268) Sending request: GET /cgi-bin/department/list?access_token=TqasCuXIkbeHiJ47yLRoDXWmAeq_4pT_Tkv_KqxDih2pZUgiUEDEiYZB-Ixw-lBqL4emkDB5P8gmUmCGBO26yiD3yt4aYxTXbLnV-ZoDREkcNOjoG6sliCUciy5dRw2u7cbExzm22m8UHOt1edOesWKacRt7B0DvK0PzG35pdTUveYnxzL3EvUuMq4QO4bd4zBm-uiKpjWWukrnr6ULQ2A&access_token=TqasCuXIkbeHiJ47yLRoDXWmAeq_4pT_Tkv_KqxDih2pZUgiUEDEiYZB-Ixw-lBqL4emkDB5P8gmUmCGBO26yiD3yt4aYxTXbLnV-ZoDREkcNOjoG6sliCUciy5dRw2u7cbExzm22m8UHOt1edOesWKacRt7B0DvK0PzG35pdTUveYnxzL3EvUuMq4QO4bd4zBm-uiKpjWWukrnr6ULQ2A&id= HTTP/1.1
2020-11-27 09:15:41 [ main:24129 ] - [ DEBUG ] org.apache.http.impl.conn.Wire.wire(Wire.java:72)  >> "GET /cgi-bin/department/list?access_token=TqasCuXIkbeHiJ47yLRoDXWmAeq_4pT_Tkv_KqxDih2pZUgiUEDEiYZB-Ixw-lBqL4emkDB5P8gmUmCGBO26yiD3yt4aYxTXbLnV-ZoDREkcNOjoG6sliCUciy5dRw2u7cbExzm22m8UHOt1edOesWKacRt7B0DvK0PzG35pdTUveYnxzL3EvUuMq4QO4bd4zBm-uiKpjWWukrnr6ULQ2A&access_token=TqasCuXIkbeHiJ47yLRoDXWmAeq_4pT_Tkv_KqxDih2pZUgiUEDEiYZB-Ixw-lBqL4emkDB5P8gmUmCGBO26yiD3yt4aYxTXbLnV-ZoDREkcNOjoG6sliCUciy5dRw2u7cbExzm22m8UHOt1edOesWKacRt7B0DvK0PzG35pdTUveYnxzL3EvUuMq4QO4bd4zBm-uiKpjWWukrnr6ULQ2A&id= HTTP/1.1[\r][\n]"
2020-11-27 09:15:41 [ main:24146 ] - [ DEBUG ] org.apache.http.impl.conn.Wire.wire(Wire.java:72)  >> "Content-Type: application/json; charset=UTF-8[\r][\n]"
2020-11-27 09:15:41 [ main:24151 ] - [ DEBUG ] org.apache.http.impl.conn.Wire.wire(Wire.java:72)  >> "Accept: */*[\r][\n]"
2020-11-27 09:15:41 [ main:24155 ] - [ DEBUG ] org.apache.http.impl.conn.Wire.wire(Wire.java:72)  >> "Host: qyapi.weixin.qq.com[\r][\n]"
2020-11-27 09:15:41 [ main:24195 ] - [ DEBUG ] org.apache.http.impl.conn.Wire.wire(Wire.java:72)  >> "Connection: Keep-Alive[\r][\n]"
2020-11-27 09:15:41 [ main:24205 ] - [ DEBUG ] org.apache.http.impl.conn.Wire.wire(Wire.java:72)  >> "User-Agent: Apache-HttpClient/4.3.6 (java 1.5)[\r][\n]"
2020-11-27 09:15:41 [ main:24210 ] - [ DEBUG ] org.apache.http.impl.conn.Wire.wire(Wire.java:72)  >> "Accept-Encoding: gzip,deflate[\r][\n]"
2020-11-27 09:15:41 [ main:24215 ] - [ DEBUG ] org.apache.http.impl.conn.Wire.wire(Wire.java:72)  >> "[\r][\n]"
2020-11-27 09:15:41 [ main:24265 ] - [ DEBUG ] org.apache.http.impl.conn.DefaultClientConnection.sendRequestHeader(DefaultClientConnection.java:272) >> GET /cgi-bin/department/list?access_token=TqasCuXIkbeHiJ47yLRoDXWmAeq_4pT_Tkv_KqxDih2pZUgiUEDEiYZB-Ixw-lBqL4emkDB5P8gmUmCGBO26yiD3yt4aYxTXbLnV-ZoDREkcNOjoG6sliCUciy5dRw2u7cbExzm22m8UHOt1edOesWKacRt7B0DvK0PzG35pdTUveYnxzL3EvUuMq4QO4bd4zBm-uiKpjWWukrnr6ULQ2A&access_token=TqasCuXIkbeHiJ47yLRoDXWmAeq_4pT_Tkv_KqxDih2pZUgiUEDEiYZB-Ixw-lBqL4emkDB5P8gmUmCGBO26yiD3yt4aYxTXbLnV-ZoDREkcNOjoG6sliCUciy5dRw2u7cbExzm22m8UHOt1edOesWKacRt7B0DvK0PzG35pdTUveYnxzL3EvUuMq4QO4bd4zBm-uiKpjWWukrnr6ULQ2A&id= HTTP/1.1
2020-11-27 09:15:41 [ main:24284 ] - [ DEBUG ] org.apache.http.impl.conn.DefaultClientConnection.sendRequestHeader(DefaultClientConnection.java:275) >> Content-Type: application/json; charset=UTF-8
2020-11-27 09:15:41 [ main:24292 ] - [ DEBUG ] org.apache.http.impl.conn.DefaultClientConnection.sendRequestHeader(DefaultClientConnection.java:275) >> Accept: */*
2020-11-27 09:15:41 [ main:24340 ] - [ DEBUG ] org.apache.http.impl.conn.DefaultClientConnection.sendRequestHeader(DefaultClientConnection.java:275) >> Host: qyapi.weixin.qq.com
2020-11-27 09:15:41 [ main:24354 ] - [ DEBUG ] org.apache.http.impl.conn.DefaultClientConnection.sendRequestHeader(DefaultClientConnection.java:275) >> Connection: Keep-Alive
2020-11-27 09:15:41 [ main:24401 ] - [ DEBUG ] org.apache.http.impl.conn.DefaultClientConnection.sendRequestHeader(DefaultClientConnection.java:275) >> User-Agent: Apache-HttpClient/4.3.6 (java 1.5)
2020-11-27 09:15:41 [ main:24412 ] - [ DEBUG ] org.apache.http.impl.conn.DefaultClientConnection.sendRequestHeader(DefaultClientConnection.java:275) >> Accept-Encoding: gzip,deflate
2020-11-27 09:15:41 [ main:24503 ] - [ DEBUG ] org.apache.http.impl.conn.Wire.wire(Wire.java:72)  << "HTTP/1.1 200 OK[\r][\n]"
2020-11-27 09:15:41 [ main:24511 ] - [ DEBUG ] org.apache.http.impl.conn.Wire.wire(Wire.java:72)  << "Server: nginx[\r][\n]"
2020-11-27 09:15:41 [ main:24524 ] - [ DEBUG ] org.apache.http.impl.conn.Wire.wire(Wire.java:72)  << "Date: Fri, 27 Nov 2020 01:15:41 GMT[\r][\n]"
2020-11-27 09:15:41 [ main:24529 ] - [ DEBUG ] org.apache.http.impl.conn.Wire.wire(Wire.java:72)  << "Content-Type: application/json; charset=UTF-8[\r][\n]"
2020-11-27 09:15:41 [ main:24541 ] - [ DEBUG ] org.apache.http.impl.conn.Wire.wire(Wire.java:72)  << "Content-Length: 165[\r][\n]"
2020-11-27 09:15:41 [ main:24604 ] - [ DEBUG ] org.apache.http.impl.conn.Wire.wire(Wire.java:72)  << "Connection: keep-alive[\r][\n]"
2020-11-27 09:15:41 [ main:24607 ] - [ DEBUG ] org.apache.http.impl.conn.Wire.wire(Wire.java:72)  << "Error-Code: 0[\r][\n]"
2020-11-27 09:15:41 [ main:24612 ] - [ DEBUG ] org.apache.http.impl.conn.Wire.wire(Wire.java:72)  << "Error-Msg: ok[\r][\n]"
2020-11-27 09:15:41 [ main:24616 ] - [ DEBUG ] org.apache.http.impl.conn.Wire.wire(Wire.java:72)  << "[\r][\n]"
2020-11-27 09:15:41 [ main:24621 ] - [ DEBUG ] org.apache.http.impl.conn.DefaultClientConnection.receiveResponseHeader(DefaultClientConnection.java:253) Receiving response: HTTP/1.1 200 OK
2020-11-27 09:15:41 [ main:24686 ] - [ DEBUG ] org.apache.http.impl.conn.DefaultClientConnection.receiveResponseHeader(DefaultClientConnection.java:256) << HTTP/1.1 200 OK
2020-11-27 09:15:41 [ main:24690 ] - [ DEBUG ] org.apache.http.impl.conn.DefaultClientConnection.receiveResponseHeader(DefaultClientConnection.java:259) << Server: nginx
2020-11-27 09:15:41 [ main:24695 ] - [ DEBUG ] org.apache.http.impl.conn.DefaultClientConnection.receiveResponseHeader(DefaultClientConnection.java:259) << Date: Fri, 27 Nov 2020 01:15:41 GMT
2020-11-27 09:15:41 [ main:24702 ] - [ DEBUG ] org.apache.http.impl.conn.DefaultClientConnection.receiveResponseHeader(DefaultClientConnection.java:259) << Content-Type: application/json; charset=UTF-8
2020-11-27 09:15:41 [ main:24742 ] - [ DEBUG ] org.apache.http.impl.conn.DefaultClientConnection.receiveResponseHeader(DefaultClientConnection.java:259) << Content-Length: 165
2020-11-27 09:15:41 [ main:24746 ] - [ DEBUG ] org.apache.http.impl.conn.DefaultClientConnection.receiveResponseHeader(DefaultClientConnection.java:259) << Connection: keep-alive
2020-11-27 09:15:41 [ main:24751 ] - [ DEBUG ] org.apache.http.impl.conn.DefaultClientConnection.receiveResponseHeader(DefaultClientConnection.java:259) << Error-Code: 0
2020-11-27 09:15:41 [ main:24755 ] - [ DEBUG ] org.apache.http.impl.conn.DefaultClientConnection.receiveResponseHeader(DefaultClientConnection.java:259) << Error-Msg: ok
2020-11-27 09:15:41 [ main:24760 ] - [ DEBUG ] org.apache.http.impl.client.DefaultRequestDirector.execute(DefaultRequestDirector.java:510) Connection can be kept alive indefinitely
2020-11-27 09:15:41 [ main:24805 ] - [ DEBUG ] io.restassured.internal.http.HTTPBuilder.parseResponse(HTTPBuilder.java:544) Parsing response as: application/json; charset=UTF-8
2020-11-27 09:15:42 [ main:24815 ] - [ DEBUG ] io.restassured.internal.http.HTTPBuilder.parseResponse(HTTPBuilder.java:547) Parsed data to instance of: class org.apache.http.conn.EofSensorInputStream
2020-11-27 09:15:42 [ main:24821 ] - [ DEBUG ] org.apache.http.impl.conn.Wire.wire(Wire.java:86)  << "{"errcode":0,"errmsg":"ok","department":[{"id":33,"name":"testhome1234","parentid":1,"order":100160000},{"id":39,"name":"ningningCenterdd","parentid":33,"order":0}]}"
2020-11-27 09:15:42 [ main:24872 ] - [ DEBUG ] org.apache.http.impl.conn.BasicClientConnectionManager.releaseConnection(BasicClientConnectionManager.java:196) Releasing connection org.apache.http.impl.conn.ManagedClientConnectionImpl@4028aab2
2020-11-27 09:15:42 [ main:24881 ] - [ DEBUG ] org.apache.http.impl.conn.BasicClientConnectionManager.releaseConnection(BasicClientConnectionManager.java:221) Connection can be kept alive indefinitely
HTTP/1.1 200 OK
Server: nginx
Date: Fri, 27 Nov 2020 01:15:41 GMT
Content-Type: application/json; charset=UTF-8
Content-Length: 165
Connection: keep-alive
Error-Code: 0
Error-Msg: ok

{
    "errcode": 0,
    "errmsg": "ok",
    "department": [
        {
            "id": 33,
            "name": "testhome1234",
            "parentid": 1,
            "order": 100160000
        },
        {
            "id": 39,
            "name": "ningningCenterdd",
            "parentid": 33,
            "order": 0
        }
    ]
}
null
2020-11-27 09:15:42 [ main:24981 ] - [ INFO ] workweixin.Restful.getApiFromYaml(Restful.java:32) restful:Restful{url='https://qyapi.weixin.qq.com/cgi-bin/department/delete', method='get', headers=null, query={id=}, body='null'}
2020-11-27 09:15:42 [ main:24992 ] - [ INFO ] workweixin.Api.updateUrl(Api.java:175) 当前环境hosts:{qyapi.weixin.qq.com=qyapi.weixin.qq.com}
Request method:	GET
Request URI:	https://qyapi.weixin.qq.com/cgi-bin/department/delete?access_token=TqasCuXIkbeHiJ47yLRoDXWmAeq_4pT_Tkv_KqxDih2pZUgiUEDEiYZB-Ixw-lBqL4emkDB5P8gmUmCGBO26yiD3yt4aYxTXbLnV-ZoDREkcNOjoG6sliCUciy5dRw2u7cbExzm22m8UHOt1edOesWKacRt7B0DvK0PzG35pdTUveYnxzL3EvUuMq4QO4bd4zBm-uiKpjWWukrnr6ULQ2A&access_token=TqasCuXIkbeHiJ47yLRoDXWmAeq_4pT_Tkv_KqxDih2pZUgiUEDEiYZB-Ixw-lBqL4emkDB5P8gmUmCGBO26yiD3yt4aYxTXbLnV-ZoDREkcNOjoG6sliCUciy5dRw2u7cbExzm22m8UHOt1edOesWKacRt7B0DvK0PzG35pdTUveYnxzL3EvUuMq4QO4bd4zBm-uiKpjWWukrnr6ULQ2A&id=null
Proxy:			<none>
Request params:	<none>
Query params:	access_token=[TqasCuXIkbeHiJ47yLRoDXWmAeq_4pT_Tkv_KqxDih2pZUgiUEDEiYZB-Ixw-lBqL4emkDB5P8gmUmCGBO26yiD3yt4aYxTXbLnV-ZoDREkcNOjoG6sliCUciy5dRw2u7cbExzm22m8UHOt1edOesWKacRt7B0DvK0PzG35pdTUveYnxzL3EvUuMq4QO4bd4zBm-uiKpjWWukrnr6ULQ2A, TqasCuXIkbeHiJ47yLRoDXWmAeq_4pT_Tkv_KqxDih2pZUgiUEDEiYZB-Ixw-lBqL4emkDB5P8gmUmCGBO26yiD3yt4aYxTXbLnV-ZoDREkcNOjoG6sliCUciy5dRw2u7cbExzm22m8UHOt1edOesWKacRt7B0DvK0PzG35pdTUveYnxzL3EvUuMq4QO4bd4zBm-uiKpjWWukrnr6ULQ2A]
				id=null
Form params:	<none>
Path params:	<none>
Headers:		Host=qyapi.weixin.qq.com
				Accept=*/*
				Content-Type=application/json; charset=UTF-8
Cookies:		<none>
Multiparts:		<none>
Body:			<none>
Request method:	GET
Request URI:	https://qyapi.weixin.qq.com/cgi-bin/department/delete?access_token=TqasCuXIkbeHiJ47yLRoDXWmAeq_4pT_Tkv_KqxDih2pZUgiUEDEiYZB-Ixw-lBqL4emkDB5P8gmUmCGBO26yiD3yt4aYxTXbLnV-ZoDREkcNOjoG6sliCUciy5dRw2u7cbExzm22m8UHOt1edOesWKacRt7B0DvK0PzG35pdTUveYnxzL3EvUuMq4QO4bd4zBm-uiKpjWWukrnr6ULQ2A&access_token=TqasCuXIkbeHiJ47yLRoDXWmAeq_4pT_Tkv_KqxDih2pZUgiUEDEiYZB-Ixw-lBqL4emkDB5P8gmUmCGBO26yiD3yt4aYxTXbLnV-ZoDREkcNOjoG6sliCUciy5dRw2u7cbExzm22m8UHOt1edOesWKacRt7B0DvK0PzG35pdTUveYnxzL3EvUuMq4QO4bd4zBm-uiKpjWWukrnr6ULQ2A&id=null
Proxy:			<none>
Request params:	<none>
Query params:	access_token=[TqasCuXIkbeHiJ47yLRoDXWmAeq_4pT_Tkv_KqxDih2pZUgiUEDEiYZB-Ixw-lBqL4emkDB5P8gmUmCGBO26yiD3yt4aYxTXbLnV-ZoDREkcNOjoG6sliCUciy5dRw2u7cbExzm22m8UHOt1edOesWKacRt7B0DvK0PzG35pdTUveYnxzL3EvUuMq4QO4bd4zBm-uiKpjWWukrnr6ULQ2A, TqasCuXIkbeHiJ47yLRoDXWmAeq_4pT_Tkv_KqxDih2pZUgiUEDEiYZB-Ixw-lBqL4emkDB5P8gmUmCGBO26yiD3yt4aYxTXbLnV-ZoDREkcNOjoG6sliCUciy5dRw2u7cbExzm22m8UHOt1edOesWKacRt7B0DvK0PzG35pdTUveYnxzL3EvUuMq4QO4bd4zBm-uiKpjWWukrnr6ULQ2A]
				id=null
Form params:	<none>
Path params:	<none>
Headers:		Host=qyapi.weixin.qq.com
				Accept=*/*
				Content-Type=application/json; charset=UTF-8
Cookies:		<none>
Multiparts:		<none>
Body:			<none>
2020-11-27 09:15:42 [ main:25211 ] - [ DEBUG ] org.apache.http.impl.conn.BasicClientConnectionManager.getConnection(BasicClientConnectionManager.java:158) Get connection for route {s}->https://qyapi.weixin.qq.com
2020-11-27 09:15:42 [ main:25259 ] - [ DEBUG ] org.apache.http.impl.conn.DefaultClientConnectionOperator.openConnection(DefaultClientConnectionOperator.java:174) Connecting to qyapi.weixin.qq.com:443
2020-11-27 09:15:42 [ main:25465 ] - [ DEBUG ] org.apache.http.client.protocol.RequestAddCookies.process(RequestAddCookies.java:122) CookieSpec selected: ignoreCookies
2020-11-27 09:15:42 [ main:25520 ] - [ DEBUG ] org.apache.http.client.protocol.RequestAuthCache.process(RequestAuthCache.java:75) Auth cache not set in the context
2020-11-27 09:15:42 [ main:25524 ] - [ DEBUG ] org.apache.http.client.protocol.RequestTargetAuthentication.process(RequestTargetAuthentication.java:78) Target auth state: UNCHALLENGED
2020-11-27 09:15:42 [ main:25529 ] - [ DEBUG ] org.apache.http.client.protocol.RequestProxyAuthentication.process(RequestProxyAuthentication.java:87) Proxy auth state: UNCHALLENGED
2020-11-27 09:15:42 [ main:25534 ] - [ DEBUG ] org.apache.http.impl.client.DefaultRequestDirector.tryExecute(DefaultRequestDirector.java:683) Attempt 1 to execute request
2020-11-27 09:15:42 [ main:25538 ] - [ DEBUG ] org.apache.http.impl.conn.DefaultClientConnection.sendRequestHeader(DefaultClientConnection.java:268) Sending request: GET /cgi-bin/department/delete?access_token=TqasCuXIkbeHiJ47yLRoDXWmAeq_4pT_Tkv_KqxDih2pZUgiUEDEiYZB-Ixw-lBqL4emkDB5P8gmUmCGBO26yiD3yt4aYxTXbLnV-ZoDREkcNOjoG6sliCUciy5dRw2u7cbExzm22m8UHOt1edOesWKacRt7B0DvK0PzG35pdTUveYnxzL3EvUuMq4QO4bd4zBm-uiKpjWWukrnr6ULQ2A&access_token=TqasCuXIkbeHiJ47yLRoDXWmAeq_4pT_Tkv_KqxDih2pZUgiUEDEiYZB-Ixw-lBqL4emkDB5P8gmUmCGBO26yiD3yt4aYxTXbLnV-ZoDREkcNOjoG6sliCUciy5dRw2u7cbExzm22m8UHOt1edOesWKacRt7B0DvK0PzG35pdTUveYnxzL3EvUuMq4QO4bd4zBm-uiKpjWWukrnr6ULQ2A&id=null HTTP/1.1
2020-11-27 09:15:42 [ main:25587 ] - [ DEBUG ] org.apache.http.impl.conn.Wire.wire(Wire.java:72)  >> "GET /cgi-bin/department/delete?access_token=TqasCuXIkbeHiJ47yLRoDXWmAeq_4pT_Tkv_KqxDih2pZUgiUEDEiYZB-Ixw-lBqL4emkDB5P8gmUmCGBO26yiD3yt4aYxTXbLnV-ZoDREkcNOjoG6sliCUciy5dRw2u7cbExzm22m8UHOt1edOesWKacRt7B0DvK0PzG35pdTUveYnxzL3EvUuMq4QO4bd4zBm-uiKpjWWukrnr6ULQ2A&access_token=TqasCuXIkbeHiJ47yLRoDXWmAeq_4pT_Tkv_KqxDih2pZUgiUEDEiYZB-Ixw-lBqL4emkDB5P8gmUmCGBO26yiD3yt4aYxTXbLnV-ZoDREkcNOjoG6sliCUciy5dRw2u7cbExzm22m8UHOt1edOesWKacRt7B0DvK0PzG35pdTUveYnxzL3EvUuMq4QO4bd4zBm-uiKpjWWukrnr6ULQ2A&id=null HTTP/1.1[\r][\n]"
2020-11-27 09:15:42 [ main:25605 ] - [ DEBUG ] org.apache.http.impl.conn.Wire.wire(Wire.java:72)  >> "Content-Type: application/json; charset=UTF-8[\r][\n]"
2020-11-27 09:15:42 [ main:25609 ] - [ DEBUG ] org.apache.http.impl.conn.Wire.wire(Wire.java:72)  >> "Accept: */*[\r][\n]"
2020-11-27 09:15:42 [ main:25661 ] - [ DEBUG ] org.apache.http.impl.conn.Wire.wire(Wire.java:72)  >> "Host: qyapi.weixin.qq.com[\r][\n]"
2020-11-27 09:15:42 [ main:25665 ] - [ DEBUG ] org.apache.http.impl.conn.Wire.wire(Wire.java:72)  >> "Connection: Keep-Alive[\r][\n]"
2020-11-27 09:15:42 [ main:25669 ] - [ DEBUG ] org.apache.http.impl.conn.Wire.wire(Wire.java:72)  >> "User-Agent: Apache-HttpClient/4.3.6 (java 1.5)[\r][\n]"
2020-11-27 09:15:42 [ main:25673 ] - [ DEBUG ] org.apache.http.impl.conn.Wire.wire(Wire.java:72)  >> "Accept-Encoding: gzip,deflate[\r][\n]"
2020-11-27 09:15:42 [ main:25676 ] - [ DEBUG ] org.apache.http.impl.conn.Wire.wire(Wire.java:72)  >> "[\r][\n]"
2020-11-27 09:15:42 [ main:25679 ] - [ DEBUG ] org.apache.http.impl.conn.DefaultClientConnection.sendRequestHeader(DefaultClientConnection.java:272) >> GET /cgi-bin/department/delete?access_token=TqasCuXIkbeHiJ47yLRoDXWmAeq_4pT_Tkv_KqxDih2pZUgiUEDEiYZB-Ixw-lBqL4emkDB5P8gmUmCGBO26yiD3yt4aYxTXbLnV-ZoDREkcNOjoG6sliCUciy5dRw2u7cbExzm22m8UHOt1edOesWKacRt7B0DvK0PzG35pdTUveYnxzL3EvUuMq4QO4bd4zBm-uiKpjWWukrnr6ULQ2A&access_token=TqasCuXIkbeHiJ47yLRoDXWmAeq_4pT_Tkv_KqxDih2pZUgiUEDEiYZB-Ixw-lBqL4emkDB5P8gmUmCGBO26yiD3yt4aYxTXbLnV-ZoDREkcNOjoG6sliCUciy5dRw2u7cbExzm22m8UHOt1edOesWKacRt7B0DvK0PzG35pdTUveYnxzL3EvUuMq4QO4bd4zBm-uiKpjWWukrnr6ULQ2A&id=null HTTP/1.1
2020-11-27 09:15:42 [ main:25729 ] - [ DEBUG ] org.apache.http.impl.conn.DefaultClientConnection.sendRequestHeader(DefaultClientConnection.java:275) >> Content-Type: application/json; charset=UTF-8
2020-11-27 09:15:42 [ main:25734 ] - [ DEBUG ] org.apache.http.impl.conn.DefaultClientConnection.sendRequestHeader(DefaultClientConnection.java:275) >> Accept: */*
2020-11-27 09:15:42 [ main:25738 ] - [ DEBUG ] org.apache.http.impl.conn.DefaultClientConnection.sendRequestHeader(DefaultClientConnection.java:275) >> Host: qyapi.weixin.qq.com
2020-11-27 09:15:42 [ main:25743 ] - [ DEBUG ] org.apache.http.impl.conn.DefaultClientConnection.sendRequestHeader(DefaultClientConnection.java:275) >> Connection: Keep-Alive
2020-11-27 09:15:42 [ main:25746 ] - [ DEBUG ] org.apache.http.impl.conn.DefaultClientConnection.sendRequestHeader(DefaultClientConnection.java:275) >> User-Agent: Apache-HttpClient/4.3.6 (java 1.5)
2020-11-27 09:15:42 [ main:25782 ] - [ DEBUG ] org.apache.http.impl.conn.DefaultClientConnection.sendRequestHeader(DefaultClientConnection.java:275) >> Accept-Encoding: gzip,deflate
2020-11-27 09:15:43 [ main:25840 ] - [ DEBUG ] org.apache.http.impl.conn.Wire.wire(Wire.java:72)  << "HTTP/1.1 200 OK[\r][\n]"
2020-11-27 09:15:43 [ main:25871 ] - [ DEBUG ] org.apache.http.impl.conn.Wire.wire(Wire.java:72)  << "Server: nginx[\r][\n]"
2020-11-27 09:15:43 [ main:25876 ] - [ DEBUG ] org.apache.http.impl.conn.Wire.wire(Wire.java:72)  << "Date: Fri, 27 Nov 2020 01:15:43 GMT[\r][\n]"
2020-11-27 09:15:43 [ main:25884 ] - [ DEBUG ] org.apache.http.impl.conn.Wire.wire(Wire.java:72)  << "Content-Type: application/json; charset=UTF-8[\r][\n]"
2020-11-27 09:15:43 [ main:25888 ] - [ DEBUG ] org.apache.http.impl.conn.Wire.wire(Wire.java:72)  << "Content-Length: 228[\r][\n]"
2020-11-27 09:15:43 [ main:25892 ] - [ DEBUG ] org.apache.http.impl.conn.Wire.wire(Wire.java:72)  << "Connection: keep-alive[\r][\n]"
2020-11-27 09:15:43 [ main:25930 ] - [ DEBUG ] org.apache.http.impl.conn.Wire.wire(Wire.java:72)  << "Error-Code: 60011[\r][\n]"
2020-11-27 09:15:43 [ main:25934 ] - [ DEBUG ] org.apache.http.impl.conn.Wire.wire(Wire.java:72)  << "Error-Msg: no privilege to access/modify contact/party/agent , hint: [1606439743_54_f053b90d5610f043e553c8549dbfeab7], from ip: 58.247.101.198, more info at https://open.work.weixin.qq.com/devtool/query?e=60011[\r][\n]"
2020-11-27 09:15:43 [ main:25941 ] - [ DEBUG ] org.apache.http.impl.conn.Wire.wire(Wire.java:72)  << "[\r][\n]"
2020-11-27 09:15:43 [ main:25944 ] - [ DEBUG ] org.apache.http.impl.conn.DefaultClientConnection.receiveResponseHeader(DefaultClientConnection.java:253) Receiving response: HTTP/1.1 200 OK
2020-11-27 09:15:43 [ main:25948 ] - [ DEBUG ] org.apache.http.impl.conn.DefaultClientConnection.receiveResponseHeader(DefaultClientConnection.java:256) << HTTP/1.1 200 OK
2020-11-27 09:15:43 [ main:25976 ] - [ DEBUG ] org.apache.http.impl.conn.DefaultClientConnection.receiveResponseHeader(DefaultClientConnection.java:259) << Server: nginx
2020-11-27 09:15:43 [ main:25981 ] - [ DEBUG ] org.apache.http.impl.conn.DefaultClientConnection.receiveResponseHeader(DefaultClientConnection.java:259) << Date: Fri, 27 Nov 2020 01:15:43 GMT
2020-11-27 09:15:43 [ main:25985 ] - [ DEBUG ] org.apache.http.impl.conn.DefaultClientConnection.receiveResponseHeader(DefaultClientConnection.java:259) << Content-Type: application/json; charset=UTF-8
2020-11-27 09:15:43 [ main:25990 ] - [ DEBUG ] org.apache.http.impl.conn.DefaultClientConnection.receiveResponseHeader(DefaultClientConnection.java:259) << Content-Length: 228
2020-11-27 09:15:43 [ main:25994 ] - [ DEBUG ] org.apache.http.impl.conn.DefaultClientConnection.receiveResponseHeader(DefaultClientConnection.java:259) << Connection: keep-alive
2020-11-27 09:15:43 [ main:26008 ] - [ DEBUG ] org.apache.http.impl.conn.DefaultClientConnection.receiveResponseHeader(DefaultClientConnection.java:259) << Error-Code: 60011
2020-11-27 09:15:43 [ main:26039 ] - [ DEBUG ] org.apache.http.impl.conn.DefaultClientConnection.receiveResponseHeader(DefaultClientConnection.java:259) << Error-Msg: no privilege to access/modify contact/party/agent , hint: [1606439743_54_f053b90d5610f043e553c8549dbfeab7], from ip: 58.247.101.198, more info at https://open.work.weixin.qq.com/devtool/query?e=60011
2020-11-27 09:15:43 [ main:26048 ] - [ DEBUG ] org.apache.http.impl.client.DefaultRequestDirector.execute(DefaultRequestDirector.java:510) Connection can be kept alive indefinitely
2020-11-27 09:15:43 [ main:26053 ] - [ DEBUG ] io.restassured.internal.http.HTTPBuilder.parseResponse(HTTPBuilder.java:544) Parsing response as: application/json; charset=UTF-8
2020-11-27 09:15:43 [ main:26058 ] - [ DEBUG ] io.restassured.internal.http.HTTPBuilder.parseResponse(HTTPBuilder.java:547) Parsed data to instance of: class org.apache.http.conn.EofSensorInputStream
2020-11-27 09:15:43 [ main:26081 ] - [ DEBUG ] org.apache.http.impl.conn.Wire.wire(Wire.java:86)  << "{"errcode":60011,"errmsg":"no privilege to access/modify contact/party/agent , hint: [1606439743_54_f053b90d5610f043e553c8549dbfeab7], from ip: 58.247.101.198, more info at https://open.work.weixin.qq.com/devtool/query?e=60011"}"
2020-11-27 09:15:43 [ main:26088 ] - [ DEBUG ] org.apache.http.impl.conn.BasicClientConnectionManager.releaseConnection(BasicClientConnectionManager.java:196) Releasing connection org.apache.http.impl.conn.ManagedClientConnectionImpl@3a225534
2020-11-27 09:15:43 [ main:26094 ] - [ DEBUG ] org.apache.http.impl.conn.BasicClientConnectionManager.releaseConnection(BasicClientConnectionManager.java:221) Connection can be kept alive indefinitely
HTTP/1.1 200 OK
Server: nginx
Date: Fri, 27 Nov 2020 01:15:43 GMT
Content-Type: application/json; charset=UTF-8
Content-Length: 228
Connection: keep-alive
Error-Code: 60011
Error-Msg: no privilege to access/modify contact/party/agent , hint: [1606439743_54_f053b90d5610f043e553c8549dbfeab7], from ip: 58.247.101.198, more info at https://open.work.weixin.qq.com/devtool/query?e=60011

{
    "errcode": 60011,
    "errmsg": "no privilege to access/modify contact/party/agent , hint: [1606439743_54_f053b90d5610f043e553c8549dbfeab7], from ip: 58.247.101.198, more info at https://open.work.weixin.qq.com/devtool/query?e=60011"
}
]]></system-out>
  </testcase>
  <testcase name="update" classname="workweixin.DepartmentTest" time="4.774">
    <failure message="1 expectation failed.&#10;JSON path errcode doesn&apos;t match.&#10;Expected: &lt;0&gt;&#10;  Actual: 60011&#10;" type="java.lang.AssertionError"><![CDATA[java.lang.AssertionError: 
1 expectation failed.
JSON path errcode doesn't match.
Expected: <0>
  Actual: 60011

	at workweixin.DepartmentTest.update(DepartmentTest.java:128)
]]></failure>
    <system-out><![CDATA[2020-11-27 09:15:43 [ main:26164 ] - [ INFO ] workweixin.Restful.getApiFromYaml(Restful.java:32) restful:Restful{url='https://qyapi.weixin.qq.com/cgi-bin/department/create', method='post', headers=null, query=null, body='null'}
2020-11-27 09:15:43 [ main:26170 ] - [ DEBUG ] com.jayway.jsonpath.internal.path.CompiledPath.evaluate(CompiledPath.java:47) Evaluating path: $['name']
2020-11-27 09:15:43 [ main:26173 ] - [ DEBUG ] com.jayway.jsonpath.internal.JsonContext.set(JsonContext.java:147) Set path $['name'] new value seveniruby_d11606439716020
2020-11-27 09:15:43 [ main:26178 ] - [ DEBUG ] com.jayway.jsonpath.internal.path.CompiledPath.evaluate(CompiledPath.java:47) Evaluating path: $['parentid']
2020-11-27 09:15:43 [ main:26181 ] - [ DEBUG ] com.jayway.jsonpath.internal.JsonContext.set(JsonContext.java:147) Set path $['parentid'] new value 1
2020-11-27 09:15:43 [ main:26186 ] - [ INFO ] workweixin.Api.updateUrl(Api.java:175) 当前环境hosts:{qyapi.weixin.qq.com=qyapi.weixin.qq.com}
Request method:	POST
Request URI:	https://qyapi.weixin.qq.com/cgi-bin/department/create?access_token=TqasCuXIkbeHiJ47yLRoDXWmAeq_4pT_Tkv_KqxDih2pZUgiUEDEiYZB-Ixw-lBqL4emkDB5P8gmUmCGBO26yiD3yt4aYxTXbLnV-ZoDREkcNOjoG6sliCUciy5dRw2u7cbExzm22m8UHOt1edOesWKacRt7B0DvK0PzG35pdTUveYnxzL3EvUuMq4QO4bd4zBm-uiKpjWWukrnr6ULQ2A&access_token=TqasCuXIkbeHiJ47yLRoDXWmAeq_4pT_Tkv_KqxDih2pZUgiUEDEiYZB-Ixw-lBqL4emkDB5P8gmUmCGBO26yiD3yt4aYxTXbLnV-ZoDREkcNOjoG6sliCUciy5dRw2u7cbExzm22m8UHOt1edOesWKacRt7B0DvK0PzG35pdTUveYnxzL3EvUuMq4QO4bd4zBm-uiKpjWWukrnr6ULQ2A
Proxy:			<none>
Request params:	<none>
Query params:	access_token=[TqasCuXIkbeHiJ47yLRoDXWmAeq_4pT_Tkv_KqxDih2pZUgiUEDEiYZB-Ixw-lBqL4emkDB5P8gmUmCGBO26yiD3yt4aYxTXbLnV-ZoDREkcNOjoG6sliCUciy5dRw2u7cbExzm22m8UHOt1edOesWKacRt7B0DvK0PzG35pdTUveYnxzL3EvUuMq4QO4bd4zBm-uiKpjWWukrnr6ULQ2A, TqasCuXIkbeHiJ47yLRoDXWmAeq_4pT_Tkv_KqxDih2pZUgiUEDEiYZB-Ixw-lBqL4emkDB5P8gmUmCGBO26yiD3yt4aYxTXbLnV-ZoDREkcNOjoG6sliCUciy5dRw2u7cbExzm22m8UHOt1edOesWKacRt7B0DvK0PzG35pdTUveYnxzL3EvUuMq4QO4bd4zBm-uiKpjWWukrnr6ULQ2A]
Form params:	<none>
Path params:	<none>
Headers:		Host=qyapi.weixin.qq.com
				Accept=*/*
				Content-Type=application/json; charset=UTF-8
Cookies:		<none>
Multiparts:		<none>
Body:
{
    "name": "seveniruby_d11606439716020",
    "parentid": "1",
    "order": 1,
    "id": 1
}
Request method:	POST
Request URI:	https://qyapi.weixin.qq.com/cgi-bin/department/create?access_token=TqasCuXIkbeHiJ47yLRoDXWmAeq_4pT_Tkv_KqxDih2pZUgiUEDEiYZB-Ixw-lBqL4emkDB5P8gmUmCGBO26yiD3yt4aYxTXbLnV-ZoDREkcNOjoG6sliCUciy5dRw2u7cbExzm22m8UHOt1edOesWKacRt7B0DvK0PzG35pdTUveYnxzL3EvUuMq4QO4bd4zBm-uiKpjWWukrnr6ULQ2A&access_token=TqasCuXIkbeHiJ47yLRoDXWmAeq_4pT_Tkv_KqxDih2pZUgiUEDEiYZB-Ixw-lBqL4emkDB5P8gmUmCGBO26yiD3yt4aYxTXbLnV-ZoDREkcNOjoG6sliCUciy5dRw2u7cbExzm22m8UHOt1edOesWKacRt7B0DvK0PzG35pdTUveYnxzL3EvUuMq4QO4bd4zBm-uiKpjWWukrnr6ULQ2A
Proxy:			<none>
Request params:	<none>
Query params:	access_token=[TqasCuXIkbeHiJ47yLRoDXWmAeq_4pT_Tkv_KqxDih2pZUgiUEDEiYZB-Ixw-lBqL4emkDB5P8gmUmCGBO26yiD3yt4aYxTXbLnV-ZoDREkcNOjoG6sliCUciy5dRw2u7cbExzm22m8UHOt1edOesWKacRt7B0DvK0PzG35pdTUveYnxzL3EvUuMq4QO4bd4zBm-uiKpjWWukrnr6ULQ2A, TqasCuXIkbeHiJ47yLRoDXWmAeq_4pT_Tkv_KqxDih2pZUgiUEDEiYZB-Ixw-lBqL4emkDB5P8gmUmCGBO26yiD3yt4aYxTXbLnV-ZoDREkcNOjoG6sliCUciy5dRw2u7cbExzm22m8UHOt1edOesWKacRt7B0DvK0PzG35pdTUveYnxzL3EvUuMq4QO4bd4zBm-uiKpjWWukrnr6ULQ2A]
Form params:	<none>
Path params:	<none>
Headers:		Host=qyapi.weixin.qq.com
				Accept=*/*
				Content-Type=application/json; charset=UTF-8
Cookies:		<none>
Multiparts:		<none>
Body:
{
    "name": "seveniruby_d11606439716020",
    "parentid": "1",
    "order": 1,
    "id": 1
}
2020-11-27 09:15:43 [ main:26409 ] - [ DEBUG ] org.apache.http.impl.conn.BasicClientConnectionManager.getConnection(BasicClientConnectionManager.java:158) Get connection for route {s}->https://qyapi.weixin.qq.com
2020-11-27 09:15:43 [ main:26419 ] - [ DEBUG ] org.apache.http.impl.conn.DefaultClientConnectionOperator.openConnection(DefaultClientConnectionOperator.java:174) Connecting to qyapi.weixin.qq.com:443
2020-11-27 09:15:43 [ main:26624 ] - [ DEBUG ] org.apache.http.client.protocol.RequestAddCookies.process(RequestAddCookies.java:122) CookieSpec selected: ignoreCookies
2020-11-27 09:15:43 [ main:26676 ] - [ DEBUG ] org.apache.http.client.protocol.RequestAuthCache.process(RequestAuthCache.java:75) Auth cache not set in the context
2020-11-27 09:15:43 [ main:26680 ] - [ DEBUG ] org.apache.http.client.protocol.RequestTargetAuthentication.process(RequestTargetAuthentication.java:78) Target auth state: UNCHALLENGED
2020-11-27 09:15:43 [ main:26686 ] - [ DEBUG ] org.apache.http.client.protocol.RequestProxyAuthentication.process(RequestProxyAuthentication.java:87) Proxy auth state: UNCHALLENGED
2020-11-27 09:15:43 [ main:26693 ] - [ DEBUG ] org.apache.http.impl.client.DefaultRequestDirector.tryExecute(DefaultRequestDirector.java:683) Attempt 1 to execute request
2020-11-27 09:15:43 [ main:26699 ] - [ DEBUG ] org.apache.http.impl.conn.DefaultClientConnection.sendRequestHeader(DefaultClientConnection.java:268) Sending request: POST /cgi-bin/department/create?access_token=TqasCuXIkbeHiJ47yLRoDXWmAeq_4pT_Tkv_KqxDih2pZUgiUEDEiYZB-Ixw-lBqL4emkDB5P8gmUmCGBO26yiD3yt4aYxTXbLnV-ZoDREkcNOjoG6sliCUciy5dRw2u7cbExzm22m8UHOt1edOesWKacRt7B0DvK0PzG35pdTUveYnxzL3EvUuMq4QO4bd4zBm-uiKpjWWukrnr6ULQ2A&access_token=TqasCuXIkbeHiJ47yLRoDXWmAeq_4pT_Tkv_KqxDih2pZUgiUEDEiYZB-Ixw-lBqL4emkDB5P8gmUmCGBO26yiD3yt4aYxTXbLnV-ZoDREkcNOjoG6sliCUciy5dRw2u7cbExzm22m8UHOt1edOesWKacRt7B0DvK0PzG35pdTUveYnxzL3EvUuMq4QO4bd4zBm-uiKpjWWukrnr6ULQ2A HTTP/1.1
2020-11-27 09:15:43 [ main:26756 ] - [ DEBUG ] org.apache.http.impl.conn.Wire.wire(Wire.java:72)  >> "POST /cgi-bin/department/create?access_token=TqasCuXIkbeHiJ47yLRoDXWmAeq_4pT_Tkv_KqxDih2pZUgiUEDEiYZB-Ixw-lBqL4emkDB5P8gmUmCGBO26yiD3yt4aYxTXbLnV-ZoDREkcNOjoG6sliCUciy5dRw2u7cbExzm22m8UHOt1edOesWKacRt7B0DvK0PzG35pdTUveYnxzL3EvUuMq4QO4bd4zBm-uiKpjWWukrnr6ULQ2A&access_token=TqasCuXIkbeHiJ47yLRoDXWmAeq_4pT_Tkv_KqxDih2pZUgiUEDEiYZB-Ixw-lBqL4emkDB5P8gmUmCGBO26yiD3yt4aYxTXbLnV-ZoDREkcNOjoG6sliCUciy5dRw2u7cbExzm22m8UHOt1edOesWKacRt7B0DvK0PzG35pdTUveYnxzL3EvUuMq4QO4bd4zBm-uiKpjWWukrnr6ULQ2A HTTP/1.1[\r][\n]"
2020-11-27 09:15:44 [ main:26812 ] - [ DEBUG ] org.apache.http.impl.conn.Wire.wire(Wire.java:72)  >> "Accept: */*[\r][\n]"
2020-11-27 09:15:44 [ main:26818 ] - [ DEBUG ] org.apache.http.impl.conn.Wire.wire(Wire.java:72)  >> "Host: qyapi.weixin.qq.com[\r][\n]"
2020-11-27 09:15:44 [ main:26822 ] - [ DEBUG ] org.apache.http.impl.conn.Wire.wire(Wire.java:72)  >> "Content-Type: application/json; charset=UTF-8[\r][\n]"
2020-11-27 09:15:44 [ main:26826 ] - [ DEBUG ] org.apache.http.impl.conn.Wire.wire(Wire.java:72)  >> "Content-Length: 69[\r][\n]"
2020-11-27 09:15:44 [ main:26858 ] - [ DEBUG ] org.apache.http.impl.conn.Wire.wire(Wire.java:72)  >> "Connection: Keep-Alive[\r][\n]"
2020-11-27 09:15:44 [ main:26865 ] - [ DEBUG ] org.apache.http.impl.conn.Wire.wire(Wire.java:72)  >> "User-Agent: Apache-HttpClient/4.3.6 (java 1.5)[\r][\n]"
2020-11-27 09:15:44 [ main:26870 ] - [ DEBUG ] org.apache.http.impl.conn.Wire.wire(Wire.java:72)  >> "Accept-Encoding: gzip,deflate[\r][\n]"
2020-11-27 09:15:44 [ main:26874 ] - [ DEBUG ] org.apache.http.impl.conn.Wire.wire(Wire.java:72)  >> "[\r][\n]"
2020-11-27 09:15:44 [ main:26877 ] - [ DEBUG ] org.apache.http.impl.conn.DefaultClientConnection.sendRequestHeader(DefaultClientConnection.java:272) >> POST /cgi-bin/department/create?access_token=TqasCuXIkbeHiJ47yLRoDXWmAeq_4pT_Tkv_KqxDih2pZUgiUEDEiYZB-Ixw-lBqL4emkDB5P8gmUmCGBO26yiD3yt4aYxTXbLnV-ZoDREkcNOjoG6sliCUciy5dRw2u7cbExzm22m8UHOt1edOesWKacRt7B0DvK0PzG35pdTUveYnxzL3EvUuMq4QO4bd4zBm-uiKpjWWukrnr6ULQ2A&access_token=TqasCuXIkbeHiJ47yLRoDXWmAeq_4pT_Tkv_KqxDih2pZUgiUEDEiYZB-Ixw-lBqL4emkDB5P8gmUmCGBO26yiD3yt4aYxTXbLnV-ZoDREkcNOjoG6sliCUciy5dRw2u7cbExzm22m8UHOt1edOesWKacRt7B0DvK0PzG35pdTUveYnxzL3EvUuMq4QO4bd4zBm-uiKpjWWukrnr6ULQ2A HTTP/1.1
2020-11-27 09:15:44 [ main:26891 ] - [ DEBUG ] org.apache.http.impl.conn.DefaultClientConnection.sendRequestHeader(DefaultClientConnection.java:275) >> Accept: */*
2020-11-27 09:15:44 [ main:26939 ] - [ DEBUG ] org.apache.http.impl.conn.DefaultClientConnection.sendRequestHeader(DefaultClientConnection.java:275) >> Host: qyapi.weixin.qq.com
2020-11-27 09:15:44 [ main:26945 ] - [ DEBUG ] org.apache.http.impl.conn.DefaultClientConnection.sendRequestHeader(DefaultClientConnection.java:275) >> Content-Type: application/json; charset=UTF-8
2020-11-27 09:15:44 [ main:26949 ] - [ DEBUG ] org.apache.http.impl.conn.DefaultClientConnection.sendRequestHeader(DefaultClientConnection.java:275) >> Content-Length: 69
2020-11-27 09:15:44 [ main:26953 ] - [ DEBUG ] org.apache.http.impl.conn.DefaultClientConnection.sendRequestHeader(DefaultClientConnection.java:275) >> Connection: Keep-Alive
2020-11-27 09:15:44 [ main:26957 ] - [ DEBUG ] org.apache.http.impl.conn.DefaultClientConnection.sendRequestHeader(DefaultClientConnection.java:275) >> User-Agent: Apache-HttpClient/4.3.6 (java 1.5)
2020-11-27 09:15:44 [ main:26962 ] - [ DEBUG ] org.apache.http.impl.conn.DefaultClientConnection.sendRequestHeader(DefaultClientConnection.java:275) >> Accept-Encoding: gzip,deflate
2020-11-27 09:15:44 [ main:26966 ] - [ DEBUG ] org.apache.http.impl.conn.Wire.wire(Wire.java:86)  >> "{"name":"seveniruby_d11606439716020","parentid":"1","order":1,"id":1}"
2020-11-27 09:15:44 [ main:27063 ] - [ DEBUG ] org.apache.http.impl.conn.Wire.wire(Wire.java:72)  << "HTTP/1.1 200 OK[\r][\n]"
2020-11-27 09:15:44 [ main:27066 ] - [ DEBUG ] org.apache.http.impl.conn.Wire.wire(Wire.java:72)  << "Server: nginx[\r][\n]"
2020-11-27 09:15:44 [ main:27069 ] - [ DEBUG ] org.apache.http.impl.conn.Wire.wire(Wire.java:72)  << "Date: Fri, 27 Nov 2020 01:15:44 GMT[\r][\n]"
2020-11-27 09:15:44 [ main:27073 ] - [ DEBUG ] org.apache.http.impl.conn.Wire.wire(Wire.java:72)  << "Content-Type: application/json; charset=UTF-8[\r][\n]"
2020-11-27 09:15:44 [ main:27077 ] - [ DEBUG ] org.apache.http.impl.conn.Wire.wire(Wire.java:72)  << "Content-Length: 228[\r][\n]"
2020-11-27 09:15:44 [ main:27114 ] - [ DEBUG ] org.apache.http.impl.conn.Wire.wire(Wire.java:72)  << "Connection: keep-alive[\r][\n]"
2020-11-27 09:15:44 [ main:27117 ] - [ DEBUG ] org.apache.http.impl.conn.Wire.wire(Wire.java:72)  << "Error-Code: 60011[\r][\n]"
2020-11-27 09:15:44 [ main:27121 ] - [ DEBUG ] org.apache.http.impl.conn.Wire.wire(Wire.java:72)  << "Error-Msg: no privilege to access/modify contact/party/agent , hint: [1606439744_54_74ec221222df224d15235982b744d967], from ip: 58.247.101.198, more info at https://open.work.weixin.qq.com/devtool/query?e=60011[\r][\n]"
2020-11-27 09:15:44 [ main:27130 ] - [ DEBUG ] org.apache.http.impl.conn.Wire.wire(Wire.java:72)  << "[\r][\n]"
2020-11-27 09:15:44 [ main:27133 ] - [ DEBUG ] org.apache.http.impl.conn.DefaultClientConnection.receiveResponseHeader(DefaultClientConnection.java:253) Receiving response: HTTP/1.1 200 OK
2020-11-27 09:15:44 [ main:27138 ] - [ DEBUG ] org.apache.http.impl.conn.DefaultClientConnection.receiveResponseHeader(DefaultClientConnection.java:256) << HTTP/1.1 200 OK
2020-11-27 09:15:44 [ main:27144 ] - [ DEBUG ] org.apache.http.impl.conn.DefaultClientConnection.receiveResponseHeader(DefaultClientConnection.java:259) << Server: nginx
2020-11-27 09:15:44 [ main:27202 ] - [ DEBUG ] org.apache.http.impl.conn.DefaultClientConnection.receiveResponseHeader(DefaultClientConnection.java:259) << Date: Fri, 27 Nov 2020 01:15:44 GMT
2020-11-27 09:15:44 [ main:27214 ] - [ DEBUG ] org.apache.http.impl.conn.DefaultClientConnection.receiveResponseHeader(DefaultClientConnection.java:259) << Content-Type: application/json; charset=UTF-8
2020-11-27 09:15:44 [ main:27253 ] - [ DEBUG ] org.apache.http.impl.conn.DefaultClientConnection.receiveResponseHeader(DefaultClientConnection.java:259) << Content-Length: 228
2020-11-27 09:15:44 [ main:27256 ] - [ DEBUG ] org.apache.http.impl.conn.DefaultClientConnection.receiveResponseHeader(DefaultClientConnection.java:259) << Connection: keep-alive
2020-11-27 09:15:44 [ main:27262 ] - [ DEBUG ] org.apache.http.impl.conn.DefaultClientConnection.receiveResponseHeader(DefaultClientConnection.java:259) << Error-Code: 60011
2020-11-27 09:15:44 [ main:27266 ] - [ DEBUG ] org.apache.http.impl.conn.DefaultClientConnection.receiveResponseHeader(DefaultClientConnection.java:259) << Error-Msg: no privilege to access/modify contact/party/agent , hint: [1606439744_54_74ec221222df224d15235982b744d967], from ip: 58.247.101.198, more info at https://open.work.weixin.qq.com/devtool/query?e=60011
2020-11-27 09:15:44 [ main:27299 ] - [ DEBUG ] org.apache.http.impl.client.DefaultRequestDirector.execute(DefaultRequestDirector.java:510) Connection can be kept alive indefinitely
2020-11-27 09:15:44 [ main:27303 ] - [ DEBUG ] io.restassured.internal.http.HTTPBuilder.parseResponse(HTTPBuilder.java:544) Parsing response as: application/json; charset=UTF-8
2020-11-27 09:15:44 [ main:27309 ] - [ DEBUG ] io.restassured.internal.http.HTTPBuilder.parseResponse(HTTPBuilder.java:547) Parsed data to instance of: class org.apache.http.conn.EofSensorInputStream
2020-11-27 09:15:44 [ main:27315 ] - [ DEBUG ] org.apache.http.impl.conn.Wire.wire(Wire.java:86)  << "{"errcode":60011,"errmsg":"no privilege to access/modify contact/party/agent , hint: [1606439744_54_74ec221222df224d15235982b744d967], from ip: 58.247.101.198, more info at https://open.work.weixin.qq.com/devtool/query?e=60011"}"
2020-11-27 09:15:44 [ main:27361 ] - [ DEBUG ] org.apache.http.impl.conn.BasicClientConnectionManager.releaseConnection(BasicClientConnectionManager.java:196) Releasing connection org.apache.http.impl.conn.ManagedClientConnectionImpl@57777c23
2020-11-27 09:15:44 [ main:27368 ] - [ DEBUG ] org.apache.http.impl.conn.BasicClientConnectionManager.releaseConnection(BasicClientConnectionManager.java:221) Connection can be kept alive indefinitely
HTTP/1.1 200 OK
Server: nginx
Date: Fri, 27 Nov 2020 01:15:44 GMT
Content-Type: application/json; charset=UTF-8
Content-Length: 228
Connection: keep-alive
Error-Code: 60011
Error-Msg: no privilege to access/modify contact/party/agent , hint: [1606439744_54_74ec221222df224d15235982b744d967], from ip: 58.247.101.198, more info at https://open.work.weixin.qq.com/devtool/query?e=60011

{
    "errcode": 60011,
    "errmsg": "no privilege to access/modify contact/party/agent , hint: [1606439744_54_74ec221222df224d15235982b744d967], from ip: 58.247.101.198, more info at https://open.work.weixin.qq.com/devtool/query?e=60011"
}
2020-11-27 09:15:44 [ main:27432 ] - [ INFO ] workweixin.Department.list(Department.java:22) 测试list
2020-11-27 09:15:44 [ main:27498 ] - [ INFO ] workweixin.Restful.getApiFromYaml(Restful.java:32) restful:Restful{url='https://qyapi.weixin.qq.com/cgi-bin/department/list', method='get', headers=null, query={id=}, body='null'}
2020-11-27 09:15:44 [ main:27513 ] - [ INFO ] workweixin.Api.updateUrl(Api.java:175) 当前环境hosts:{qyapi.weixin.qq.com=qyapi.weixin.qq.com}
Request method:	GET
Request URI:	https://qyapi.weixin.qq.com/cgi-bin/department/list?access_token=TqasCuXIkbeHiJ47yLRoDXWmAeq_4pT_Tkv_KqxDih2pZUgiUEDEiYZB-Ixw-lBqL4emkDB5P8gmUmCGBO26yiD3yt4aYxTXbLnV-ZoDREkcNOjoG6sliCUciy5dRw2u7cbExzm22m8UHOt1edOesWKacRt7B0DvK0PzG35pdTUveYnxzL3EvUuMq4QO4bd4zBm-uiKpjWWukrnr6ULQ2A&access_token=TqasCuXIkbeHiJ47yLRoDXWmAeq_4pT_Tkv_KqxDih2pZUgiUEDEiYZB-Ixw-lBqL4emkDB5P8gmUmCGBO26yiD3yt4aYxTXbLnV-ZoDREkcNOjoG6sliCUciy5dRw2u7cbExzm22m8UHOt1edOesWKacRt7B0DvK0PzG35pdTUveYnxzL3EvUuMq4QO4bd4zBm-uiKpjWWukrnr6ULQ2A&id=
Proxy:			<none>
Request params:	<none>
Query params:	access_token=[TqasCuXIkbeHiJ47yLRoDXWmAeq_4pT_Tkv_KqxDih2pZUgiUEDEiYZB-Ixw-lBqL4emkDB5P8gmUmCGBO26yiD3yt4aYxTXbLnV-ZoDREkcNOjoG6sliCUciy5dRw2u7cbExzm22m8UHOt1edOesWKacRt7B0DvK0PzG35pdTUveYnxzL3EvUuMq4QO4bd4zBm-uiKpjWWukrnr6ULQ2A, TqasCuXIkbeHiJ47yLRoDXWmAeq_4pT_Tkv_KqxDih2pZUgiUEDEiYZB-Ixw-lBqL4emkDB5P8gmUmCGBO26yiD3yt4aYxTXbLnV-ZoDREkcNOjoG6sliCUciy5dRw2u7cbExzm22m8UHOt1edOesWKacRt7B0DvK0PzG35pdTUveYnxzL3EvUuMq4QO4bd4zBm-uiKpjWWukrnr6ULQ2A]
				id=
Form params:	<none>
Path params:	<none>
Headers:		Host=qyapi.weixin.qq.com
				Accept=*/*
				Content-Type=application/json; charset=UTF-8
Cookies:		<none>
Multiparts:		<none>
Body:			<none>
Request method:	GET
Request URI:	https://qyapi.weixin.qq.com/cgi-bin/department/list?access_token=TqasCuXIkbeHiJ47yLRoDXWmAeq_4pT_Tkv_KqxDih2pZUgiUEDEiYZB-Ixw-lBqL4emkDB5P8gmUmCGBO26yiD3yt4aYxTXbLnV-ZoDREkcNOjoG6sliCUciy5dRw2u7cbExzm22m8UHOt1edOesWKacRt7B0DvK0PzG35pdTUveYnxzL3EvUuMq4QO4bd4zBm-uiKpjWWukrnr6ULQ2A&access_token=TqasCuXIkbeHiJ47yLRoDXWmAeq_4pT_Tkv_KqxDih2pZUgiUEDEiYZB-Ixw-lBqL4emkDB5P8gmUmCGBO26yiD3yt4aYxTXbLnV-ZoDREkcNOjoG6sliCUciy5dRw2u7cbExzm22m8UHOt1edOesWKacRt7B0DvK0PzG35pdTUveYnxzL3EvUuMq4QO4bd4zBm-uiKpjWWukrnr6ULQ2A&id=
Proxy:			<none>
Request params:	<none>
Query params:	access_token=[TqasCuXIkbeHiJ47yLRoDXWmAeq_4pT_Tkv_KqxDih2pZUgiUEDEiYZB-Ixw-lBqL4emkDB5P8gmUmCGBO26yiD3yt4aYxTXbLnV-ZoDREkcNOjoG6sliCUciy5dRw2u7cbExzm22m8UHOt1edOesWKacRt7B0DvK0PzG35pdTUveYnxzL3EvUuMq4QO4bd4zBm-uiKpjWWukrnr6ULQ2A, TqasCuXIkbeHiJ47yLRoDXWmAeq_4pT_Tkv_KqxDih2pZUgiUEDEiYZB-Ixw-lBqL4emkDB5P8gmUmCGBO26yiD3yt4aYxTXbLnV-ZoDREkcNOjoG6sliCUciy5dRw2u7cbExzm22m8UHOt1edOesWKacRt7B0DvK0PzG35pdTUveYnxzL3EvUuMq4QO4bd4zBm-uiKpjWWukrnr6ULQ2A]
				id=
Form params:	<none>
Path params:	<none>
Headers:		Host=qyapi.weixin.qq.com
				Accept=*/*
				Content-Type=application/json; charset=UTF-8
Cookies:		<none>
Multiparts:		<none>
Body:			<none>
2020-11-27 09:15:45 [ main:27848 ] - [ DEBUG ] org.apache.http.impl.conn.BasicClientConnectionManager.getConnection(BasicClientConnectionManager.java:158) Get connection for route {s}->https://qyapi.weixin.qq.com
2020-11-27 09:15:45 [ main:27859 ] - [ DEBUG ] org.apache.http.impl.conn.DefaultClientConnectionOperator.openConnection(DefaultClientConnectionOperator.java:174) Connecting to qyapi.weixin.qq.com:443
2020-11-27 09:15:45 [ main:28111 ] - [ DEBUG ] org.apache.http.client.protocol.RequestAddCookies.process(RequestAddCookies.java:122) CookieSpec selected: ignoreCookies
2020-11-27 09:15:45 [ main:28118 ] - [ DEBUG ] org.apache.http.client.protocol.RequestAuthCache.process(RequestAuthCache.java:75) Auth cache not set in the context
2020-11-27 09:15:45 [ main:28122 ] - [ DEBUG ] org.apache.http.client.protocol.RequestTargetAuthentication.process(RequestTargetAuthentication.java:78) Target auth state: UNCHALLENGED
2020-11-27 09:15:45 [ main:28185 ] - [ DEBUG ] org.apache.http.client.protocol.RequestProxyAuthentication.process(RequestProxyAuthentication.java:87) Proxy auth state: UNCHALLENGED
2020-11-27 09:15:45 [ main:28195 ] - [ DEBUG ] org.apache.http.impl.client.DefaultRequestDirector.tryExecute(DefaultRequestDirector.java:683) Attempt 1 to execute request
2020-11-27 09:15:45 [ main:28199 ] - [ DEBUG ] org.apache.http.impl.conn.DefaultClientConnection.sendRequestHeader(DefaultClientConnection.java:268) Sending request: GET /cgi-bin/department/list?access_token=TqasCuXIkbeHiJ47yLRoDXWmAeq_4pT_Tkv_KqxDih2pZUgiUEDEiYZB-Ixw-lBqL4emkDB5P8gmUmCGBO26yiD3yt4aYxTXbLnV-ZoDREkcNOjoG6sliCUciy5dRw2u7cbExzm22m8UHOt1edOesWKacRt7B0DvK0PzG35pdTUveYnxzL3EvUuMq4QO4bd4zBm-uiKpjWWukrnr6ULQ2A&access_token=TqasCuXIkbeHiJ47yLRoDXWmAeq_4pT_Tkv_KqxDih2pZUgiUEDEiYZB-Ixw-lBqL4emkDB5P8gmUmCGBO26yiD3yt4aYxTXbLnV-ZoDREkcNOjoG6sliCUciy5dRw2u7cbExzm22m8UHOt1edOesWKacRt7B0DvK0PzG35pdTUveYnxzL3EvUuMq4QO4bd4zBm-uiKpjWWukrnr6ULQ2A&id= HTTP/1.1
2020-11-27 09:15:45 [ main:28250 ] - [ DEBUG ] org.apache.http.impl.conn.Wire.wire(Wire.java:72)  >> "GET /cgi-bin/department/list?access_token=TqasCuXIkbeHiJ47yLRoDXWmAeq_4pT_Tkv_KqxDih2pZUgiUEDEiYZB-Ixw-lBqL4emkDB5P8gmUmCGBO26yiD3yt4aYxTXbLnV-ZoDREkcNOjoG6sliCUciy5dRw2u7cbExzm22m8UHOt1edOesWKacRt7B0DvK0PzG35pdTUveYnxzL3EvUuMq4QO4bd4zBm-uiKpjWWukrnr6ULQ2A&access_token=TqasCuXIkbeHiJ47yLRoDXWmAeq_4pT_Tkv_KqxDih2pZUgiUEDEiYZB-Ixw-lBqL4emkDB5P8gmUmCGBO26yiD3yt4aYxTXbLnV-ZoDREkcNOjoG6sliCUciy5dRw2u7cbExzm22m8UHOt1edOesWKacRt7B0DvK0PzG35pdTUveYnxzL3EvUuMq4QO4bd4zBm-uiKpjWWukrnr6ULQ2A&id= HTTP/1.1[\r][\n]"
2020-11-27 09:15:45 [ main:28274 ] - [ DEBUG ] org.apache.http.impl.conn.Wire.wire(Wire.java:72)  >> "Content-Type: application/json; charset=UTF-8[\r][\n]"
2020-11-27 09:15:45 [ main:28279 ] - [ DEBUG ] org.apache.http.impl.conn.Wire.wire(Wire.java:72)  >> "Accept: */*[\r][\n]"
2020-11-27 09:15:45 [ main:28291 ] - [ DEBUG ] org.apache.http.impl.conn.Wire.wire(Wire.java:72)  >> "Host: qyapi.weixin.qq.com[\r][\n]"
2020-11-27 09:15:45 [ main:28340 ] - [ DEBUG ] org.apache.http.impl.conn.Wire.wire(Wire.java:72)  >> "Connection: Keep-Alive[\r][\n]"
2020-11-27 09:15:45 [ main:28348 ] - [ DEBUG ] org.apache.http.impl.conn.Wire.wire(Wire.java:72)  >> "User-Agent: Apache-HttpClient/4.3.6 (java 1.5)[\r][\n]"
2020-11-27 09:15:45 [ main:28352 ] - [ DEBUG ] org.apache.http.impl.conn.Wire.wire(Wire.java:72)  >> "Accept-Encoding: gzip,deflate[\r][\n]"
2020-11-27 09:15:45 [ main:28356 ] - [ DEBUG ] org.apache.http.impl.conn.Wire.wire(Wire.java:72)  >> "[\r][\n]"
2020-11-27 09:15:45 [ main:28365 ] - [ DEBUG ] org.apache.http.impl.conn.DefaultClientConnection.sendRequestHeader(DefaultClientConnection.java:272) >> GET /cgi-bin/department/list?access_token=TqasCuXIkbeHiJ47yLRoDXWmAeq_4pT_Tkv_KqxDih2pZUgiUEDEiYZB-Ixw-lBqL4emkDB5P8gmUmCGBO26yiD3yt4aYxTXbLnV-ZoDREkcNOjoG6sliCUciy5dRw2u7cbExzm22m8UHOt1edOesWKacRt7B0DvK0PzG35pdTUveYnxzL3EvUuMq4QO4bd4zBm-uiKpjWWukrnr6ULQ2A&access_token=TqasCuXIkbeHiJ47yLRoDXWmAeq_4pT_Tkv_KqxDih2pZUgiUEDEiYZB-Ixw-lBqL4emkDB5P8gmUmCGBO26yiD3yt4aYxTXbLnV-ZoDREkcNOjoG6sliCUciy5dRw2u7cbExzm22m8UHOt1edOesWKacRt7B0DvK0PzG35pdTUveYnxzL3EvUuMq4QO4bd4zBm-uiKpjWWukrnr6ULQ2A&id= HTTP/1.1
2020-11-27 09:15:45 [ main:28445 ] - [ DEBUG ] org.apache.http.impl.conn.DefaultClientConnection.sendRequestHeader(DefaultClientConnection.java:275) >> Content-Type: application/json; charset=UTF-8
2020-11-27 09:15:45 [ main:28450 ] - [ DEBUG ] org.apache.http.impl.conn.DefaultClientConnection.sendRequestHeader(DefaultClientConnection.java:275) >> Accept: */*
2020-11-27 09:15:45 [ main:28462 ] - [ DEBUG ] org.apache.http.impl.conn.DefaultClientConnection.sendRequestHeader(DefaultClientConnection.java:275) >> Host: qyapi.weixin.qq.com
2020-11-27 09:15:45 [ main:28501 ] - [ DEBUG ] org.apache.http.impl.conn.DefaultClientConnection.sendRequestHeader(DefaultClientConnection.java:275) >> Connection: Keep-Alive
2020-11-27 09:15:45 [ main:28508 ] - [ DEBUG ] org.apache.http.impl.conn.DefaultClientConnection.sendRequestHeader(DefaultClientConnection.java:275) >> User-Agent: Apache-HttpClient/4.3.6 (java 1.5)
2020-11-27 09:15:45 [ main:28514 ] - [ DEBUG ] org.apache.http.impl.conn.DefaultClientConnection.sendRequestHeader(DefaultClientConnection.java:275) >> Accept-Encoding: gzip,deflate
2020-11-27 09:15:45 [ main:28643 ] - [ DEBUG ] org.apache.http.impl.conn.Wire.wire(Wire.java:72)  << "HTTP/1.1 200 OK[\r][\n]"
2020-11-27 09:15:45 [ main:28686 ] - [ DEBUG ] org.apache.http.impl.conn.Wire.wire(Wire.java:72)  << "Server: nginx[\r][\n]"
2020-11-27 09:15:45 [ main:28693 ] - [ DEBUG ] org.apache.http.impl.conn.Wire.wire(Wire.java:72)  << "Date: Fri, 27 Nov 2020 01:15:45 GMT[\r][\n]"
2020-11-27 09:15:45 [ main:28697 ] - [ DEBUG ] org.apache.http.impl.conn.Wire.wire(Wire.java:72)  << "Content-Type: application/json; charset=UTF-8[\r][\n]"
2020-11-27 09:15:45 [ main:28700 ] - [ DEBUG ] org.apache.http.impl.conn.Wire.wire(Wire.java:72)  << "Content-Length: 165[\r][\n]"
2020-11-27 09:15:45 [ main:28708 ] - [ DEBUG ] org.apache.http.impl.conn.Wire.wire(Wire.java:72)  << "Connection: keep-alive[\r][\n]"
2020-11-27 09:15:45 [ main:28712 ] - [ DEBUG ] org.apache.http.impl.conn.Wire.wire(Wire.java:72)  << "Error-Code: 0[\r][\n]"
2020-11-27 09:15:45 [ main:28717 ] - [ DEBUG ] org.apache.http.impl.conn.Wire.wire(Wire.java:72)  << "Error-Msg: ok[\r][\n]"
2020-11-27 09:15:45 [ main:28720 ] - [ DEBUG ] org.apache.http.impl.conn.Wire.wire(Wire.java:72)  << "[\r][\n]"
2020-11-27 09:15:45 [ main:28782 ] - [ DEBUG ] org.apache.http.impl.conn.DefaultClientConnection.receiveResponseHeader(DefaultClientConnection.java:253) Receiving response: HTTP/1.1 200 OK
2020-11-27 09:15:45 [ main:28792 ] - [ DEBUG ] org.apache.http.impl.conn.DefaultClientConnection.receiveResponseHeader(DefaultClientConnection.java:256) << HTTP/1.1 200 OK
2020-11-27 09:15:45 [ main:28797 ] - [ DEBUG ] org.apache.http.impl.conn.DefaultClientConnection.receiveResponseHeader(DefaultClientConnection.java:259) << Server: nginx
2020-11-27 09:15:45 [ main:28806 ] - [ DEBUG ] org.apache.http.impl.conn.DefaultClientConnection.receiveResponseHeader(DefaultClientConnection.java:259) << Date: Fri, 27 Nov 2020 01:15:45 GMT
2020-11-27 09:15:46 [ main:28811 ] - [ DEBUG ] org.apache.http.impl.conn.DefaultClientConnection.receiveResponseHeader(DefaultClientConnection.java:259) << Content-Type: application/json; charset=UTF-8
2020-11-27 09:15:46 [ main:28886 ] - [ DEBUG ] org.apache.http.impl.conn.DefaultClientConnection.receiveResponseHeader(DefaultClientConnection.java:259) << Content-Length: 165
2020-11-27 09:15:46 [ main:28896 ] - [ DEBUG ] org.apache.http.impl.conn.DefaultClientConnection.receiveResponseHeader(DefaultClientConnection.java:259) << Connection: keep-alive
2020-11-27 09:15:46 [ main:28916 ] - [ DEBUG ] org.apache.http.impl.conn.DefaultClientConnection.receiveResponseHeader(DefaultClientConnection.java:259) << Error-Code: 0
2020-11-27 09:15:46 [ main:28977 ] - [ DEBUG ] org.apache.http.impl.conn.DefaultClientConnection.receiveResponseHeader(DefaultClientConnection.java:259) << Error-Msg: ok
2020-11-27 09:15:46 [ main:28983 ] - [ DEBUG ] org.apache.http.impl.client.DefaultRequestDirector.execute(DefaultRequestDirector.java:510) Connection can be kept alive indefinitely
2020-11-27 09:15:46 [ main:28988 ] - [ DEBUG ] io.restassured.internal.http.HTTPBuilder.parseResponse(HTTPBuilder.java:544) Parsing response as: application/json; charset=UTF-8
2020-11-27 09:15:46 [ main:29025 ] - [ DEBUG ] io.restassured.internal.http.HTTPBuilder.parseResponse(HTTPBuilder.java:547) Parsed data to instance of: class org.apache.http.conn.EofSensorInputStream
2020-11-27 09:15:46 [ main:29031 ] - [ DEBUG ] org.apache.http.impl.conn.Wire.wire(Wire.java:86)  << "{"errcode":0,"errmsg":"ok","department":[{"id":33,"name":"testhome1234","parentid":1,"order":100160000},{"id":39,"name":"ningningCenterdd","parentid":33,"order":0}]}"
2020-11-27 09:15:46 [ main:29044 ] - [ DEBUG ] org.apache.http.impl.conn.BasicClientConnectionManager.releaseConnection(BasicClientConnectionManager.java:196) Releasing connection org.apache.http.impl.conn.ManagedClientConnectionImpl@3a5ffea
2020-11-27 09:15:46 [ main:29099 ] - [ DEBUG ] org.apache.http.impl.conn.BasicClientConnectionManager.releaseConnection(BasicClientConnectionManager.java:221) Connection can be kept alive indefinitely
HTTP/1.1 200 OK
Server: nginx
Date: Fri, 27 Nov 2020 01:15:45 GMT
Content-Type: application/json; charset=UTF-8
Content-Length: 165
Connection: keep-alive
Error-Code: 0
Error-Msg: ok

{
    "errcode": 0,
    "errmsg": "ok",
    "department": [
        {
            "id": 33,
            "name": "testhome1234",
            "parentid": 1,
            "order": 100160000
        },
        {
            "id": 39,
            "name": "ningningCenterdd",
            "parentid": 33,
            "order": 0
        }
    ]
}
null
2020-11-27 09:15:46 [ main:29141 ] - [ INFO ] workweixin.Restful.getApiFromYaml(Restful.java:32) restful:Restful{url='https://qyapi.weixin.qq.com/cgi-bin/department/update', method='post', headers=null, query=null, body='null'}
2020-11-27 09:15:46 [ main:29206 ] - [ DEBUG ] com.jayway.jsonpath.internal.path.CompiledPath.evaluate(CompiledPath.java:47) Evaluating path: $['name']
2020-11-27 09:15:46 [ main:29217 ] - [ DEBUG ] com.jayway.jsonpath.internal.JsonContext.set(JsonContext.java:147) Set path $['name'] new value seveniruby_d21606439716020
2020-11-27 09:15:46 [ main:29271 ] - [ DEBUG ] com.jayway.jsonpath.internal.path.CompiledPath.evaluate(CompiledPath.java:47) Evaluating path: $['id']
2020-11-27 09:15:46 [ main:29275 ] - [ DEBUG ] com.jayway.jsonpath.internal.JsonContext.set(JsonContext.java:147) Set path $['id'] new value null
2020-11-27 09:15:46 [ main:29286 ] - [ INFO ] workweixin.Api.updateUrl(Api.java:175) 当前环境hosts:{qyapi.weixin.qq.com=qyapi.weixin.qq.com}
Request method:	POST
Request URI:	https://qyapi.weixin.qq.com/cgi-bin/department/update?access_token=TqasCuXIkbeHiJ47yLRoDXWmAeq_4pT_Tkv_KqxDih2pZUgiUEDEiYZB-Ixw-lBqL4emkDB5P8gmUmCGBO26yiD3yt4aYxTXbLnV-ZoDREkcNOjoG6sliCUciy5dRw2u7cbExzm22m8UHOt1edOesWKacRt7B0DvK0PzG35pdTUveYnxzL3EvUuMq4QO4bd4zBm-uiKpjWWukrnr6ULQ2A&access_token=TqasCuXIkbeHiJ47yLRoDXWmAeq_4pT_Tkv_KqxDih2pZUgiUEDEiYZB-Ixw-lBqL4emkDB5P8gmUmCGBO26yiD3yt4aYxTXbLnV-ZoDREkcNOjoG6sliCUciy5dRw2u7cbExzm22m8UHOt1edOesWKacRt7B0DvK0PzG35pdTUveYnxzL3EvUuMq4QO4bd4zBm-uiKpjWWukrnr6ULQ2A
Proxy:			<none>
Request params:	<none>
Query params:	access_token=[TqasCuXIkbeHiJ47yLRoDXWmAeq_4pT_Tkv_KqxDih2pZUgiUEDEiYZB-Ixw-lBqL4emkDB5P8gmUmCGBO26yiD3yt4aYxTXbLnV-ZoDREkcNOjoG6sliCUciy5dRw2u7cbExzm22m8UHOt1edOesWKacRt7B0DvK0PzG35pdTUveYnxzL3EvUuMq4QO4bd4zBm-uiKpjWWukrnr6ULQ2A, TqasCuXIkbeHiJ47yLRoDXWmAeq_4pT_Tkv_KqxDih2pZUgiUEDEiYZB-Ixw-lBqL4emkDB5P8gmUmCGBO26yiD3yt4aYxTXbLnV-ZoDREkcNOjoG6sliCUciy5dRw2u7cbExzm22m8UHOt1edOesWKacRt7B0DvK0PzG35pdTUveYnxzL3EvUuMq4QO4bd4zBm-uiKpjWWukrnr6ULQ2A]
Form params:	<none>
Path params:	<none>
Headers:		Host=qyapi.weixin.qq.com
				Accept=*/*
				Content-Type=application/json; charset=UTF-8
Cookies:		<none>
Multiparts:		<none>
Body:
{
    "id": "null",
    "name": "seveniruby_d21606439716020",
    "parentid": 33,
    "order": 1
}
Request method:	POST
Request URI:	https://qyapi.weixin.qq.com/cgi-bin/department/update?access_token=TqasCuXIkbeHiJ47yLRoDXWmAeq_4pT_Tkv_KqxDih2pZUgiUEDEiYZB-Ixw-lBqL4emkDB5P8gmUmCGBO26yiD3yt4aYxTXbLnV-ZoDREkcNOjoG6sliCUciy5dRw2u7cbExzm22m8UHOt1edOesWKacRt7B0DvK0PzG35pdTUveYnxzL3EvUuMq4QO4bd4zBm-uiKpjWWukrnr6ULQ2A&access_token=TqasCuXIkbeHiJ47yLRoDXWmAeq_4pT_Tkv_KqxDih2pZUgiUEDEiYZB-Ixw-lBqL4emkDB5P8gmUmCGBO26yiD3yt4aYxTXbLnV-ZoDREkcNOjoG6sliCUciy5dRw2u7cbExzm22m8UHOt1edOesWKacRt7B0DvK0PzG35pdTUveYnxzL3EvUuMq4QO4bd4zBm-uiKpjWWukrnr6ULQ2A
Proxy:			<none>
Request params:	<none>
Query params:	access_token=[TqasCuXIkbeHiJ47yLRoDXWmAeq_4pT_Tkv_KqxDih2pZUgiUEDEiYZB-Ixw-lBqL4emkDB5P8gmUmCGBO26yiD3yt4aYxTXbLnV-ZoDREkcNOjoG6sliCUciy5dRw2u7cbExzm22m8UHOt1edOesWKacRt7B0DvK0PzG35pdTUveYnxzL3EvUuMq4QO4bd4zBm-uiKpjWWukrnr6ULQ2A, TqasCuXIkbeHiJ47yLRoDXWmAeq_4pT_Tkv_KqxDih2pZUgiUEDEiYZB-Ixw-lBqL4emkDB5P8gmUmCGBO26yiD3yt4aYxTXbLnV-ZoDREkcNOjoG6sliCUciy5dRw2u7cbExzm22m8UHOt1edOesWKacRt7B0DvK0PzG35pdTUveYnxzL3EvUuMq4QO4bd4zBm-uiKpjWWukrnr6ULQ2A]
Form params:	<none>
Path params:	<none>
Headers:		Host=qyapi.weixin.qq.com
				Accept=*/*
				Content-Type=application/json; charset=UTF-8
Cookies:		<none>
Multiparts:		<none>
Body:
{
    "id": "null",
    "name": "seveniruby_d21606439716020",
    "parentid": 33,
    "order": 1
}
2020-11-27 09:15:46 [ main:29621 ] - [ DEBUG ] org.apache.http.impl.conn.BasicClientConnectionManager.getConnection(BasicClientConnectionManager.java:158) Get connection for route {s}->https://qyapi.weixin.qq.com
2020-11-27 09:15:46 [ main:29634 ] - [ DEBUG ] org.apache.http.impl.conn.DefaultClientConnectionOperator.openConnection(DefaultClientConnectionOperator.java:174) Connecting to qyapi.weixin.qq.com:443
2020-11-27 09:15:47 [ main:29843 ] - [ DEBUG ] org.apache.http.client.protocol.RequestAddCookies.process(RequestAddCookies.java:122) CookieSpec selected: ignoreCookies
2020-11-27 09:15:47 [ main:29849 ] - [ DEBUG ] org.apache.http.client.protocol.RequestAuthCache.process(RequestAuthCache.java:75) Auth cache not set in the context
2020-11-27 09:15:47 [ main:29853 ] - [ DEBUG ] org.apache.http.client.protocol.RequestTargetAuthentication.process(RequestTargetAuthentication.java:78) Target auth state: UNCHALLENGED
2020-11-27 09:15:47 [ main:29860 ] - [ DEBUG ] org.apache.http.client.protocol.RequestProxyAuthentication.process(RequestProxyAuthentication.java:87) Proxy auth state: UNCHALLENGED
2020-11-27 09:15:47 [ main:29924 ] - [ DEBUG ] org.apache.http.impl.client.DefaultRequestDirector.tryExecute(DefaultRequestDirector.java:683) Attempt 1 to execute request
2020-11-27 09:15:47 [ main:29931 ] - [ DEBUG ] org.apache.http.impl.conn.DefaultClientConnection.sendRequestHeader(DefaultClientConnection.java:268) Sending request: POST /cgi-bin/department/update?access_token=TqasCuXIkbeHiJ47yLRoDXWmAeq_4pT_Tkv_KqxDih2pZUgiUEDEiYZB-Ixw-lBqL4emkDB5P8gmUmCGBO26yiD3yt4aYxTXbLnV-ZoDREkcNOjoG6sliCUciy5dRw2u7cbExzm22m8UHOt1edOesWKacRt7B0DvK0PzG35pdTUveYnxzL3EvUuMq4QO4bd4zBm-uiKpjWWukrnr6ULQ2A&access_token=TqasCuXIkbeHiJ47yLRoDXWmAeq_4pT_Tkv_KqxDih2pZUgiUEDEiYZB-Ixw-lBqL4emkDB5P8gmUmCGBO26yiD3yt4aYxTXbLnV-ZoDREkcNOjoG6sliCUciy5dRw2u7cbExzm22m8UHOt1edOesWKacRt7B0DvK0PzG35pdTUveYnxzL3EvUuMq4QO4bd4zBm-uiKpjWWukrnr6ULQ2A HTTP/1.1
2020-11-27 09:15:47 [ main:29954 ] - [ DEBUG ] org.apache.http.impl.conn.Wire.wire(Wire.java:72)  >> "POST /cgi-bin/department/update?access_token=TqasCuXIkbeHiJ47yLRoDXWmAeq_4pT_Tkv_KqxDih2pZUgiUEDEiYZB-Ixw-lBqL4emkDB5P8gmUmCGBO26yiD3yt4aYxTXbLnV-ZoDREkcNOjoG6sliCUciy5dRw2u7cbExzm22m8UHOt1edOesWKacRt7B0DvK0PzG35pdTUveYnxzL3EvUuMq4QO4bd4zBm-uiKpjWWukrnr6ULQ2A&access_token=TqasCuXIkbeHiJ47yLRoDXWmAeq_4pT_Tkv_KqxDih2pZUgiUEDEiYZB-Ixw-lBqL4emkDB5P8gmUmCGBO26yiD3yt4aYxTXbLnV-ZoDREkcNOjoG6sliCUciy5dRw2u7cbExzm22m8UHOt1edOesWKacRt7B0DvK0PzG35pdTUveYnxzL3EvUuMq4QO4bd4zBm-uiKpjWWukrnr6ULQ2A HTTP/1.1[\r][\n]"
2020-11-27 09:15:47 [ main:30034 ] - [ DEBUG ] org.apache.http.impl.conn.Wire.wire(Wire.java:72)  >> "Accept: */*[\r][\n]"
2020-11-27 09:15:47 [ main:30044 ] - [ DEBUG ] org.apache.http.impl.conn.Wire.wire(Wire.java:72)  >> "Host: qyapi.weixin.qq.com[\r][\n]"
2020-11-27 09:15:47 [ main:30089 ] - [ DEBUG ] org.apache.http.impl.conn.Wire.wire(Wire.java:72)  >> "Content-Type: application/json; charset=UTF-8[\r][\n]"
2020-11-27 09:15:47 [ main:30093 ] - [ DEBUG ] org.apache.http.impl.conn.Wire.wire(Wire.java:72)  >> "Content-Length: 73[\r][\n]"
2020-11-27 09:15:47 [ main:30102 ] - [ DEBUG ] org.apache.http.impl.conn.Wire.wire(Wire.java:72)  >> "Connection: Keep-Alive[\r][\n]"
2020-11-27 09:15:47 [ main:30105 ] - [ DEBUG ] org.apache.http.impl.conn.Wire.wire(Wire.java:72)  >> "User-Agent: Apache-HttpClient/4.3.6 (java 1.5)[\r][\n]"
2020-11-27 09:15:47 [ main:30116 ] - [ DEBUG ] org.apache.http.impl.conn.Wire.wire(Wire.java:72)  >> "Accept-Encoding: gzip,deflate[\r][\n]"
2020-11-27 09:15:47 [ main:30140 ] - [ DEBUG ] org.apache.http.impl.conn.Wire.wire(Wire.java:72)  >> "[\r][\n]"
2020-11-27 09:15:47 [ main:30151 ] - [ DEBUG ] org.apache.http.impl.conn.DefaultClientConnection.sendRequestHeader(DefaultClientConnection.java:272) >> POST /cgi-bin/department/update?access_token=TqasCuXIkbeHiJ47yLRoDXWmAeq_4pT_Tkv_KqxDih2pZUgiUEDEiYZB-Ixw-lBqL4emkDB5P8gmUmCGBO26yiD3yt4aYxTXbLnV-ZoDREkcNOjoG6sliCUciy5dRw2u7cbExzm22m8UHOt1edOesWKacRt7B0DvK0PzG35pdTUveYnxzL3EvUuMq4QO4bd4zBm-uiKpjWWukrnr6ULQ2A&access_token=TqasCuXIkbeHiJ47yLRoDXWmAeq_4pT_Tkv_KqxDih2pZUgiUEDEiYZB-Ixw-lBqL4emkDB5P8gmUmCGBO26yiD3yt4aYxTXbLnV-ZoDREkcNOjoG6sliCUciy5dRw2u7cbExzm22m8UHOt1edOesWKacRt7B0DvK0PzG35pdTUveYnxzL3EvUuMq4QO4bd4zBm-uiKpjWWukrnr6ULQ2A HTTP/1.1
2020-11-27 09:15:47 [ main:30177 ] - [ DEBUG ] org.apache.http.impl.conn.DefaultClientConnection.sendRequestHeader(DefaultClientConnection.java:275) >> Accept: */*
2020-11-27 09:15:47 [ main:30218 ] - [ DEBUG ] org.apache.http.impl.conn.DefaultClientConnection.sendRequestHeader(DefaultClientConnection.java:275) >> Host: qyapi.weixin.qq.com
2020-11-27 09:15:47 [ main:30228 ] - [ DEBUG ] org.apache.http.impl.conn.DefaultClientConnection.sendRequestHeader(DefaultClientConnection.java:275) >> Content-Type: application/json; charset=UTF-8
2020-11-27 09:15:47 [ main:30233 ] - [ DEBUG ] org.apache.http.impl.conn.DefaultClientConnection.sendRequestHeader(DefaultClientConnection.java:275) >> Content-Length: 73
2020-11-27 09:15:47 [ main:30244 ] - [ DEBUG ] org.apache.http.impl.conn.DefaultClientConnection.sendRequestHeader(DefaultClientConnection.java:275) >> Connection: Keep-Alive
2020-11-27 09:15:47 [ main:30299 ] - [ DEBUG ] org.apache.http.impl.conn.DefaultClientConnection.sendRequestHeader(DefaultClientConnection.java:275) >> User-Agent: Apache-HttpClient/4.3.6 (java 1.5)
2020-11-27 09:15:47 [ main:30311 ] - [ DEBUG ] org.apache.http.impl.conn.DefaultClientConnection.sendRequestHeader(DefaultClientConnection.java:275) >> Accept-Encoding: gzip,deflate
2020-11-27 09:15:47 [ main:30319 ] - [ DEBUG ] org.apache.http.impl.conn.Wire.wire(Wire.java:86)  >> "{"id":"null","name":"seveniruby_d21606439716020","parentid":33,"order":1}"
2020-11-27 09:15:47 [ main:30438 ] - [ DEBUG ] org.apache.http.impl.conn.Wire.wire(Wire.java:72)  << "HTTP/1.1 200 OK[\r][\n]"
2020-11-27 09:15:47 [ main:30481 ] - [ DEBUG ] org.apache.http.impl.conn.Wire.wire(Wire.java:72)  << "Server: nginx[\r][\n]"
2020-11-27 09:15:47 [ main:30489 ] - [ DEBUG ] org.apache.http.impl.conn.Wire.wire(Wire.java:72)  << "Date: Fri, 27 Nov 2020 01:15:47 GMT[\r][\n]"
2020-11-27 09:15:47 [ main:30496 ] - [ DEBUG ] org.apache.http.impl.conn.Wire.wire(Wire.java:72)  << "Content-Type: application/json; charset=UTF-8[\r][\n]"
2020-11-27 09:15:47 [ main:30500 ] - [ DEBUG ] org.apache.http.impl.conn.Wire.wire(Wire.java:72)  << "Content-Length: 256[\r][\n]"
2020-11-27 09:15:47 [ main:30508 ] - [ DEBUG ] org.apache.http.impl.conn.Wire.wire(Wire.java:72)  << "Connection: keep-alive[\r][\n]"
2020-11-27 09:15:47 [ main:30511 ] - [ DEBUG ] org.apache.http.impl.conn.Wire.wire(Wire.java:72)  << "Error-Code: 60011[\r][\n]"
2020-11-27 09:15:47 [ main:30515 ] - [ DEBUG ] org.apache.http.impl.conn.Wire.wire(Wire.java:72)  << "Error-Msg: Warning: wrong json format. no privilege to access/modify contact/party/agent , hint: [1606439747_54_4e69ba146a127559ae6260ee0307477c], from ip: 58.247.101.198, more info at https://open.work.weixin.qq.com/devtool/query?e=60011[\r][\n]"
2020-11-27 09:15:47 [ main:30559 ] - [ DEBUG ] org.apache.http.impl.conn.Wire.wire(Wire.java:72)  << "[\r][\n]"
2020-11-27 09:15:47 [ main:30562 ] - [ DEBUG ] org.apache.http.impl.conn.DefaultClientConnection.receiveResponseHeader(DefaultClientConnection.java:253) Receiving response: HTTP/1.1 200 OK
2020-11-27 09:15:47 [ main:30569 ] - [ DEBUG ] org.apache.http.impl.conn.DefaultClientConnection.receiveResponseHeader(DefaultClientConnection.java:256) << HTTP/1.1 200 OK
2020-11-27 09:15:47 [ main:30581 ] - [ DEBUG ] org.apache.http.impl.conn.DefaultClientConnection.receiveResponseHeader(DefaultClientConnection.java:259) << Server: nginx
2020-11-27 09:15:47 [ main:30621 ] - [ DEBUG ] org.apache.http.impl.conn.DefaultClientConnection.receiveResponseHeader(DefaultClientConnection.java:259) << Date: Fri, 27 Nov 2020 01:15:47 GMT
2020-11-27 09:15:47 [ main:30627 ] - [ DEBUG ] org.apache.http.impl.conn.DefaultClientConnection.receiveResponseHeader(DefaultClientConnection.java:259) << Content-Type: application/json; charset=UTF-8
2020-11-27 09:15:47 [ main:30636 ] - [ DEBUG ] org.apache.http.impl.conn.DefaultClientConnection.receiveResponseHeader(DefaultClientConnection.java:259) << Content-Length: 256
2020-11-27 09:15:47 [ main:30699 ] - [ DEBUG ] org.apache.http.impl.conn.DefaultClientConnection.receiveResponseHeader(DefaultClientConnection.java:259) << Connection: keep-alive
2020-11-27 09:15:47 [ main:30704 ] - [ DEBUG ] org.apache.http.impl.conn.DefaultClientConnection.receiveResponseHeader(DefaultClientConnection.java:259) << Error-Code: 60011
2020-11-27 09:15:47 [ main:30711 ] - [ DEBUG ] org.apache.http.impl.conn.DefaultClientConnection.receiveResponseHeader(DefaultClientConnection.java:259) << Error-Msg: Warning: wrong json format. no privilege to access/modify contact/party/agent , hint: [1606439747_54_4e69ba146a127559ae6260ee0307477c], from ip: 58.247.101.198, more info at https://open.work.weixin.qq.com/devtool/query?e=60011
2020-11-27 09:15:47 [ main:30778 ] - [ DEBUG ] org.apache.http.impl.client.DefaultRequestDirector.execute(DefaultRequestDirector.java:510) Connection can be kept alive indefinitely
2020-11-27 09:15:47 [ main:30783 ] - [ DEBUG ] io.restassured.internal.http.HTTPBuilder.parseResponse(HTTPBuilder.java:544) Parsing response as: application/json; charset=UTF-8
2020-11-27 09:15:47 [ main:30790 ] - [ DEBUG ] io.restassured.internal.http.HTTPBuilder.parseResponse(HTTPBuilder.java:547) Parsed data to instance of: class org.apache.http.conn.EofSensorInputStream
2020-11-27 09:15:47 [ main:30801 ] - [ DEBUG ] org.apache.http.impl.conn.Wire.wire(Wire.java:86)  << "{"errcode":60011,"errmsg":"Warning: wrong json format. no privilege to access/modify contact/party/agent , hint: [1606439747_54_4e69ba146a127559ae6260ee0307477c], from ip: 58.247.101.198, more info at https://open.work.weixin.qq.com/devtool/query?e=60011"}"
2020-11-27 09:15:48 [ main:30835 ] - [ DEBUG ] org.apache.http.impl.conn.BasicClientConnectionManager.releaseConnection(BasicClientConnectionManager.java:196) Releasing connection org.apache.http.impl.conn.ManagedClientConnectionImpl@42db3ff
2020-11-27 09:15:48 [ main:30845 ] - [ DEBUG ] org.apache.http.impl.conn.BasicClientConnectionManager.releaseConnection(BasicClientConnectionManager.java:221) Connection can be kept alive indefinitely
HTTP/1.1 200 OK
Server: nginx
Date: Fri, 27 Nov 2020 01:15:47 GMT
Content-Type: application/json; charset=UTF-8
Content-Length: 256
Connection: keep-alive
Error-Code: 60011
Error-Msg: Warning: wrong json format. no privilege to access/modify contact/party/agent , hint: [1606439747_54_4e69ba146a127559ae6260ee0307477c], from ip: 58.247.101.198, more info at https://open.work.weixin.qq.com/devtool/query?e=60011

{
    "errcode": 60011,
    "errmsg": "Warning: wrong json format. no privilege to access/modify contact/party/agent , hint: [1606439747_54_4e69ba146a127559ae6260ee0307477c], from ip: 58.247.101.198, more info at https://open.work.weixin.qq.com/devtool/query?e=60011"
}
]]></system-out>
  </testcase>
  <testcase name="updateAll" classname="workweixin.DepartmentTest" time="0.004">
    <failure type="java.lang.NullPointerException">java.lang.NullPointerException
	at workweixin.DepartmentTest.updateAll(DepartmentTest.java:135)
</failure>
  </testcase>
  <testcase name="deleteAll" classname="workweixin.DepartmentTest" time="4.024"/>
  <testcase name="TestgetDefault" classname="utils.HTTPUtilTest" time="2.706"/>
  <testcase name="Testget" classname="utils.HTTPUtilTest" time="1.779"/>
  <testcase name="TestPost" classname="utils.HTTPUtilTest" time="2.036"/>
  <testcase name="TestPostMap" classname="utils.HTTPUtilTest" time="1.991"/>
  <testcase name="TestPut" classname="utils.HTTPUtilTest" time="2.124"/>
  <testcase name="deleteApiTest" classname="utils.HTTPUtilTest" time="1.963"/>
  <testcase name="testToken" classname="work.WeWorkTest" time="0.688"/>
  <testcase name="TestGetToken" classname="work.WeWorkTest" time="0.014"/>
  <testcase name="TestgetToken" classname="work.WeWorkTest" time="0.014"/>
  <testcase name="TestLoad" classname="work.WeworkConfigTest" time="0.041"/>
  <testcase name="getInstance" classname="work.WeworkConfigTest" time="0.006"/>
</testsuite>